[2025-09-02 10:56:09.117 +03:00  INF]  User profile is available. Using 'C:\Users\Pro\AppData\Local\ASP.NET\DataProtection-Keys' as key repository and Windows DPAPI to encrypt keys at rest.
[2025-09-02 10:56:09.966 +03:00  INF]  Now listening on: https://localhost:7045
[2025-09-02 10:56:09.967 +03:00  INF]  Now listening on: http://localhost:5124
[2025-09-02 10:56:11.424 +03:00  INF]  Application started. Press Ctrl+C to shut down.
[2025-09-02 10:56:11.424 +03:00  INF]  Hosting environment: Development
[2025-09-02 10:56:11.425 +03:00  INF]  Content root path: D:\horizen\api\ITravel_App\ITravel_App
[2025-09-02 10:56:11.859 +03:00  INF]  Request starting HTTP/2 GET https://localhost:7045/swagger/index.html - null null
[2025-09-02 10:56:12.607 +03:00  INF]  Request finished HTTP/2 GET https://localhost:7045/swagger/index.html - 200 null text/html;charset=utf-8 770.9056ms
[2025-09-02 10:56:12.690 +03:00  INF]  Request starting HTTP/2 GET https://localhost:7045/_framework/aspnetcore-browser-refresh.js - null null
[2025-09-02 10:56:12.699 +03:00  INF]  Request starting HTTP/2 GET https://localhost:7045/_vs/browserLink - null null
[2025-09-02 10:56:12.703 +03:00  INF]  Request finished HTTP/2 GET https://localhost:7045/_framework/aspnetcore-browser-refresh.js - 200 16507 application/javascript; charset=utf-8 16.3988ms
[2025-09-02 10:56:13.057 +03:00  INF]  Request finished HTTP/2 GET https://localhost:7045/_vs/browserLink - 200 null text/javascript; charset=UTF-8 357.4018ms
[2025-09-02 10:56:13.269 +03:00  INF]  Request starting HTTP/2 GET https://localhost:7045/swagger/v1/swagger.json - null null
[2025-09-02 10:56:13.372 +03:00  INF]  Request finished HTTP/2 GET https://localhost:7045/swagger/v1/swagger.json - 200 null application/json;charset=utf-8 103.5634ms
[2025-09-02 10:57:59.166 +03:00  INF]  Request starting HTTP/2 POST https://localhost:7045/api/TravelAdmin/GetTrip_Mains?destination_id=0&trip_type=0 - null 0
[2025-09-02 10:58:00.685 +03:00  INF]  CORS policy execution successful.
[2025-09-02 10:58:00.688 +03:00  INF]  Executing endpoint 'ITravel_App.Controllers.TravelAdminController.GetTrip_Mains (ITravel_App)'
[2025-09-02 10:58:00.733 +03:00  INF]  Route matched with {action = "GetTrip_Mains", controller = "TravelAdmin"}. Executing controller action with signature System.Threading.Tasks.Task`1[Microsoft.AspNetCore.Mvc.IActionResult] GetTrip_Mains(Int32, Int32) on controller ITravel_App.Controllers.TravelAdminController (ITravel_App).
[2025-09-02 10:58:03.487 +03:00  INF]  Executed DbCommand (29ms) [Parameters=[], CommandType='"Text"', CommandTimeout='30']
SELECT t.destination_id, t.active, t.id, t.pickup, t.route, t.show_in_slider, t.show_in_top, t.trip_code, t.trip_default_name, t.trip_duration, d.country_code, d.dest_code, d.dest_default_name, t.trip_type, t.transfer_category_id
FROM trip_main AS t
INNER JOIN destination_main AS d ON t.destination_id = d.id
WHERE t.trip_type = t.trip_type OR t.trip_type IS NULL
ORDER BY t.id
[2025-09-02 10:58:03.521 +03:00  INF]  Executing OkObjectResult, writing value of type 'System.Collections.Generic.List`1[[ITravelApp.Data.Models.trips.TripMainCast, ITravelApp.Data, Version=1.0.0.0, Culture=neutral, PublicKeyToken=null]]'.
[2025-09-02 10:58:03.546 +03:00  INF]  Executed action ITravel_App.Controllers.TravelAdminController.GetTrip_Mains (ITravel_App) in 2806.4033ms
[2025-09-02 10:58:03.547 +03:00  INF]  Executed endpoint 'ITravel_App.Controllers.TravelAdminController.GetTrip_Mains (ITravel_App)'
[2025-09-02 10:58:03.567 +03:00  INF]  Request finished HTTP/2 POST https://localhost:7045/api/TravelAdmin/GetTrip_Mains?destination_id=0&trip_type=0 - 200 null application/json; charset=utf-8 4400.6613ms
[2025-09-02 15:40:41.546 +03:00  INF]  User profile is available. Using 'C:\Users\Pro\AppData\Local\ASP.NET\DataProtection-Keys' as key repository and Windows DPAPI to encrypt keys at rest.
[2025-09-02 15:40:44.191 +03:00  INF]  Now listening on: https://localhost:7045
[2025-09-02 15:40:44.192 +03:00  INF]  Now listening on: http://localhost:5124
[2025-09-02 15:40:44.500 +03:00  INF]  Application started. Press Ctrl+C to shut down.
[2025-09-02 15:40:44.503 +03:00  INF]  Hosting environment: Development
[2025-09-02 15:40:44.504 +03:00  INF]  Content root path: D:\horizen\api\ITravel_App\ITravel_App
[2025-09-02 15:40:44.708 +03:00  INF]  Request starting HTTP/2 GET https://localhost:7045/swagger/index.html - null null
[2025-09-02 15:40:47.175 +03:00  INF]  Request finished HTTP/2 GET https://localhost:7045/swagger/index.html - 200 null text/html;charset=utf-8 2484.9363ms
[2025-09-02 15:40:52.311 +03:00  INF]  Request starting HTTP/2 GET https://localhost:7045/_framework/aspnetcore-browser-refresh.js - null null
[2025-09-02 15:40:52.435 +03:00  INF]  Request finished HTTP/2 GET https://localhost:7045/_framework/aspnetcore-browser-refresh.js - 200 16507 application/javascript; charset=utf-8 124.0408ms
[2025-09-02 15:40:56.200 +03:00  INF]  Request starting HTTP/2 GET https://localhost:7045/_vs/browserLink - null null
[2025-09-02 15:40:56.308 +03:00  INF]  Request finished HTTP/2 GET https://localhost:7045/_vs/browserLink - 200 null text/javascript; charset=UTF-8 108.3577ms
[2025-09-02 15:40:59.614 +03:00  INF]  Request starting HTTP/2 GET https://localhost:7045/swagger/v1/swagger.json - null null
[2025-09-02 15:40:59.694 +03:00  INF]  Request finished HTTP/2 GET https://localhost:7045/swagger/v1/swagger.json - 200 null application/json;charset=utf-8 79.582ms
[2025-09-02 15:41:51.391 +03:00  INF]  Request starting HTTP/2 OPTIONS https://localhost:7045/api/TravelAdmin/SaveTransferCategory - null null
[2025-09-02 15:41:51.716 +03:00  INF]  CORS policy execution successful.
[2025-09-02 15:41:51.719 +03:00  INF]  Request finished HTTP/2 OPTIONS https://localhost:7045/api/TravelAdmin/SaveTransferCategory - 204 null null 328.6499ms
[2025-09-02 15:41:51.760 +03:00  INF]  Request starting HTTP/2 POST https://localhost:7045/api/TravelAdmin/SaveTransferCategory - application/json 165
[2025-09-02 15:41:52.060 +03:00  INF]  Failed to validate the token.
Microsoft.IdentityModel.Tokens.SecurityTokenExpiredException: IDX10223: Lifetime validation failed. The token is expired. ValidTo (UTC): '9/2/2025 8:31:29 AM', Current time (UTC): '9/2/2025 12:41:52 PM'.
   at Microsoft.IdentityModel.Tokens.Validators.ValidateLifetime(Nullable`1 notBefore, Nullable`1 expires, SecurityToken securityToken, TokenValidationParameters validationParameters)
   at Microsoft.IdentityModel.JsonWebTokens.JsonWebTokenHandler.ValidateTokenPayloadAsync(JsonWebToken jsonWebToken, TokenValidationParameters validationParameters, BaseConfiguration configuration)
   at Microsoft.IdentityModel.JsonWebTokens.JsonWebTokenHandler.ValidateJWSAsync(JsonWebToken jsonWebToken, TokenValidationParameters validationParameters, BaseConfiguration configuration)
[2025-09-02 15:41:52.107 +03:00  INF]  Bearer was not authenticated. Failure message: IDX10223: Lifetime validation failed. The token is expired. ValidTo (UTC): '9/2/2025 8:31:29 AM', Current time (UTC): '9/2/2025 12:41:52 PM'.
[2025-09-02 15:41:52.128 +03:00  INF]  CORS policy execution successful.
[2025-09-02 15:41:52.135 +03:00  INF]  Executing endpoint 'ITravel_App.Controllers.TravelAdminController.SaveTransferCategory (ITravel_App)'
[2025-09-02 15:41:52.197 +03:00  INF]  Route matched with {action = "SaveTransferCategory", controller = "TravelAdmin"}. Executing controller action with signature Microsoft.AspNetCore.Mvc.IActionResult SaveTransferCategory(ITravelApp.Data.Models.Transfer.TransferCategorySaveReq) on controller ITravel_App.Controllers.TravelAdminController (ITravel_App).
[2025-09-02 15:41:56.272 +03:00  INF]  Executed DbCommand (168ms) [Parameters=[@__transfer_category_name_0='?', @__transfer_category_code_1='?'], CommandType='"Text"', CommandTimeout='30']
SELECT t.id, t.category_code, t.category_name, t.created_at, t.created_by, t.currency_code, t.max_capacity, t.max_price, t.min_capacity, t.min_price, t.updated_at
FROM transfer_category AS t
WHERE t.category_name = @__transfer_category_name_0 AND t.category_code = @__transfer_category_code_1
LIMIT 2
[2025-09-02 15:41:56.402 +03:00  INF]  Executed DbCommand (4ms) [Parameters=[], CommandType='"Text"', CommandTimeout='30']
SELECT count(*)::int
FROM transfer_category AS t
[2025-09-02 15:41:56.879 +03:00  INF]  Executed DbCommand (22ms) [Parameters=[@p0='?' (DbType = Int32), @p1='?', @p2='?', @p3='?', @p4='?', @p5='?' (DbType = Int32), @p6='?' (DbType = Decimal), @p7='?' (DbType = Int32), @p8='?' (DbType = Decimal)], CommandType='"Text"', CommandTimeout='30']
INSERT INTO transfer_category (id, category_code, category_name, created_by, currency_code, max_capacity, max_price, min_capacity, min_price)
VALUES (@p0, @p1, @p2, @p3, @p4, @p5, @p6, @p7, @p8)
RETURNING created_at, updated_at;
[2025-09-02 15:41:56.958 +03:00  INF]  Executing OkObjectResult, writing value of type 'ITravelApp.Data.Models.ResponseCls'.
[2025-09-02 15:41:56.989 +03:00  INF]  Executed action ITravel_App.Controllers.TravelAdminController.SaveTransferCategory (ITravel_App) in 4776.1061ms
[2025-09-02 15:41:56.989 +03:00  INF]  Executed endpoint 'ITravel_App.Controllers.TravelAdminController.SaveTransferCategory (ITravel_App)'
[2025-09-02 15:41:57.014 +03:00  INF]  Request starting HTTP/2 OPTIONS https://localhost:7045/api/TravelAdmin/GetTransfer_Categories - null null
[2025-09-02 15:41:57.015 +03:00  INF]  Request finished HTTP/2 POST https://localhost:7045/api/TravelAdmin/SaveTransferCategory - 200 null application/json; charset=utf-8 5255.3312ms
[2025-09-02 15:41:57.024 +03:00  INF]  CORS policy execution successful.
[2025-09-02 15:41:57.024 +03:00  INF]  Request finished HTTP/2 OPTIONS https://localhost:7045/api/TravelAdmin/GetTransfer_Categories - 204 null null 9.9645ms
[2025-09-02 15:41:57.033 +03:00  INF]  Request starting HTTP/2 POST https://localhost:7045/api/TravelAdmin/GetTransfer_Categories - null 0
[2025-09-02 15:41:57.035 +03:00  INF]  Failed to validate the token.
Microsoft.IdentityModel.Tokens.SecurityTokenExpiredException: IDX10223: Lifetime validation failed. The token is expired. ValidTo (UTC): '9/2/2025 8:31:29 AM', Current time (UTC): '9/2/2025 12:41:57 PM'.
   at Microsoft.IdentityModel.Tokens.Validators.ValidateLifetime(Nullable`1 notBefore, Nullable`1 expires, SecurityToken securityToken, TokenValidationParameters validationParameters)
   at Microsoft.IdentityModel.JsonWebTokens.JsonWebTokenHandler.ValidateTokenPayloadAsync(JsonWebToken jsonWebToken, TokenValidationParameters validationParameters, BaseConfiguration configuration)
   at Microsoft.IdentityModel.JsonWebTokens.JsonWebTokenHandler.ValidateJWSAsync(JsonWebToken jsonWebToken, TokenValidationParameters validationParameters, BaseConfiguration configuration)
[2025-09-02 15:41:57.036 +03:00  INF]  Bearer was not authenticated. Failure message: IDX10223: Lifetime validation failed. The token is expired. ValidTo (UTC): '9/2/2025 8:31:29 AM', Current time (UTC): '9/2/2025 12:41:57 PM'.
[2025-09-02 15:41:57.036 +03:00  INF]  CORS policy execution successful.
[2025-09-02 15:41:57.036 +03:00  INF]  Executing endpoint 'ITravel_App.Controllers.TravelAdminController.GetTransfer_Categories (ITravel_App)'
[2025-09-02 15:41:57.048 +03:00  INF]  Route matched with {action = "GetTransfer_Categories", controller = "TravelAdmin"}. Executing controller action with signature System.Threading.Tasks.Task`1[Microsoft.AspNetCore.Mvc.IActionResult] GetTransfer_Categories() on controller ITravel_App.Controllers.TravelAdminController (ITravel_App).
[2025-09-02 15:41:57.192 +03:00  INF]  Executed DbCommand (24ms) [Parameters=[], CommandType='"Text"', CommandTimeout='30']
SELECT t.id, t.category_code, t.category_name, t.created_at, t.created_by, t.currency_code, t.max_capacity, t.max_price, t.min_capacity, t.min_price, t.updated_at
FROM transfer_category AS t
[2025-09-02 15:41:57.281 +03:00  INF]  Executing OkObjectResult, writing value of type 'System.Collections.Generic.List`1[[ITravelApp.Data.Entities.transfer_category, ITravelApp.Data, Version=1.0.0.0, Culture=neutral, PublicKeyToken=null]]'.
[2025-09-02 15:41:57.300 +03:00  INF]  Executed action ITravel_App.Controllers.TravelAdminController.GetTransfer_Categories (ITravel_App) in 250.974ms
[2025-09-02 15:41:57.300 +03:00  INF]  Executed endpoint 'ITravel_App.Controllers.TravelAdminController.GetTransfer_Categories (ITravel_App)'
[2025-09-02 15:41:57.303 +03:00  INF]  Request finished HTTP/2 POST https://localhost:7045/api/TravelAdmin/GetTransfer_Categories - 200 null application/json; charset=utf-8 271.1186ms
[2025-09-02 15:42:15.830 +03:00  INF]  Request starting HTTP/2 OPTIONS https://localhost:7045/api/TravelAdmin/SaveTransferCategory - null null
[2025-09-02 15:42:15.831 +03:00  INF]  CORS policy execution successful.
[2025-09-02 15:42:15.831 +03:00  INF]  Request finished HTTP/2 OPTIONS https://localhost:7045/api/TravelAdmin/SaveTransferCategory - 204 null null 1.1131ms
[2025-09-02 15:42:15.837 +03:00  INF]  Request starting HTTP/2 POST https://localhost:7045/api/TravelAdmin/SaveTransferCategory - application/json 159
[2025-09-02 15:42:15.839 +03:00  INF]  Failed to validate the token.
Microsoft.IdentityModel.Tokens.SecurityTokenExpiredException: IDX10223: Lifetime validation failed. The token is expired. ValidTo (UTC): '9/2/2025 8:31:29 AM', Current time (UTC): '9/2/2025 12:42:15 PM'.
   at Microsoft.IdentityModel.Tokens.Validators.ValidateLifetime(Nullable`1 notBefore, Nullable`1 expires, SecurityToken securityToken, TokenValidationParameters validationParameters)
   at Microsoft.IdentityModel.JsonWebTokens.JsonWebTokenHandler.ValidateTokenPayloadAsync(JsonWebToken jsonWebToken, TokenValidationParameters validationParameters, BaseConfiguration configuration)
   at Microsoft.IdentityModel.JsonWebTokens.JsonWebTokenHandler.ValidateJWSAsync(JsonWebToken jsonWebToken, TokenValidationParameters validationParameters, BaseConfiguration configuration)
[2025-09-02 15:42:15.840 +03:00  INF]  Bearer was not authenticated. Failure message: IDX10223: Lifetime validation failed. The token is expired. ValidTo (UTC): '9/2/2025 8:31:29 AM', Current time (UTC): '9/2/2025 12:42:15 PM'.
[2025-09-02 15:42:15.840 +03:00  INF]  CORS policy execution successful.
[2025-09-02 15:42:15.840 +03:00  INF]  Executing endpoint 'ITravel_App.Controllers.TravelAdminController.SaveTransferCategory (ITravel_App)'
[2025-09-02 15:42:15.840 +03:00  INF]  Route matched with {action = "SaveTransferCategory", controller = "TravelAdmin"}. Executing controller action with signature Microsoft.AspNetCore.Mvc.IActionResult SaveTransferCategory(ITravelApp.Data.Models.Transfer.TransferCategorySaveReq) on controller ITravel_App.Controllers.TravelAdminController (ITravel_App).
[2025-09-02 15:42:16.081 +03:00  INF]  Executed DbCommand (4ms) [Parameters=[@p10='?' (DbType = Int32), @p0='?', @p1='?', @p2='?' (DbType = DateTime2), @p3='?', @p4='?', @p5='?' (DbType = Int32), @p6='?' (DbType = Decimal), @p7='?' (DbType = Int32), @p8='?' (DbType = Decimal), @p9='?' (DbType = DateTime2)], CommandType='"Text"', CommandTimeout='30']
UPDATE transfer_category SET category_code = @p0, category_name = @p1, created_at = @p2, created_by = @p3, currency_code = @p4, max_capacity = @p5, max_price = @p6, min_capacity = @p7, min_price = @p8, updated_at = @p9
WHERE id = @p10;
[2025-09-02 15:42:16.082 +03:00  INF]  Executing OkObjectResult, writing value of type 'ITravelApp.Data.Models.ResponseCls'.
[2025-09-02 15:42:16.083 +03:00  INF]  Executed action ITravel_App.Controllers.TravelAdminController.SaveTransferCategory (ITravel_App) in 242.3942ms
[2025-09-02 15:42:16.083 +03:00  INF]  Executed endpoint 'ITravel_App.Controllers.TravelAdminController.SaveTransferCategory (ITravel_App)'
[2025-09-02 15:42:16.083 +03:00  INF]  Request finished HTTP/2 POST https://localhost:7045/api/TravelAdmin/SaveTransferCategory - 200 null application/json; charset=utf-8 245.5852ms
[2025-09-02 15:42:16.102 +03:00  INF]  Request starting HTTP/2 OPTIONS https://localhost:7045/api/TravelAdmin/GetTransfer_Categories - null null
[2025-09-02 15:42:16.103 +03:00  INF]  CORS policy execution successful.
[2025-09-02 15:42:16.103 +03:00  INF]  Request finished HTTP/2 OPTIONS https://localhost:7045/api/TravelAdmin/GetTransfer_Categories - 204 null null 0.7335ms
[2025-09-02 15:42:16.106 +03:00  INF]  Request starting HTTP/2 POST https://localhost:7045/api/TravelAdmin/GetTransfer_Categories - null 0
[2025-09-02 15:42:16.109 +03:00  INF]  Failed to validate the token.
Microsoft.IdentityModel.Tokens.SecurityTokenExpiredException: IDX10223: Lifetime validation failed. The token is expired. ValidTo (UTC): '9/2/2025 8:31:29 AM', Current time (UTC): '9/2/2025 12:42:16 PM'.
   at Microsoft.IdentityModel.Tokens.Validators.ValidateLifetime(Nullable`1 notBefore, Nullable`1 expires, SecurityToken securityToken, TokenValidationParameters validationParameters)
   at Microsoft.IdentityModel.JsonWebTokens.JsonWebTokenHandler.ValidateTokenPayloadAsync(JsonWebToken jsonWebToken, TokenValidationParameters validationParameters, BaseConfiguration configuration)
   at Microsoft.IdentityModel.JsonWebTokens.JsonWebTokenHandler.ValidateJWSAsync(JsonWebToken jsonWebToken, TokenValidationParameters validationParameters, BaseConfiguration configuration)
[2025-09-02 15:42:16.109 +03:00  INF]  Bearer was not authenticated. Failure message: IDX10223: Lifetime validation failed. The token is expired. ValidTo (UTC): '9/2/2025 8:31:29 AM', Current time (UTC): '9/2/2025 12:42:16 PM'.
[2025-09-02 15:42:16.110 +03:00  INF]  CORS policy execution successful.
[2025-09-02 15:42:16.110 +03:00  INF]  Executing endpoint 'ITravel_App.Controllers.TravelAdminController.GetTransfer_Categories (ITravel_App)'
[2025-09-02 15:42:16.111 +03:00  INF]  Route matched with {action = "GetTransfer_Categories", controller = "TravelAdmin"}. Executing controller action with signature System.Threading.Tasks.Task`1[Microsoft.AspNetCore.Mvc.IActionResult] GetTransfer_Categories() on controller ITravel_App.Controllers.TravelAdminController (ITravel_App).
[2025-09-02 15:42:16.128 +03:00  INF]  Executed DbCommand (3ms) [Parameters=[], CommandType='"Text"', CommandTimeout='30']
SELECT t.id, t.category_code, t.category_name, t.created_at, t.created_by, t.currency_code, t.max_capacity, t.max_price, t.min_capacity, t.min_price, t.updated_at
FROM transfer_category AS t
[2025-09-02 15:42:16.131 +03:00  INF]  Executing OkObjectResult, writing value of type 'System.Collections.Generic.List`1[[ITravelApp.Data.Entities.transfer_category, ITravelApp.Data, Version=1.0.0.0, Culture=neutral, PublicKeyToken=null]]'.
[2025-09-02 15:42:16.131 +03:00  INF]  Executed action ITravel_App.Controllers.TravelAdminController.GetTransfer_Categories (ITravel_App) in 20.2652ms
[2025-09-02 15:42:16.132 +03:00  INF]  Executed endpoint 'ITravel_App.Controllers.TravelAdminController.GetTransfer_Categories (ITravel_App)'
[2025-09-02 15:42:16.141 +03:00  INF]  Request finished HTTP/2 POST https://localhost:7045/api/TravelAdmin/GetTransfer_Categories - 200 null application/json; charset=utf-8 35.527ms
[2025-09-02 15:42:53.882 +03:00  INF]  Request starting HTTP/2 OPTIONS https://localhost:7045/api/TravelAdmin/SaveTransferCategory - null null
[2025-09-02 15:42:53.882 +03:00  INF]  CORS policy execution successful.
[2025-09-02 15:42:53.883 +03:00  INF]  Request finished HTTP/2 OPTIONS https://localhost:7045/api/TravelAdmin/SaveTransferCategory - 204 null null 0.8627ms
[2025-09-02 15:42:53.885 +03:00  INF]  Request starting HTTP/2 POST https://localhost:7045/api/TravelAdmin/SaveTransferCategory - application/json 167
[2025-09-02 15:42:53.886 +03:00  INF]  Failed to validate the token.
Microsoft.IdentityModel.Tokens.SecurityTokenExpiredException: IDX10223: Lifetime validation failed. The token is expired. ValidTo (UTC): '9/2/2025 8:31:29 AM', Current time (UTC): '9/2/2025 12:42:53 PM'.
   at Microsoft.IdentityModel.Tokens.Validators.ValidateLifetime(Nullable`1 notBefore, Nullable`1 expires, SecurityToken securityToken, TokenValidationParameters validationParameters)
   at Microsoft.IdentityModel.JsonWebTokens.JsonWebTokenHandler.ValidateTokenPayloadAsync(JsonWebToken jsonWebToken, TokenValidationParameters validationParameters, BaseConfiguration configuration)
   at Microsoft.IdentityModel.JsonWebTokens.JsonWebTokenHandler.ValidateJWSAsync(JsonWebToken jsonWebToken, TokenValidationParameters validationParameters, BaseConfiguration configuration)
[2025-09-02 15:42:53.887 +03:00  INF]  Bearer was not authenticated. Failure message: IDX10223: Lifetime validation failed. The token is expired. ValidTo (UTC): '9/2/2025 8:31:29 AM', Current time (UTC): '9/2/2025 12:42:53 PM'.
[2025-09-02 15:42:53.887 +03:00  INF]  CORS policy execution successful.
[2025-09-02 15:42:53.887 +03:00  INF]  Executing endpoint 'ITravel_App.Controllers.TravelAdminController.SaveTransferCategory (ITravel_App)'
[2025-09-02 15:42:53.887 +03:00  INF]  Route matched with {action = "SaveTransferCategory", controller = "TravelAdmin"}. Executing controller action with signature Microsoft.AspNetCore.Mvc.IActionResult SaveTransferCategory(ITravelApp.Data.Models.Transfer.TransferCategorySaveReq) on controller ITravel_App.Controllers.TravelAdminController (ITravel_App).
[2025-09-02 15:42:53.904 +03:00  INF]  Executed DbCommand (1ms) [Parameters=[@__transfer_category_name_0='?', @__transfer_category_code_1='?'], CommandType='"Text"', CommandTimeout='30']
SELECT t.id, t.category_code, t.category_name, t.created_at, t.created_by, t.currency_code, t.max_capacity, t.max_price, t.min_capacity, t.min_price, t.updated_at
FROM transfer_category AS t
WHERE t.category_name = @__transfer_category_name_0 AND t.category_code = @__transfer_category_code_1
LIMIT 2
[2025-09-02 15:42:53.906 +03:00  INF]  Executed DbCommand (0ms) [Parameters=[], CommandType='"Text"', CommandTimeout='30']
SELECT count(*)::int
FROM transfer_category AS t
[2025-09-02 15:42:53.937 +03:00  INF]  Executed DbCommand (3ms) [Parameters=[], CommandType='"Text"', CommandTimeout='30']
SELECT max(t.id)
FROM transfer_category AS t
[2025-09-02 15:42:53.940 +03:00  INF]  Executed DbCommand (1ms) [Parameters=[@p0='?' (DbType = Int32), @p1='?', @p2='?', @p3='?', @p4='?', @p5='?' (DbType = Int32), @p6='?' (DbType = Decimal), @p7='?' (DbType = Int32), @p8='?' (DbType = Decimal)], CommandType='"Text"', CommandTimeout='30']
INSERT INTO transfer_category (id, category_code, category_name, created_by, currency_code, max_capacity, max_price, min_capacity, min_price)
VALUES (@p0, @p1, @p2, @p3, @p4, @p5, @p6, @p7, @p8)
RETURNING created_at, updated_at;
[2025-09-02 15:42:53.941 +03:00  INF]  Executing OkObjectResult, writing value of type 'ITravelApp.Data.Models.ResponseCls'.
[2025-09-02 15:42:53.942 +03:00  INF]  Executed action ITravel_App.Controllers.TravelAdminController.SaveTransferCategory (ITravel_App) in 54.4276ms
[2025-09-02 15:42:53.942 +03:00  INF]  Executed endpoint 'ITravel_App.Controllers.TravelAdminController.SaveTransferCategory (ITravel_App)'
[2025-09-02 15:42:53.942 +03:00  INF]  Request finished HTTP/2 POST https://localhost:7045/api/TravelAdmin/SaveTransferCategory - 200 null application/json; charset=utf-8 57.2143ms
[2025-09-02 15:42:53.956 +03:00  INF]  Request starting HTTP/2 OPTIONS https://localhost:7045/api/TravelAdmin/GetTransfer_Categories - null null
[2025-09-02 15:42:53.957 +03:00  INF]  CORS policy execution successful.
[2025-09-02 15:42:53.957 +03:00  INF]  Request finished HTTP/2 OPTIONS https://localhost:7045/api/TravelAdmin/GetTransfer_Categories - 204 null null 0.8815ms
[2025-09-02 15:42:53.959 +03:00  INF]  Request starting HTTP/2 POST https://localhost:7045/api/TravelAdmin/GetTransfer_Categories - null 0
[2025-09-02 15:42:53.959 +03:00  INF]  Failed to validate the token.
Microsoft.IdentityModel.Tokens.SecurityTokenExpiredException: IDX10223: Lifetime validation failed. The token is expired. ValidTo (UTC): '9/2/2025 8:31:29 AM', Current time (UTC): '9/2/2025 12:42:53 PM'.
   at Microsoft.IdentityModel.Tokens.Validators.ValidateLifetime(Nullable`1 notBefore, Nullable`1 expires, SecurityToken securityToken, TokenValidationParameters validationParameters)
   at Microsoft.IdentityModel.JsonWebTokens.JsonWebTokenHandler.ValidateTokenPayloadAsync(JsonWebToken jsonWebToken, TokenValidationParameters validationParameters, BaseConfiguration configuration)
   at Microsoft.IdentityModel.JsonWebTokens.JsonWebTokenHandler.ValidateJWSAsync(JsonWebToken jsonWebToken, TokenValidationParameters validationParameters, BaseConfiguration configuration)
[2025-09-02 15:42:53.960 +03:00  INF]  Bearer was not authenticated. Failure message: IDX10223: Lifetime validation failed. The token is expired. ValidTo (UTC): '9/2/2025 8:31:29 AM', Current time (UTC): '9/2/2025 12:42:53 PM'.
[2025-09-02 15:42:53.960 +03:00  INF]  CORS policy execution successful.
[2025-09-02 15:42:53.960 +03:00  INF]  Executing endpoint 'ITravel_App.Controllers.TravelAdminController.GetTransfer_Categories (ITravel_App)'
[2025-09-02 15:42:53.960 +03:00  INF]  Route matched with {action = "GetTransfer_Categories", controller = "TravelAdmin"}. Executing controller action with signature System.Threading.Tasks.Task`1[Microsoft.AspNetCore.Mvc.IActionResult] GetTransfer_Categories() on controller ITravel_App.Controllers.TravelAdminController (ITravel_App).
[2025-09-02 15:42:53.976 +03:00  INF]  Executed DbCommand (12ms) [Parameters=[], CommandType='"Text"', CommandTimeout='30']
SELECT t.id, t.category_code, t.category_name, t.created_at, t.created_by, t.currency_code, t.max_capacity, t.max_price, t.min_capacity, t.min_price, t.updated_at
FROM transfer_category AS t
[2025-09-02 15:42:53.983 +03:00  INF]  Executing OkObjectResult, writing value of type 'System.Collections.Generic.List`1[[ITravelApp.Data.Entities.transfer_category, ITravelApp.Data, Version=1.0.0.0, Culture=neutral, PublicKeyToken=null]]'.
[2025-09-02 15:42:53.983 +03:00  INF]  Executed action ITravel_App.Controllers.TravelAdminController.GetTransfer_Categories (ITravel_App) in 23.0213ms
[2025-09-02 15:42:53.984 +03:00  INF]  Executed endpoint 'ITravel_App.Controllers.TravelAdminController.GetTransfer_Categories (ITravel_App)'
[2025-09-02 15:42:53.984 +03:00  INF]  Request finished HTTP/2 POST https://localhost:7045/api/TravelAdmin/GetTransfer_Categories - 200 null application/json; charset=utf-8 25.6042ms
[2025-09-02 15:43:41.238 +03:00  INF]  Request starting HTTP/2 OPTIONS https://localhost:7045/api/TravelAdmin/SaveTransferCategory - null null
[2025-09-02 15:43:41.238 +03:00  INF]  CORS policy execution successful.
[2025-09-02 15:43:41.239 +03:00  INF]  Request finished HTTP/2 OPTIONS https://localhost:7045/api/TravelAdmin/SaveTransferCategory - 204 null null 1.8659ms
[2025-09-02 15:43:41.246 +03:00  INF]  Request starting HTTP/2 POST https://localhost:7045/api/TravelAdmin/SaveTransferCategory - application/json 158
[2025-09-02 15:43:41.260 +03:00  INF]  Failed to validate the token.
Microsoft.IdentityModel.Tokens.SecurityTokenExpiredException: IDX10223: Lifetime validation failed. The token is expired. ValidTo (UTC): '9/2/2025 8:31:29 AM', Current time (UTC): '9/2/2025 12:43:41 PM'.
   at Microsoft.IdentityModel.Tokens.Validators.ValidateLifetime(Nullable`1 notBefore, Nullable`1 expires, SecurityToken securityToken, TokenValidationParameters validationParameters)
   at Microsoft.IdentityModel.JsonWebTokens.JsonWebTokenHandler.ValidateTokenPayloadAsync(JsonWebToken jsonWebToken, TokenValidationParameters validationParameters, BaseConfiguration configuration)
   at Microsoft.IdentityModel.JsonWebTokens.JsonWebTokenHandler.ValidateJWSAsync(JsonWebToken jsonWebToken, TokenValidationParameters validationParameters, BaseConfiguration configuration)
[2025-09-02 15:43:41.260 +03:00  INF]  Bearer was not authenticated. Failure message: IDX10223: Lifetime validation failed. The token is expired. ValidTo (UTC): '9/2/2025 8:31:29 AM', Current time (UTC): '9/2/2025 12:43:41 PM'.
[2025-09-02 15:43:41.260 +03:00  INF]  CORS policy execution successful.
[2025-09-02 15:43:41.260 +03:00  INF]  Executing endpoint 'ITravel_App.Controllers.TravelAdminController.SaveTransferCategory (ITravel_App)'
[2025-09-02 15:43:41.260 +03:00  INF]  Route matched with {action = "SaveTransferCategory", controller = "TravelAdmin"}. Executing controller action with signature Microsoft.AspNetCore.Mvc.IActionResult SaveTransferCategory(ITravelApp.Data.Models.Transfer.TransferCategorySaveReq) on controller ITravel_App.Controllers.TravelAdminController (ITravel_App).
[2025-09-02 15:43:41.281 +03:00  INF]  Executed DbCommand (1ms) [Parameters=[@p0='?' (DbType = Int32)], CommandType='"Text"', CommandTimeout='30']
DELETE FROM transfer_category
WHERE id = @p0;
[2025-09-02 15:43:41.290 +03:00  INF]  Executing OkObjectResult, writing value of type 'ITravelApp.Data.Models.ResponseCls'.
[2025-09-02 15:43:41.291 +03:00  INF]  Executed action ITravel_App.Controllers.TravelAdminController.SaveTransferCategory (ITravel_App) in 30.2251ms
[2025-09-02 15:43:41.291 +03:00  INF]  Executed endpoint 'ITravel_App.Controllers.TravelAdminController.SaveTransferCategory (ITravel_App)'
[2025-09-02 15:43:41.291 +03:00  INF]  Request finished HTTP/2 POST https://localhost:7045/api/TravelAdmin/SaveTransferCategory - 200 null application/json; charset=utf-8 45.47ms
[2025-09-02 15:43:41.316 +03:00  INF]  Request starting HTTP/2 OPTIONS https://localhost:7045/api/TravelAdmin/GetTransfer_Categories - null null
[2025-09-02 15:43:41.316 +03:00  INF]  CORS policy execution successful.
[2025-09-02 15:43:41.316 +03:00  INF]  Request finished HTTP/2 OPTIONS https://localhost:7045/api/TravelAdmin/GetTransfer_Categories - 204 null null 0.7726ms
[2025-09-02 15:43:41.326 +03:00  INF]  Request starting HTTP/2 POST https://localhost:7045/api/TravelAdmin/GetTransfer_Categories - null 0
[2025-09-02 15:43:41.327 +03:00  INF]  Failed to validate the token.
Microsoft.IdentityModel.Tokens.SecurityTokenExpiredException: IDX10223: Lifetime validation failed. The token is expired. ValidTo (UTC): '9/2/2025 8:31:29 AM', Current time (UTC): '9/2/2025 12:43:41 PM'.
   at Microsoft.IdentityModel.Tokens.Validators.ValidateLifetime(Nullable`1 notBefore, Nullable`1 expires, SecurityToken securityToken, TokenValidationParameters validationParameters)
   at Microsoft.IdentityModel.JsonWebTokens.JsonWebTokenHandler.ValidateTokenPayloadAsync(JsonWebToken jsonWebToken, TokenValidationParameters validationParameters, BaseConfiguration configuration)
   at Microsoft.IdentityModel.JsonWebTokens.JsonWebTokenHandler.ValidateJWSAsync(JsonWebToken jsonWebToken, TokenValidationParameters validationParameters, BaseConfiguration configuration)
[2025-09-02 15:43:41.328 +03:00  INF]  Bearer was not authenticated. Failure message: IDX10223: Lifetime validation failed. The token is expired. ValidTo (UTC): '9/2/2025 8:31:29 AM', Current time (UTC): '9/2/2025 12:43:41 PM'.
[2025-09-02 15:43:41.328 +03:00  INF]  CORS policy execution successful.
[2025-09-02 15:43:41.328 +03:00  INF]  Executing endpoint 'ITravel_App.Controllers.TravelAdminController.GetTransfer_Categories (ITravel_App)'
[2025-09-02 15:43:41.329 +03:00  INF]  Route matched with {action = "GetTransfer_Categories", controller = "TravelAdmin"}. Executing controller action with signature System.Threading.Tasks.Task`1[Microsoft.AspNetCore.Mvc.IActionResult] GetTransfer_Categories() on controller ITravel_App.Controllers.TravelAdminController (ITravel_App).
[2025-09-02 15:43:41.330 +03:00  INF]  Executed DbCommand (1ms) [Parameters=[], CommandType='"Text"', CommandTimeout='30']
SELECT t.id, t.category_code, t.category_name, t.created_at, t.created_by, t.currency_code, t.max_capacity, t.max_price, t.min_capacity, t.min_price, t.updated_at
FROM transfer_category AS t
[2025-09-02 15:43:41.332 +03:00  INF]  Executing OkObjectResult, writing value of type 'System.Collections.Generic.List`1[[ITravelApp.Data.Entities.transfer_category, ITravelApp.Data, Version=1.0.0.0, Culture=neutral, PublicKeyToken=null]]'.
[2025-09-02 15:43:41.332 +03:00  INF]  Executed action ITravel_App.Controllers.TravelAdminController.GetTransfer_Categories (ITravel_App) in 3.8775ms
[2025-09-02 15:43:41.333 +03:00  INF]  Executed endpoint 'ITravel_App.Controllers.TravelAdminController.GetTransfer_Categories (ITravel_App)'
[2025-09-02 15:43:41.334 +03:00  INF]  Request finished HTTP/2 POST https://localhost:7045/api/TravelAdmin/GetTransfer_Categories - 200 null application/json; charset=utf-8 9.9922ms
[2025-09-02 15:55:32.632 +03:00  INF]  User profile is available. Using 'C:\Users\Pro\AppData\Local\ASP.NET\DataProtection-Keys' as key repository and Windows DPAPI to encrypt keys at rest.
[2025-09-02 15:55:33.458 +03:00  INF]  Now listening on: https://localhost:7045
[2025-09-02 15:55:33.459 +03:00  INF]  Now listening on: http://localhost:5124
[2025-09-02 15:55:33.669 +03:00  INF]  Application started. Press Ctrl+C to shut down.
[2025-09-02 15:55:33.669 +03:00  INF]  Hosting environment: Development
[2025-09-02 15:55:33.669 +03:00  INF]  Content root path: D:\horizen\api\ITravel_App\ITravel_App
[2025-09-02 15:55:35.050 +03:00  INF]  Request starting HTTP/2 GET https://localhost:7045/swagger/index.html - null null
[2025-09-02 15:55:35.656 +03:00  INF]  Request finished HTTP/2 GET https://localhost:7045/swagger/index.html - 200 null text/html;charset=utf-8 628.8791ms
[2025-09-02 15:55:36.706 +03:00  INF]  Request starting HTTP/2 GET https://localhost:7045/_framework/aspnetcore-browser-refresh.js - null null
[2025-09-02 15:55:36.716 +03:00  INF]  Request finished HTTP/2 GET https://localhost:7045/_framework/aspnetcore-browser-refresh.js - 200 16507 application/javascript; charset=utf-8 10.7435ms
[2025-09-02 15:55:36.857 +03:00  INF]  Request starting HTTP/2 GET https://localhost:7045/_vs/browserLink - null null
[2025-09-02 15:55:36.937 +03:00  INF]  Request finished HTTP/2 GET https://localhost:7045/_vs/browserLink - 200 null text/javascript; charset=UTF-8 79.7725ms
[2025-09-02 15:55:38.596 +03:00  INF]  Request starting HTTP/2 GET https://localhost:7045/swagger/v1/swagger.json - null null
[2025-09-02 15:55:38.677 +03:00  INF]  Request finished HTTP/2 GET https://localhost:7045/swagger/v1/swagger.json - 200 null application/json;charset=utf-8 80.1395ms
[2025-09-02 15:56:06.255 +03:00  INF]  Request starting HTTP/2 POST https://localhost:7045/api/TravelClient/GetTripsAll - application/json 160
[2025-09-02 15:56:06.522 +03:00  INF]  CORS policy execution successful.
[2025-09-02 15:56:06.526 +03:00  INF]  Executing endpoint 'ITravel_App.Controllers.TravelClientController.GetTripsAll (ITravel_App)'
[2025-09-02 15:56:06.632 +03:00  INF]  Route matched with {action = "GetTripsAll", controller = "TravelClient"}. Executing controller action with signature System.Threading.Tasks.Task`1[Microsoft.AspNetCore.Mvc.IActionResult] GetTripsAll(ITravelApp.Data.Models.trips.TripsReq) on controller ITravel_App.Controllers.TravelClientController (ITravel_App).
[2025-09-02 15:56:11.674 +03:00  INF]  Executed DbCommand (218ms) [Parameters=[@__ToLower_0='?', @__req_trip_type_1='?' (DbType = Int32), @__ToLower_2='?', @__ToLower_2_1='?'], CommandType='"Text"', CommandTimeout='30']
SELECT t.country_code, t.currency_code, t.default_img, t.dest_code, t.dest_default_name, t.dest_route, t.destination_id, t.important_info, t.lang_code, t.max_capacity, t.max_price, t.min_capacity, t.min_price, t.pickup, t.route, t.show_in_slider, t.show_in_top, t.transfer_category__code, t.transfer_category_name, t.transfer_currency, t.trip_category_code, t.trip_category_name, t.trip_code, t.trip_default_name, t.trip_description, t.trip_details, t.trip_duration, t.trip_highlight, t.trip_id, t.trip_includes, t.trip_name, t.trip_not_includes, t.trip_origin_price, t.trip_sale_price, t.trip_trans_id, t.trip_type
FROM tripwithdetails AS t
WHERE lower(t.lang_code) = @__ToLower_0 AND t.trip_type = @__req_trip_type_1 AND (t.show_in_top = t.show_in_top OR t.show_in_top IS NULL) AND (t.destination_id = t.destination_id OR t.destination_id IS NULL) AND lower(t.currency_code) = @__ToLower_2 AND ((t.transfer_currency IS NOT NULL AND lower(t.transfer_currency) <> '') OR lower(t.transfer_currency) = @__ToLower_2_1) AND (t.show_in_slider = t.show_in_slider OR t.show_in_slider IS NULL)
[2025-09-02 15:56:11.766 +03:00  INF]  Executing OkObjectResult, writing value of type 'System.Collections.Generic.List`1[[ITravelApp.Data.Models.trips.TripsAll, ITravelApp.Data, Version=1.0.0.0, Culture=neutral, PublicKeyToken=null]]'.
[2025-09-02 15:56:11.839 +03:00  INF]  Executed action ITravel_App.Controllers.TravelClientController.GetTripsAll (ITravel_App) in 5197.1699ms
[2025-09-02 15:56:11.842 +03:00  INF]  Executed endpoint 'ITravel_App.Controllers.TravelClientController.GetTripsAll (ITravel_App)'
[2025-09-02 15:56:11.864 +03:00  INF]  Request finished HTTP/2 POST https://localhost:7045/api/TravelClient/GetTripsAll - 200 null application/json; charset=utf-8 5609.0402ms
[2025-09-02 15:56:30.102 +03:00  INF]  Request starting HTTP/2 POST https://localhost:7045/api/TravelClient/GetTripsAll - application/json 160
[2025-09-02 15:56:30.112 +03:00  INF]  CORS policy execution successful.
[2025-09-02 15:56:30.113 +03:00  INF]  Executing endpoint 'ITravel_App.Controllers.TravelClientController.GetTripsAll (ITravel_App)'
[2025-09-02 15:56:30.113 +03:00  INF]  Route matched with {action = "GetTripsAll", controller = "TravelClient"}. Executing controller action with signature System.Threading.Tasks.Task`1[Microsoft.AspNetCore.Mvc.IActionResult] GetTripsAll(ITravelApp.Data.Models.trips.TripsReq) on controller ITravel_App.Controllers.TravelClientController (ITravel_App).
[2025-09-02 15:56:30.243 +03:00  INF]  Executed DbCommand (12ms) [Parameters=[@__ToLower_0='?', @__req_trip_type_1='?' (DbType = Int32), @__ToLower_2='?', @__ToLower_2_1='?'], CommandType='"Text"', CommandTimeout='30']
SELECT t.country_code, t.currency_code, t.default_img, t.dest_code, t.dest_default_name, t.dest_route, t.destination_id, t.important_info, t.lang_code, t.max_capacity, t.max_price, t.min_capacity, t.min_price, t.pickup, t.route, t.show_in_slider, t.show_in_top, t.transfer_category__code, t.transfer_category_name, t.transfer_currency, t.trip_category_code, t.trip_category_name, t.trip_code, t.trip_default_name, t.trip_description, t.trip_details, t.trip_duration, t.trip_highlight, t.trip_id, t.trip_includes, t.trip_name, t.trip_not_includes, t.trip_origin_price, t.trip_sale_price, t.trip_trans_id, t.trip_type
FROM tripwithdetails AS t
WHERE lower(t.lang_code) = @__ToLower_0 AND t.trip_type = @__req_trip_type_1 AND (t.show_in_top = t.show_in_top OR t.show_in_top IS NULL) AND (t.destination_id = t.destination_id OR t.destination_id IS NULL) AND lower(t.currency_code) = @__ToLower_2 AND ((t.transfer_currency IS NOT NULL AND lower(t.transfer_currency) <> '') OR lower(t.transfer_currency) = @__ToLower_2_1) AND (t.show_in_slider = t.show_in_slider OR t.show_in_slider IS NULL)
[2025-09-02 15:56:30.245 +03:00  INF]  Executing OkObjectResult, writing value of type 'System.Collections.Generic.List`1[[ITravelApp.Data.Models.trips.TripsAll, ITravelApp.Data, Version=1.0.0.0, Culture=neutral, PublicKeyToken=null]]'.
[2025-09-02 15:56:30.246 +03:00  INF]  Executed action ITravel_App.Controllers.TravelClientController.GetTripsAll (ITravel_App) in 132.5905ms
[2025-09-02 15:56:30.246 +03:00  INF]  Executed endpoint 'ITravel_App.Controllers.TravelClientController.GetTripsAll (ITravel_App)'
[2025-09-02 15:56:30.247 +03:00  INF]  Request finished HTTP/2 POST https://localhost:7045/api/TravelClient/GetTripsAll - 200 null application/json; charset=utf-8 145.6991ms
[2025-09-02 15:56:38.503 +03:00  INF]  Request starting HTTP/2 POST https://localhost:7045/api/TravelClient/GetTripsAll - application/json 160
[2025-09-02 15:56:38.509 +03:00  INF]  CORS policy execution successful.
[2025-09-02 15:56:38.509 +03:00  INF]  Executing endpoint 'ITravel_App.Controllers.TravelClientController.GetTripsAll (ITravel_App)'
[2025-09-02 15:56:38.509 +03:00  INF]  Route matched with {action = "GetTripsAll", controller = "TravelClient"}. Executing controller action with signature System.Threading.Tasks.Task`1[Microsoft.AspNetCore.Mvc.IActionResult] GetTripsAll(ITravelApp.Data.Models.trips.TripsReq) on controller ITravel_App.Controllers.TravelClientController (ITravel_App).
[2025-09-02 15:56:38.734 +03:00  INF]  Executed DbCommand (12ms) [Parameters=[@__ToLower_0='?', @__req_trip_type_1='?' (DbType = Int32), @__ToLower_2='?', @__ToLower_2_1='?'], CommandType='"Text"', CommandTimeout='30']
SELECT t.country_code, t.currency_code, t.default_img, t.dest_code, t.dest_default_name, t.dest_route, t.destination_id, t.important_info, t.lang_code, t.max_capacity, t.max_price, t.min_capacity, t.min_price, t.pickup, t.route, t.show_in_slider, t.show_in_top, t.transfer_category__code, t.transfer_category_name, t.transfer_currency, t.trip_category_code, t.trip_category_name, t.trip_code, t.trip_default_name, t.trip_description, t.trip_details, t.trip_duration, t.trip_highlight, t.trip_id, t.trip_includes, t.trip_name, t.trip_not_includes, t.trip_origin_price, t.trip_sale_price, t.trip_trans_id, t.trip_type
FROM tripwithdetails AS t
WHERE lower(t.lang_code) = @__ToLower_0 AND t.trip_type = @__req_trip_type_1 AND (t.show_in_top = t.show_in_top OR t.show_in_top IS NULL) AND (t.destination_id = t.destination_id OR t.destination_id IS NULL) AND lower(t.currency_code) = @__ToLower_2 AND ((t.transfer_currency IS NOT NULL AND lower(t.transfer_currency) <> '') OR lower(t.transfer_currency) = @__ToLower_2_1) AND (t.show_in_slider = t.show_in_slider OR t.show_in_slider IS NULL)
[2025-09-02 15:56:38.735 +03:00  INF]  Executing OkObjectResult, writing value of type 'System.Collections.Generic.List`1[[ITravelApp.Data.Models.trips.TripsAll, ITravelApp.Data, Version=1.0.0.0, Culture=neutral, PublicKeyToken=null]]'.
[2025-09-02 15:56:38.736 +03:00  INF]  Executed action ITravel_App.Controllers.TravelClientController.GetTripsAll (ITravel_App) in 226.5254ms
[2025-09-02 15:56:38.737 +03:00  INF]  Executed endpoint 'ITravel_App.Controllers.TravelClientController.GetTripsAll (ITravel_App)'
[2025-09-02 15:56:38.738 +03:00  INF]  Request finished HTTP/2 POST https://localhost:7045/api/TravelClient/GetTripsAll - 200 null application/json; charset=utf-8 235.6579ms
[2025-09-02 15:57:42.263 +03:00  INF]  Request starting HTTP/2 POST https://localhost:7045/api/TravelClient/GetTripsAll - application/json 160
[2025-09-02 15:57:42.310 +03:00  INF]  CORS policy execution successful.
[2025-09-02 15:57:42.310 +03:00  INF]  Executing endpoint 'ITravel_App.Controllers.TravelClientController.GetTripsAll (ITravel_App)'
[2025-09-02 15:57:42.310 +03:00  INF]  Route matched with {action = "GetTripsAll", controller = "TravelClient"}. Executing controller action with signature System.Threading.Tasks.Task`1[Microsoft.AspNetCore.Mvc.IActionResult] GetTripsAll(ITravelApp.Data.Models.trips.TripsReq) on controller ITravel_App.Controllers.TravelClientController (ITravel_App).
[2025-09-02 15:57:42.324 +03:00  INF]  Executed DbCommand (8ms) [Parameters=[@__ToLower_0='?', @__req_trip_type_1='?' (DbType = Int32), @__ToLower_2='?', @__ToLower_2_1='?'], CommandType='"Text"', CommandTimeout='30']
SELECT t.country_code, t.currency_code, t.default_img, t.dest_code, t.dest_default_name, t.dest_route, t.destination_id, t.important_info, t.lang_code, t.max_capacity, t.max_price, t.min_capacity, t.min_price, t.pickup, t.route, t.show_in_slider, t.show_in_top, t.transfer_category__code, t.transfer_category_name, t.transfer_currency, t.trip_category_code, t.trip_category_name, t.trip_code, t.trip_default_name, t.trip_description, t.trip_details, t.trip_duration, t.trip_highlight, t.trip_id, t.trip_includes, t.trip_name, t.trip_not_includes, t.trip_origin_price, t.trip_sale_price, t.trip_trans_id, t.trip_type
FROM tripwithdetails AS t
WHERE lower(t.lang_code) = @__ToLower_0 AND t.trip_type = @__req_trip_type_1 AND (t.show_in_top = t.show_in_top OR t.show_in_top IS NULL) AND (t.destination_id = t.destination_id OR t.destination_id IS NULL) AND lower(t.currency_code) = @__ToLower_2 AND ((t.transfer_currency IS NOT NULL AND lower(t.transfer_currency) <> '') OR lower(t.transfer_currency) = @__ToLower_2_1) AND (t.show_in_slider = t.show_in_slider OR t.show_in_slider IS NULL)
[2025-09-02 15:57:42.331 +03:00  INF]  Executing OkObjectResult, writing value of type 'System.Collections.Generic.List`1[[ITravelApp.Data.Models.trips.TripsAll, ITravelApp.Data, Version=1.0.0.0, Culture=neutral, PublicKeyToken=null]]'.
[2025-09-02 15:57:42.335 +03:00  INF]  Executed action ITravel_App.Controllers.TravelClientController.GetTripsAll (ITravel_App) in 24.4223ms
[2025-09-02 15:57:42.335 +03:00  INF]  Executed endpoint 'ITravel_App.Controllers.TravelClientController.GetTripsAll (ITravel_App)'
[2025-09-02 15:57:42.336 +03:00  INF]  Request finished HTTP/2 POST https://localhost:7045/api/TravelClient/GetTripsAll - 200 null application/json; charset=utf-8 72.6574ms
[2025-09-02 15:59:38.040 +03:00  INF]  User profile is available. Using 'C:\Users\Pro\AppData\Local\ASP.NET\DataProtection-Keys' as key repository and Windows DPAPI to encrypt keys at rest.
[2025-09-02 15:59:39.185 +03:00  INF]  Now listening on: https://localhost:7045
[2025-09-02 15:59:39.186 +03:00  INF]  Now listening on: http://localhost:5124
[2025-09-02 15:59:39.798 +03:00  INF]  Application started. Press Ctrl+C to shut down.
[2025-09-02 15:59:39.798 +03:00  INF]  Hosting environment: Development
[2025-09-02 15:59:39.798 +03:00  INF]  Content root path: D:\horizen\api\ITravel_App\ITravel_App
[2025-09-02 15:59:39.888 +03:00  INF]  Request starting HTTP/2 GET https://localhost:7045/swagger/index.html - null null
[2025-09-02 15:59:40.522 +03:00  INF]  Request finished HTTP/2 GET https://localhost:7045/swagger/index.html - 200 null text/html;charset=utf-8 664.5644ms
[2025-09-02 15:59:40.589 +03:00  INF]  Request starting HTTP/2 GET https://localhost:7045/_framework/aspnetcore-browser-refresh.js - null null
[2025-09-02 15:59:40.623 +03:00  INF]  Request starting HTTP/2 GET https://localhost:7045/_vs/browserLink - null null
[2025-09-02 15:59:40.719 +03:00  INF]  Request finished HTTP/2 GET https://localhost:7045/_framework/aspnetcore-browser-refresh.js - 200 16507 application/javascript; charset=utf-8 130.0431ms
[2025-09-02 15:59:40.802 +03:00  INF]  Request finished HTTP/2 GET https://localhost:7045/_vs/browserLink - 200 null text/javascript; charset=UTF-8 178.9381ms
[2025-09-02 15:59:41.023 +03:00  INF]  Request starting HTTP/2 GET https://localhost:7045/swagger/v1/swagger.json - null null
[2025-09-02 15:59:41.171 +03:00  INF]  Request finished HTTP/2 GET https://localhost:7045/swagger/v1/swagger.json - 200 null application/json;charset=utf-8 147.1104ms
[2025-09-02 16:00:04.183 +03:00  INF]  Request starting HTTP/2 POST https://localhost:7045/api/TravelClient/GetTripsAll - application/json 160
[2025-09-02 16:00:04.437 +03:00  INF]  CORS policy execution successful.
[2025-09-02 16:00:04.442 +03:00  INF]  Executing endpoint 'ITravel_App.Controllers.TravelClientController.GetTripsAll (ITravel_App)'
[2025-09-02 16:00:04.526 +03:00  INF]  Route matched with {action = "GetTripsAll", controller = "TravelClient"}. Executing controller action with signature System.Threading.Tasks.Task`1[Microsoft.AspNetCore.Mvc.IActionResult] GetTripsAll(ITravelApp.Data.Models.trips.TripsReq) on controller ITravel_App.Controllers.TravelClientController (ITravel_App).
[2025-09-02 16:00:09.431 +03:00  INF]  Executed DbCommand (180ms) [Parameters=[@__ToLower_0='?', @__ToLower_1='?', @__ToLower_1_1='?'], CommandType='"Text"', CommandTimeout='30']
SELECT t.country_code, t.currency_code, t.default_img, t.dest_code, t.dest_default_name, t.dest_route, t.destination_id, t.important_info, t.lang_code, t.max_capacity, t.max_price, t.min_capacity, t.min_price, t.pickup, t.route, t.show_in_slider, t.show_in_top, t.transfer_category__code, t.transfer_category_name, t.transfer_currency, t.trip_category_code, t.trip_category_name, t.trip_code, t.trip_default_name, t.trip_description, t.trip_details, t.trip_duration, t.trip_highlight, t.trip_id, t.trip_includes, t.trip_name, t.trip_not_includes, t.trip_origin_price, t.trip_sale_price, t.trip_trans_id, t.trip_type
FROM tripwithdetails AS t
WHERE lower(t.lang_code) = @__ToLower_0 AND (t.trip_type = t.trip_type OR t.trip_type IS NULL) AND (t.show_in_top = t.show_in_top OR t.show_in_top IS NULL) AND (t.destination_id = t.destination_id OR t.destination_id IS NULL) AND ((t.currency_code IS NOT NULL AND lower(t.currency_code) <> '') OR lower(t.currency_code) = @__ToLower_1) AND ((t.transfer_currency IS NOT NULL AND lower(t.transfer_currency) <> '') OR lower(t.transfer_currency) = @__ToLower_1_1) AND (t.show_in_slider = t.show_in_slider OR t.show_in_slider IS NULL)
[2025-09-02 16:00:09.504 +03:00  INF]  Executing OkObjectResult, writing value of type 'System.Collections.Generic.List`1[[ITravelApp.Data.Models.trips.TripsAll, ITravelApp.Data, Version=1.0.0.0, Culture=neutral, PublicKeyToken=null]]'.
[2025-09-02 16:00:09.573 +03:00  INF]  Executed action ITravel_App.Controllers.TravelClientController.GetTripsAll (ITravel_App) in 5039.2426ms
[2025-09-02 16:00:09.574 +03:00  INF]  Executed endpoint 'ITravel_App.Controllers.TravelClientController.GetTripsAll (ITravel_App)'
[2025-09-02 16:00:09.602 +03:00  INF]  Request finished HTTP/2 POST https://localhost:7045/api/TravelClient/GetTripsAll - 200 null application/json; charset=utf-8 5419.5816ms
[2025-09-02 17:46:13.230 +03:00  INF]  Request starting HTTP/2 OPTIONS https://localhost:7045/api/TravelAdmin/GetTrip_Mains?destination_id=0&&trip_type=0 - null null
[2025-09-02 17:46:13.230 +03:00  INF]  Request starting HTTP/2 OPTIONS https://localhost:7045/api/TravelAdmin/GetTripCategories - null null
[2025-09-02 17:46:13.230 +03:00  INF]  Request starting HTTP/2 OPTIONS https://localhost:7045/api/TravelAdmin/GetDestinationMain?leaf=true - null null
[2025-09-02 17:46:13.240 +03:00  INF]  CORS policy execution successful.
[2025-09-02 17:46:13.242 +03:00  INF]  Request finished HTTP/2 OPTIONS https://localhost:7045/api/TravelAdmin/GetTripCategories - 204 null null 12.5871ms
[2025-09-02 17:46:13.247 +03:00  INF]  Request starting HTTP/2 POST https://localhost:7045/api/TravelAdmin/GetTripCategories - application/json 2
[2025-09-02 17:46:13.259 +03:00  INF]  CORS policy execution successful.
[2025-09-02 17:46:13.260 +03:00  INF]  Request finished HTTP/2 OPTIONS https://localhost:7045/api/TravelAdmin/GetTrip_Mains?destination_id=0&&trip_type=0 - 204 null null 29.6459ms
[2025-09-02 17:46:13.259 +03:00  INF]  CORS policy execution successful.
[2025-09-02 17:46:13.260 +03:00  INF]  Request finished HTTP/2 OPTIONS https://localhost:7045/api/TravelAdmin/GetDestinationMain?leaf=true - 204 null null 30.1582ms
[2025-09-02 17:46:13.265 +03:00  INF]  Request starting HTTP/2 POST https://localhost:7045/api/TravelAdmin/GetTrip_Mains?destination_id=0&&trip_type=0 - application/json 2
[2025-09-02 17:46:13.265 +03:00  INF]  Request starting HTTP/2 POST https://localhost:7045/api/TravelAdmin/GetDestinationMain?leaf=true - application/json 2
[2025-09-02 17:46:13.426 +03:00  INF]  Failed to validate the token.
Microsoft.IdentityModel.Tokens.SecurityTokenExpiredException: IDX10223: Lifetime validation failed. The token is expired. ValidTo (UTC): '9/2/2025 8:31:29 AM', Current time (UTC): '9/2/2025 2:46:13 PM'.
   at Microsoft.IdentityModel.Tokens.Validators.ValidateLifetime(Nullable`1 notBefore, Nullable`1 expires, SecurityToken securityToken, TokenValidationParameters validationParameters)
   at Microsoft.IdentityModel.JsonWebTokens.JsonWebTokenHandler.ValidateTokenPayloadAsync(JsonWebToken jsonWebToken, TokenValidationParameters validationParameters, BaseConfiguration configuration)
   at Microsoft.IdentityModel.JsonWebTokens.JsonWebTokenHandler.ValidateJWSAsync(JsonWebToken jsonWebToken, TokenValidationParameters validationParameters, BaseConfiguration configuration)
[2025-09-02 17:46:13.429 +03:00  INF]  Failed to validate the token.
Microsoft.IdentityModel.Tokens.SecurityTokenExpiredException: IDX10223: Lifetime validation failed. The token is expired. ValidTo (UTC): '9/2/2025 8:31:29 AM', Current time (UTC): '9/2/2025 2:46:13 PM'.
   at Microsoft.IdentityModel.Tokens.Validators.ValidateLifetime(Nullable`1 notBefore, Nullable`1 expires, SecurityToken securityToken, TokenValidationParameters validationParameters)
   at Microsoft.IdentityModel.JsonWebTokens.JsonWebTokenHandler.ValidateTokenPayloadAsync(JsonWebToken jsonWebToken, TokenValidationParameters validationParameters, BaseConfiguration configuration)
   at Microsoft.IdentityModel.JsonWebTokens.JsonWebTokenHandler.ValidateJWSAsync(JsonWebToken jsonWebToken, TokenValidationParameters validationParameters, BaseConfiguration configuration)
[2025-09-02 17:46:13.429 +03:00  INF]  Failed to validate the token.
Microsoft.IdentityModel.Tokens.SecurityTokenExpiredException: IDX10223: Lifetime validation failed. The token is expired. ValidTo (UTC): '9/2/2025 8:31:29 AM', Current time (UTC): '9/2/2025 2:46:13 PM'.
   at Microsoft.IdentityModel.Tokens.Validators.ValidateLifetime(Nullable`1 notBefore, Nullable`1 expires, SecurityToken securityToken, TokenValidationParameters validationParameters)
   at Microsoft.IdentityModel.JsonWebTokens.JsonWebTokenHandler.ValidateTokenPayloadAsync(JsonWebToken jsonWebToken, TokenValidationParameters validationParameters, BaseConfiguration configuration)
   at Microsoft.IdentityModel.JsonWebTokens.JsonWebTokenHandler.ValidateJWSAsync(JsonWebToken jsonWebToken, TokenValidationParameters validationParameters, BaseConfiguration configuration)
[2025-09-02 17:46:13.464 +03:00  INF]  Bearer was not authenticated. Failure message: IDX10223: Lifetime validation failed. The token is expired. ValidTo (UTC): '9/2/2025 8:31:29 AM', Current time (UTC): '9/2/2025 2:46:13 PM'.
[2025-09-02 17:46:13.464 +03:00  INF]  Bearer was not authenticated. Failure message: IDX10223: Lifetime validation failed. The token is expired. ValidTo (UTC): '9/2/2025 8:31:29 AM', Current time (UTC): '9/2/2025 2:46:13 PM'.
[2025-09-02 17:46:13.464 +03:00  INF]  Bearer was not authenticated. Failure message: IDX10223: Lifetime validation failed. The token is expired. ValidTo (UTC): '9/2/2025 8:31:29 AM', Current time (UTC): '9/2/2025 2:46:13 PM'.
[2025-09-02 17:46:13.464 +03:00  INF]  CORS policy execution successful.
[2025-09-02 17:46:13.464 +03:00  INF]  CORS policy execution successful.
[2025-09-02 17:46:13.464 +03:00  INF]  CORS policy execution successful.
[2025-09-02 17:46:13.464 +03:00  INF]  Executing endpoint 'ITravel_App.Controllers.TravelAdminController.GetTrip_Mains (ITravel_App)'
[2025-09-02 17:46:13.464 +03:00  INF]  Executing endpoint 'ITravel_App.Controllers.TravelAdminController.GetTripCategories (ITravel_App)'
[2025-09-02 17:46:13.464 +03:00  INF]  Executing endpoint 'ITravel_App.Controllers.TravelAdminController.GetDestination_Mains (ITravel_App)'
[2025-09-02 17:46:13.475 +03:00  INF]  Route matched with {action = "GetTripCategories", controller = "TravelAdmin"}. Executing controller action with signature System.Threading.Tasks.Task`1[Microsoft.AspNetCore.Mvc.IActionResult] GetTripCategories() on controller ITravel_App.Controllers.TravelAdminController (ITravel_App).
[2025-09-02 17:46:13.483 +03:00  INF]  Route matched with {action = "GetDestination_Mains", controller = "TravelAdmin"}. Executing controller action with signature System.Threading.Tasks.Task`1[Microsoft.AspNetCore.Mvc.IActionResult] GetDestination_Mains(Boolean) on controller ITravel_App.Controllers.TravelAdminController (ITravel_App).
[2025-09-02 17:46:13.485 +03:00  INF]  Route matched with {action = "GetTrip_Mains", controller = "TravelAdmin"}. Executing controller action with signature System.Threading.Tasks.Task`1[Microsoft.AspNetCore.Mvc.IActionResult] GetTrip_Mains(Int32, Int32) on controller ITravel_App.Controllers.TravelAdminController (ITravel_App).
[2025-09-02 17:46:13.830 +03:00  INF]  Executed DbCommand (12ms) [Parameters=[@__leaf_0='?' (DbType = Boolean)], CommandType='"Text"', CommandTimeout='30']
SELECT d.id, d.active, d.country_code, d.created_at, d.created_by, d.dest_code, d.dest_default_name, d.leaf, d.parent_id, d.route, d.updated_at
FROM destination_main AS d
WHERE d.active AND d.leaf = @__leaf_0
[2025-09-02 17:46:13.830 +03:00  INF]  Executed DbCommand (26ms) [Parameters=[], CommandType='"Text"', CommandTimeout='30']
SELECT t.id, t.type_code, t.type_name
FROM trip_category AS t
[2025-09-02 17:46:13.885 +03:00  INF]  Executed DbCommand (7ms) [Parameters=[], CommandType='"Text"', CommandTimeout='30']
SELECT t.destination_id, t.active, t.id, t.pickup, t.route, t.show_in_slider, t.show_in_top, t.trip_code, t.trip_default_name, t.trip_duration, d.country_code, d.dest_code, d.dest_default_name, t.trip_type, t.transfer_category_id
FROM trip_main AS t
INNER JOIN destination_main AS d ON t.destination_id = d.id
WHERE t.trip_type = t.trip_type OR t.trip_type IS NULL
ORDER BY t.id
[2025-09-02 17:46:13.896 +03:00  INF]  Executing OkObjectResult, writing value of type 'System.Collections.Generic.List`1[[ITravelApp.Data.Models.trips.TripMainCast, ITravelApp.Data, Version=1.0.0.0, Culture=neutral, PublicKeyToken=null]]'.
[2025-09-02 17:46:13.918 +03:00  INF]  Executed action ITravel_App.Controllers.TravelAdminController.GetTrip_Mains (ITravel_App) in 432.4104ms
[2025-09-02 17:46:13.918 +03:00  INF]  Executed endpoint 'ITravel_App.Controllers.TravelAdminController.GetTrip_Mains (ITravel_App)'
[2025-09-02 17:46:13.919 +03:00  INF]  Request finished HTTP/2 POST https://localhost:7045/api/TravelAdmin/GetTrip_Mains?destination_id=0&&trip_type=0 - 200 null application/json; charset=utf-8 654.552ms
[2025-09-02 17:46:13.969 +03:00  INF]  Executing OkObjectResult, writing value of type 'System.Collections.Generic.List`1[[ITravelApp.Data.Entities.trip_category, ITravelApp.Data, Version=1.0.0.0, Culture=neutral, PublicKeyToken=null]]'.
[2025-09-02 17:46:13.972 +03:00  INF]  Executed action ITravel_App.Controllers.TravelAdminController.GetTripCategories (ITravel_App) in 496.4002ms
[2025-09-02 17:46:13.972 +03:00  INF]  Executed endpoint 'ITravel_App.Controllers.TravelAdminController.GetTripCategories (ITravel_App)'
[2025-09-02 17:46:13.972 +03:00  INF]  Request finished HTTP/2 POST https://localhost:7045/api/TravelAdmin/GetTripCategories - 200 null application/json; charset=utf-8 725.4019ms
[2025-09-02 17:46:14.028 +03:00  INF]  Executing OkObjectResult, writing value of type 'System.Collections.Generic.List`1[[ITravelApp.Data.Entities.destination_main, ITravelApp.Data, Version=1.0.0.0, Culture=neutral, PublicKeyToken=null]]'.
[2025-09-02 17:46:14.039 +03:00  INF]  Executed action ITravel_App.Controllers.TravelAdminController.GetDestination_Mains (ITravel_App) in 556.2178ms
[2025-09-02 17:46:14.039 +03:00  INF]  Executed endpoint 'ITravel_App.Controllers.TravelAdminController.GetDestination_Mains (ITravel_App)'
[2025-09-02 17:46:14.040 +03:00  INF]  Request finished HTTP/2 POST https://localhost:7045/api/TravelAdmin/GetDestinationMain?leaf=true - 200 null application/json; charset=utf-8 775.0371ms
[2025-09-02 17:48:34.874 +03:00  INF]  User profile is available. Using 'C:\Users\Pro\AppData\Local\ASP.NET\DataProtection-Keys' as key repository and Windows DPAPI to encrypt keys at rest.
[2025-09-02 17:48:35.629 +03:00  INF]  Now listening on: https://localhost:7045
[2025-09-02 17:48:35.646 +03:00  INF]  Now listening on: http://localhost:5124
[2025-09-02 17:48:35.962 +03:00  INF]  Application started. Press Ctrl+C to shut down.
[2025-09-02 17:48:35.963 +03:00  INF]  Hosting environment: Development
[2025-09-02 17:48:35.963 +03:00  INF]  Content root path: D:\horizen\api\ITravel_App\ITravel_App
[2025-09-02 17:48:36.926 +03:00  INF]  Request starting HTTP/2 GET https://localhost:7045/swagger/index.html - null null
[2025-09-02 17:48:39.299 +03:00  INF]  Request finished HTTP/2 GET https://localhost:7045/swagger/index.html - 200 null text/html;charset=utf-8 2404.6366ms
[2025-09-02 17:48:39.895 +03:00  INF]  Request starting HTTP/2 GET https://localhost:7045/_framework/aspnetcore-browser-refresh.js - null null
[2025-09-02 17:48:39.904 +03:00  INF]  Request finished HTTP/2 GET https://localhost:7045/_framework/aspnetcore-browser-refresh.js - 200 16507 application/javascript; charset=utf-8 8.4465ms
[2025-09-02 17:48:42.584 +03:00  INF]  Request starting HTTP/2 GET https://localhost:7045/_vs/browserLink - null null
[2025-09-02 17:48:42.689 +03:00  INF]  Request finished HTTP/2 GET https://localhost:7045/_vs/browserLink - 200 null text/javascript; charset=UTF-8 106.0354ms
[2025-09-02 17:48:43.585 +03:00  INF]  Request starting HTTP/2 GET https://localhost:7045/swagger/v1/swagger.json - null null
[2025-09-02 17:48:43.673 +03:00  INF]  Request finished HTTP/2 GET https://localhost:7045/swagger/v1/swagger.json - 200 null application/json;charset=utf-8 88.1289ms
[2025-09-02 17:52:07.794 +03:00  INF]  Request starting HTTP/2 OPTIONS https://localhost:7045/api/TravelAdmin/GetFacilityWithTranslation - null null
[2025-09-02 17:52:08.089 +03:00  INF]  CORS policy execution successful.
[2025-09-02 17:52:08.091 +03:00  INF]  Request finished HTTP/2 OPTIONS https://localhost:7045/api/TravelAdmin/GetFacilityWithTranslation - 204 null null 299.0716ms
[2025-09-02 17:52:08.107 +03:00  INF]  Request starting HTTP/2 POST https://localhost:7045/api/TravelAdmin/GetFacilityWithTranslation - application/json 2
[2025-09-02 17:52:08.385 +03:00  INF]  CORS policy execution successful.
[2025-09-02 17:52:08.392 +03:00  INF]  Executing endpoint 'ITravel_App.Controllers.TravelAdminController.GetFacilityWithTranslation (ITravel_App)'
[2025-09-02 17:52:08.453 +03:00  INF]  Route matched with {action = "GetFacilityWithTranslation", controller = "TravelAdmin"}. Executing controller action with signature Microsoft.AspNetCore.Mvc.IActionResult GetFacilityWithTranslation() on controller ITravel_App.Controllers.TravelAdminController (ITravel_App).
[2025-09-02 17:52:12.461 +03:00  INF]  Executed DbCommand (65ms) [Parameters=[], CommandType='"Text"', CommandTimeout='30']
SELECT f.id AS facility_id, CASE
    WHEN f0.id IS NOT NULL THEN f0.id
    ELSE 0
END AS id, f.facility_code, f.facility_default_name, f0.facility_desc, f0.facility_name, f0.lang_code, f.active
FROM facility_main AS f
LEFT JOIN facility_translations AS f0 ON f.id = f0.facility_id
[2025-09-02 17:52:12.534 +03:00  INF]  Executing OkObjectResult, writing value of type 'System.Collections.Generic.List`1[[ITravelApp.Data.Models.global.FacilityWithTranslationGrp, ITravelApp.Data, Version=1.0.0.0, Culture=neutral, PublicKeyToken=null]]'.
[2025-09-02 17:52:12.601 +03:00  INF]  Executed action ITravel_App.Controllers.TravelAdminController.GetFacilityWithTranslation (ITravel_App) in 4139.8927ms
[2025-09-02 17:52:12.601 +03:00  INF]  Executed endpoint 'ITravel_App.Controllers.TravelAdminController.GetFacilityWithTranslation (ITravel_App)'
[2025-09-02 17:52:12.623 +03:00  INF]  Request finished HTTP/2 POST https://localhost:7045/api/TravelAdmin/GetFacilityWithTranslation - 200 null application/json; charset=utf-8 4516.7152ms
[2025-09-02 17:52:14.951 +03:00  INF]  Request starting HTTP/2 OPTIONS https://localhost:7045/api/TravelAdmin/GetTripCategories - null null
[2025-09-02 17:52:14.952 +03:00  INF]  Request starting HTTP/2 OPTIONS https://localhost:7045/api/TravelAdmin/GetTrip_Mains?destination_id=0&&trip_type=0 - null null
[2025-09-02 17:52:14.952 +03:00  INF]  Request starting HTTP/2 OPTIONS https://localhost:7045/api/TravelAdmin/GetDestinationMain?leaf=true - null null
[2025-09-02 17:52:14.969 +03:00  INF]  CORS policy execution successful.
[2025-09-02 17:52:14.970 +03:00  INF]  Request finished HTTP/2 OPTIONS https://localhost:7045/api/TravelAdmin/GetTripCategories - 204 null null 18.867ms
[2025-09-02 17:52:14.974 +03:00  INF]  CORS policy execution successful.
[2025-09-02 17:52:14.974 +03:00  INF]  CORS policy execution successful.
[2025-09-02 17:52:14.974 +03:00  INF]  Request starting HTTP/2 POST https://localhost:7045/api/TravelAdmin/GetTripCategories - application/json 2
[2025-09-02 17:52:14.974 +03:00  INF]  Request finished HTTP/2 OPTIONS https://localhost:7045/api/TravelAdmin/GetDestinationMain?leaf=true - 204 null null 22.0599ms
[2025-09-02 17:52:14.974 +03:00  INF]  Request finished HTTP/2 OPTIONS https://localhost:7045/api/TravelAdmin/GetTrip_Mains?destination_id=0&&trip_type=0 - 204 null null 22.1992ms
[2025-09-02 17:52:14.976 +03:00  INF]  CORS policy execution successful.
[2025-09-02 17:52:14.976 +03:00  INF]  Executing endpoint 'ITravel_App.Controllers.TravelAdminController.GetTripCategories (ITravel_App)'
[2025-09-02 17:52:14.976 +03:00  INF]  Request starting HTTP/2 POST https://localhost:7045/api/TravelAdmin/GetTrip_Mains?destination_id=0&&trip_type=0 - application/json 2
[2025-09-02 17:52:14.977 +03:00  INF]  Request starting HTTP/2 POST https://localhost:7045/api/TravelAdmin/GetDestinationMain?leaf=true - application/json 2
[2025-09-02 17:52:14.978 +03:00  INF]  CORS policy execution successful.
[2025-09-02 17:52:14.981 +03:00  INF]  CORS policy execution successful.
[2025-09-02 17:52:14.981 +03:00  INF]  Executing endpoint 'ITravel_App.Controllers.TravelAdminController.GetDestination_Mains (ITravel_App)'
[2025-09-02 17:52:14.981 +03:00  INF]  Executing endpoint 'ITravel_App.Controllers.TravelAdminController.GetTrip_Mains (ITravel_App)'
[2025-09-02 17:52:14.993 +03:00  INF]  Route matched with {action = "GetTripCategories", controller = "TravelAdmin"}. Executing controller action with signature System.Threading.Tasks.Task`1[Microsoft.AspNetCore.Mvc.IActionResult] GetTripCategories() on controller ITravel_App.Controllers.TravelAdminController (ITravel_App).
[2025-09-02 17:52:15.012 +03:00  INF]  Route matched with {action = "GetDestination_Mains", controller = "TravelAdmin"}. Executing controller action with signature System.Threading.Tasks.Task`1[Microsoft.AspNetCore.Mvc.IActionResult] GetDestination_Mains(Boolean) on controller ITravel_App.Controllers.TravelAdminController (ITravel_App).
[2025-09-02 17:52:15.012 +03:00  INF]  Route matched with {action = "GetTrip_Mains", controller = "TravelAdmin"}. Executing controller action with signature System.Threading.Tasks.Task`1[Microsoft.AspNetCore.Mvc.IActionResult] GetTrip_Mains(Int32, Int32) on controller ITravel_App.Controllers.TravelAdminController (ITravel_App).
[2025-09-02 17:52:15.540 +03:00  INF]  Executed DbCommand (48ms) [Parameters=[], CommandType='"Text"', CommandTimeout='30']
SELECT t.id, t.type_code, t.type_name
FROM trip_category AS t
[2025-09-02 17:52:15.540 +03:00  INF]  Executed DbCommand (6ms) [Parameters=[], CommandType='"Text"', CommandTimeout='30']
SELECT t.destination_id, t.active, t.id, t.pickup, t.route, t.show_in_slider, t.show_in_top, t.trip_code, t.trip_default_name, t.trip_duration, d.country_code, d.dest_code, d.dest_default_name, t.trip_type, t.transfer_category_id
FROM trip_main AS t
INNER JOIN destination_main AS d ON t.destination_id = d.id
WHERE t.trip_type = t.trip_type OR t.trip_type IS NULL
ORDER BY t.id
[2025-09-02 17:52:15.593 +03:00  INF]  Executed DbCommand (341ms) [Parameters=[@__leaf_0='?' (DbType = Boolean)], CommandType='"Text"', CommandTimeout='30']
SELECT d.id, d.active, d.country_code, d.created_at, d.created_by, d.dest_code, d.dest_default_name, d.leaf, d.parent_id, d.route, d.updated_at
FROM destination_main AS d
WHERE d.active AND d.leaf = @__leaf_0
[2025-09-02 17:52:15.618 +03:00  INF]  Executing OkObjectResult, writing value of type 'System.Collections.Generic.List`1[[ITravelApp.Data.Models.trips.TripMainCast, ITravelApp.Data, Version=1.0.0.0, Culture=neutral, PublicKeyToken=null]]'.
[2025-09-02 17:52:15.651 +03:00  INF]  Executed action ITravel_App.Controllers.TravelAdminController.GetTrip_Mains (ITravel_App) in 638.6504ms
[2025-09-02 17:52:15.652 +03:00  INF]  Executed endpoint 'ITravel_App.Controllers.TravelAdminController.GetTrip_Mains (ITravel_App)'
[2025-09-02 17:52:15.656 +03:00  INF]  Request finished HTTP/2 POST https://localhost:7045/api/TravelAdmin/GetTrip_Mains?destination_id=0&&trip_type=0 - 200 null application/json; charset=utf-8 679.7502ms
[2025-09-02 17:52:15.708 +03:00  INF]  Executing OkObjectResult, writing value of type 'System.Collections.Generic.List`1[[ITravelApp.Data.Entities.trip_category, ITravelApp.Data, Version=1.0.0.0, Culture=neutral, PublicKeyToken=null]]'.
[2025-09-02 17:52:15.711 +03:00  INF]  Executed action ITravel_App.Controllers.TravelAdminController.GetTripCategories (ITravel_App) in 717.7769ms
[2025-09-02 17:52:15.711 +03:00  INF]  Executed endpoint 'ITravel_App.Controllers.TravelAdminController.GetTripCategories (ITravel_App)'
[2025-09-02 17:52:15.711 +03:00  INF]  Request finished HTTP/2 POST https://localhost:7045/api/TravelAdmin/GetTripCategories - 200 null application/json; charset=utf-8 737.0513ms
[2025-09-02 17:52:15.776 +03:00  INF]  Executing OkObjectResult, writing value of type 'System.Collections.Generic.List`1[[ITravelApp.Data.Entities.destination_main, ITravelApp.Data, Version=1.0.0.0, Culture=neutral, PublicKeyToken=null]]'.
[2025-09-02 17:52:15.787 +03:00  INF]  Executed action ITravel_App.Controllers.TravelAdminController.GetDestination_Mains (ITravel_App) in 774.5362ms
[2025-09-02 17:52:15.787 +03:00  INF]  Executed endpoint 'ITravel_App.Controllers.TravelAdminController.GetDestination_Mains (ITravel_App)'
[2025-09-02 17:52:15.787 +03:00  INF]  Request finished HTTP/2 POST https://localhost:7045/api/TravelAdmin/GetDestinationMain?leaf=true - 200 null application/json; charset=utf-8 810.7025ms
[2025-09-02 17:52:18.023 +03:00  INF]  Request starting HTTP/2 OPTIONS https://localhost:7045/api/TravelAdmin/GetTrip_Mains?destination_id=0&&trip_type=0 - null null
[2025-09-02 17:52:18.024 +03:00  INF]  CORS policy execution successful.
[2025-09-02 17:52:18.024 +03:00  INF]  Request finished HTTP/2 OPTIONS https://localhost:7045/api/TravelAdmin/GetTrip_Mains?destination_id=0&&trip_type=0 - 204 null null 1.3793ms
[2025-09-02 17:52:18.031 +03:00  INF]  Request starting HTTP/2 POST https://localhost:7045/api/TravelAdmin/GetTrip_Mains?destination_id=0&&trip_type=0 - application/json 2
[2025-09-02 17:52:18.033 +03:00  INF]  CORS policy execution successful.
[2025-09-02 17:52:18.033 +03:00  INF]  Executing endpoint 'ITravel_App.Controllers.TravelAdminController.GetTrip_Mains (ITravel_App)'
[2025-09-02 17:52:18.034 +03:00  INF]  Route matched with {action = "GetTrip_Mains", controller = "TravelAdmin"}. Executing controller action with signature System.Threading.Tasks.Task`1[Microsoft.AspNetCore.Mvc.IActionResult] GetTrip_Mains(Int32, Int32) on controller ITravel_App.Controllers.TravelAdminController (ITravel_App).
[2025-09-02 17:52:18.231 +03:00  INF]  Executed DbCommand (9ms) [Parameters=[], CommandType='"Text"', CommandTimeout='30']
SELECT t.destination_id, t.active, t.id, t.pickup, t.route, t.show_in_slider, t.show_in_top, t.trip_code, t.trip_default_name, t.trip_duration, d.country_code, d.dest_code, d.dest_default_name, t.trip_type, t.transfer_category_id
FROM trip_main AS t
INNER JOIN destination_main AS d ON t.destination_id = d.id
WHERE t.trip_type = t.trip_type OR t.trip_type IS NULL
ORDER BY t.id
[2025-09-02 17:52:18.232 +03:00  INF]  Executing OkObjectResult, writing value of type 'System.Collections.Generic.List`1[[ITravelApp.Data.Models.trips.TripMainCast, ITravelApp.Data, Version=1.0.0.0, Culture=neutral, PublicKeyToken=null]]'.
[2025-09-02 17:52:18.232 +03:00  INF]  Executed action ITravel_App.Controllers.TravelAdminController.GetTrip_Mains (ITravel_App) in 197.3565ms
[2025-09-02 17:52:18.232 +03:00  INF]  Executed endpoint 'ITravel_App.Controllers.TravelAdminController.GetTrip_Mains (ITravel_App)'
[2025-09-02 17:52:18.233 +03:00  INF]  Request finished HTTP/2 POST https://localhost:7045/api/TravelAdmin/GetTrip_Mains?destination_id=0&&trip_type=0 - 200 null application/json; charset=utf-8 201.4159ms
[2025-09-02 17:52:18.966 +03:00  INF]  Request starting HTTP/2 OPTIONS https://localhost:7045/api/TravelAdmin/GetTrip_Mains?destination_id=0&&trip_type=0 - null null
[2025-09-02 17:52:18.966 +03:00  INF]  CORS policy execution successful.
[2025-09-02 17:52:18.966 +03:00  INF]  Request finished HTTP/2 OPTIONS https://localhost:7045/api/TravelAdmin/GetTrip_Mains?destination_id=0&&trip_type=0 - 204 null null 0.6634ms
[2025-09-02 17:52:18.969 +03:00  INF]  Request starting HTTP/2 POST https://localhost:7045/api/TravelAdmin/GetTrip_Mains?destination_id=0&&trip_type=0 - application/json 2
[2025-09-02 17:52:18.973 +03:00  INF]  CORS policy execution successful.
[2025-09-02 17:52:18.974 +03:00  INF]  Executing endpoint 'ITravel_App.Controllers.TravelAdminController.GetTrip_Mains (ITravel_App)'
[2025-09-02 17:52:18.974 +03:00  INF]  Route matched with {action = "GetTrip_Mains", controller = "TravelAdmin"}. Executing controller action with signature System.Threading.Tasks.Task`1[Microsoft.AspNetCore.Mvc.IActionResult] GetTrip_Mains(Int32, Int32) on controller ITravel_App.Controllers.TravelAdminController (ITravel_App).
[2025-09-02 17:52:18.986 +03:00  INF]  Executed DbCommand (5ms) [Parameters=[], CommandType='"Text"', CommandTimeout='30']
SELECT t.destination_id, t.active, t.id, t.pickup, t.route, t.show_in_slider, t.show_in_top, t.trip_code, t.trip_default_name, t.trip_duration, d.country_code, d.dest_code, d.dest_default_name, t.trip_type, t.transfer_category_id
FROM trip_main AS t
INNER JOIN destination_main AS d ON t.destination_id = d.id
WHERE t.trip_type = t.trip_type OR t.trip_type IS NULL
ORDER BY t.id
[2025-09-02 17:52:18.987 +03:00  INF]  Executing OkObjectResult, writing value of type 'System.Collections.Generic.List`1[[ITravelApp.Data.Models.trips.TripMainCast, ITravelApp.Data, Version=1.0.0.0, Culture=neutral, PublicKeyToken=null]]'.
[2025-09-02 17:52:18.987 +03:00  INF]  Executed action ITravel_App.Controllers.TravelAdminController.GetTrip_Mains (ITravel_App) in 13.2161ms
[2025-09-02 17:52:18.987 +03:00  INF]  Executed endpoint 'ITravel_App.Controllers.TravelAdminController.GetTrip_Mains (ITravel_App)'
[2025-09-02 17:52:18.989 +03:00  INF]  Request finished HTTP/2 POST https://localhost:7045/api/TravelAdmin/GetTrip_Mains?destination_id=0&&trip_type=0 - 200 null application/json; charset=utf-8 19.6761ms
[2025-09-02 17:52:19.838 +03:00  INF]  Request starting HTTP/2 OPTIONS https://localhost:7045/api/TravelAdmin/GetTrip_Mains?destination_id=0&&trip_type=0 - null null
[2025-09-02 17:52:19.839 +03:00  INF]  CORS policy execution successful.
[2025-09-02 17:52:19.839 +03:00  INF]  Request finished HTTP/2 OPTIONS https://localhost:7045/api/TravelAdmin/GetTrip_Mains?destination_id=0&&trip_type=0 - 204 null null 0.6463ms
[2025-09-02 17:52:19.842 +03:00  INF]  Request starting HTTP/2 POST https://localhost:7045/api/TravelAdmin/GetTrip_Mains?destination_id=0&&trip_type=0 - application/json 2
[2025-09-02 17:52:19.844 +03:00  INF]  CORS policy execution successful.
[2025-09-02 17:52:19.844 +03:00  INF]  Executing endpoint 'ITravel_App.Controllers.TravelAdminController.GetTrip_Mains (ITravel_App)'
[2025-09-02 17:52:19.844 +03:00  INF]  Route matched with {action = "GetTrip_Mains", controller = "TravelAdmin"}. Executing controller action with signature System.Threading.Tasks.Task`1[Microsoft.AspNetCore.Mvc.IActionResult] GetTrip_Mains(Int32, Int32) on controller ITravel_App.Controllers.TravelAdminController (ITravel_App).
[2025-09-02 17:52:19.857 +03:00  INF]  Executed DbCommand (9ms) [Parameters=[], CommandType='"Text"', CommandTimeout='30']
SELECT t.destination_id, t.active, t.id, t.pickup, t.route, t.show_in_slider, t.show_in_top, t.trip_code, t.trip_default_name, t.trip_duration, d.country_code, d.dest_code, d.dest_default_name, t.trip_type, t.transfer_category_id
FROM trip_main AS t
INNER JOIN destination_main AS d ON t.destination_id = d.id
WHERE t.trip_type = t.trip_type OR t.trip_type IS NULL
ORDER BY t.id
[2025-09-02 17:52:19.858 +03:00  INF]  Executing OkObjectResult, writing value of type 'System.Collections.Generic.List`1[[ITravelApp.Data.Models.trips.TripMainCast, ITravelApp.Data, Version=1.0.0.0, Culture=neutral, PublicKeyToken=null]]'.
[2025-09-02 17:52:19.858 +03:00  INF]  Executed action ITravel_App.Controllers.TravelAdminController.GetTrip_Mains (ITravel_App) in 13.7038ms
[2025-09-02 17:52:19.861 +03:00  INF]  Executed endpoint 'ITravel_App.Controllers.TravelAdminController.GetTrip_Mains (ITravel_App)'
[2025-09-02 17:52:19.862 +03:00  INF]  Request finished HTTP/2 POST https://localhost:7045/api/TravelAdmin/GetTrip_Mains?destination_id=0&&trip_type=0 - 200 null application/json; charset=utf-8 19.9399ms
[2025-09-02 17:52:22.846 +03:00  INF]  Request starting HTTP/2 OPTIONS https://localhost:7045/api/TravelAdmin/GetTrip_Mains?destination_id=0&&trip_type=0 - null null
[2025-09-02 17:52:22.847 +03:00  INF]  CORS policy execution successful.
[2025-09-02 17:52:22.847 +03:00  INF]  Request finished HTTP/2 OPTIONS https://localhost:7045/api/TravelAdmin/GetTrip_Mains?destination_id=0&&trip_type=0 - 204 null null 0.7556ms
[2025-09-02 17:52:22.850 +03:00  INF]  Request starting HTTP/2 POST https://localhost:7045/api/TravelAdmin/GetTrip_Mains?destination_id=0&&trip_type=0 - application/json 2
[2025-09-02 17:52:22.852 +03:00  INF]  CORS policy execution successful.
[2025-09-02 17:52:22.852 +03:00  INF]  Executing endpoint 'ITravel_App.Controllers.TravelAdminController.GetTrip_Mains (ITravel_App)'
[2025-09-02 17:52:22.852 +03:00  INF]  Route matched with {action = "GetTrip_Mains", controller = "TravelAdmin"}. Executing controller action with signature System.Threading.Tasks.Task`1[Microsoft.AspNetCore.Mvc.IActionResult] GetTrip_Mains(Int32, Int32) on controller ITravel_App.Controllers.TravelAdminController (ITravel_App).
[2025-09-02 17:52:22.864 +03:00  INF]  Executed DbCommand (2ms) [Parameters=[], CommandType='"Text"', CommandTimeout='30']
SELECT t.destination_id, t.active, t.id, t.pickup, t.route, t.show_in_slider, t.show_in_top, t.trip_code, t.trip_default_name, t.trip_duration, d.country_code, d.dest_code, d.dest_default_name, t.trip_type, t.transfer_category_id
FROM trip_main AS t
INNER JOIN destination_main AS d ON t.destination_id = d.id
WHERE t.trip_type = t.trip_type OR t.trip_type IS NULL
ORDER BY t.id
[2025-09-02 17:52:22.865 +03:00  INF]  Executing OkObjectResult, writing value of type 'System.Collections.Generic.List`1[[ITravelApp.Data.Models.trips.TripMainCast, ITravelApp.Data, Version=1.0.0.0, Culture=neutral, PublicKeyToken=null]]'.
[2025-09-02 17:52:22.865 +03:00  INF]  Executed action ITravel_App.Controllers.TravelAdminController.GetTrip_Mains (ITravel_App) in 13.1933ms
[2025-09-02 17:52:22.865 +03:00  INF]  Executed endpoint 'ITravel_App.Controllers.TravelAdminController.GetTrip_Mains (ITravel_App)'
[2025-09-02 17:52:22.866 +03:00  INF]  Request finished HTTP/2 POST https://localhost:7045/api/TravelAdmin/GetTrip_Mains?destination_id=0&&trip_type=0 - 200 null application/json; charset=utf-8 15.4643ms
[2025-09-02 17:52:23.728 +03:00  INF]  Request starting HTTP/2 OPTIONS https://localhost:7045/api/TravelAdmin/GetTrip_Mains?destination_id=0&&trip_type=0 - null null
[2025-09-02 17:52:23.728 +03:00  INF]  CORS policy execution successful.
[2025-09-02 17:52:23.728 +03:00  INF]  Request finished HTTP/2 OPTIONS https://localhost:7045/api/TravelAdmin/GetTrip_Mains?destination_id=0&&trip_type=0 - 204 null null 0.5542ms
[2025-09-02 17:52:23.732 +03:00  INF]  Request starting HTTP/2 POST https://localhost:7045/api/TravelAdmin/GetTrip_Mains?destination_id=0&&trip_type=0 - application/json 2
[2025-09-02 17:52:23.735 +03:00  INF]  CORS policy execution successful.
[2025-09-02 17:52:23.736 +03:00  INF]  Executing endpoint 'ITravel_App.Controllers.TravelAdminController.GetTrip_Mains (ITravel_App)'
[2025-09-02 17:52:23.736 +03:00  INF]  Route matched with {action = "GetTrip_Mains", controller = "TravelAdmin"}. Executing controller action with signature System.Threading.Tasks.Task`1[Microsoft.AspNetCore.Mvc.IActionResult] GetTrip_Mains(Int32, Int32) on controller ITravel_App.Controllers.TravelAdminController (ITravel_App).
[2025-09-02 17:52:23.739 +03:00  INF]  Executed DbCommand (1ms) [Parameters=[], CommandType='"Text"', CommandTimeout='30']
SELECT t.destination_id, t.active, t.id, t.pickup, t.route, t.show_in_slider, t.show_in_top, t.trip_code, t.trip_default_name, t.trip_duration, d.country_code, d.dest_code, d.dest_default_name, t.trip_type, t.transfer_category_id
FROM trip_main AS t
INNER JOIN destination_main AS d ON t.destination_id = d.id
WHERE t.trip_type = t.trip_type OR t.trip_type IS NULL
ORDER BY t.id
[2025-09-02 17:52:23.741 +03:00  INF]  Executing OkObjectResult, writing value of type 'System.Collections.Generic.List`1[[ITravelApp.Data.Models.trips.TripMainCast, ITravelApp.Data, Version=1.0.0.0, Culture=neutral, PublicKeyToken=null]]'.
[2025-09-02 17:52:23.742 +03:00  INF]  Executed action ITravel_App.Controllers.TravelAdminController.GetTrip_Mains (ITravel_App) in 5.957ms
[2025-09-02 17:52:23.742 +03:00  INF]  Executed endpoint 'ITravel_App.Controllers.TravelAdminController.GetTrip_Mains (ITravel_App)'
[2025-09-02 17:52:23.743 +03:00  INF]  Request finished HTTP/2 POST https://localhost:7045/api/TravelAdmin/GetTrip_Mains?destination_id=0&&trip_type=0 - 200 null application/json; charset=utf-8 10.4281ms
[2025-09-02 17:52:24.899 +03:00  INF]  Request starting HTTP/2 OPTIONS https://localhost:7045/api/TravelAdmin/GetDestinationWithTranslations - null null
[2025-09-02 17:52:24.899 +03:00  INF]  Request starting HTTP/2 OPTIONS https://localhost:7045/api/TravelAdmin/GetDestinationMain?leaf=false - null null
[2025-09-02 17:52:24.899 +03:00  INF]  CORS policy execution successful.
[2025-09-02 17:52:24.899 +03:00  INF]  CORS policy execution successful.
[2025-09-02 17:52:24.900 +03:00  INF]  Request finished HTTP/2 OPTIONS https://localhost:7045/api/TravelAdmin/GetDestinationMain?leaf=false - 204 null null 0.5496ms
[2025-09-02 17:52:24.900 +03:00  INF]  Request finished HTTP/2 OPTIONS https://localhost:7045/api/TravelAdmin/GetDestinationWithTranslations - 204 null null 0.5259ms
[2025-09-02 17:52:24.903 +03:00  INF]  Request starting HTTP/2 POST https://localhost:7045/api/TravelAdmin/GetDestinationMain?leaf=false - application/json 2
[2025-09-02 17:52:24.903 +03:00  INF]  Request starting HTTP/2 POST https://localhost:7045/api/TravelAdmin/GetDestinationWithTranslations - application/json 55
[2025-09-02 17:52:24.903 +03:00  INF]  CORS policy execution successful.
[2025-09-02 17:52:24.903 +03:00  INF]  Executing endpoint 'ITravel_App.Controllers.TravelAdminController.GetDestination_Mains (ITravel_App)'
[2025-09-02 17:52:24.904 +03:00  INF]  Route matched with {action = "GetDestination_Mains", controller = "TravelAdmin"}. Executing controller action with signature System.Threading.Tasks.Task`1[Microsoft.AspNetCore.Mvc.IActionResult] GetDestination_Mains(Boolean) on controller ITravel_App.Controllers.TravelAdminController (ITravel_App).
[2025-09-02 17:52:24.904 +03:00  INF]  CORS policy execution successful.
[2025-09-02 17:52:24.904 +03:00  INF]  Executing endpoint 'ITravel_App.Controllers.TravelAdminController.GetDestinationWithTranslations (ITravel_App)'
[2025-09-02 17:52:24.911 +03:00  INF]  Route matched with {action = "GetDestinationWithTranslations", controller = "TravelAdmin"}. Executing controller action with signature Microsoft.AspNetCore.Mvc.IActionResult GetDestinationWithTranslations(ITravelApp.Data.Models.destination.DestinationReq) on controller ITravel_App.Controllers.TravelAdminController (ITravel_App).
[2025-09-02 17:52:24.933 +03:00  INF]  Executed DbCommand (4ms) [Parameters=[], CommandType='"Text"', CommandTimeout='30']
SELECT d.id, d.active, d.country_code, d.created_at, d.created_by, d.dest_code, d.dest_default_name, d.leaf, d.parent_id, d.route, d.updated_at
FROM destination_main AS d
WHERE d.active AND (d.leaf = d.leaf OR d.leaf IS NULL)
[2025-09-02 17:52:24.935 +03:00  INF]  Executing OkObjectResult, writing value of type 'System.Collections.Generic.List`1[[ITravelApp.Data.Entities.destination_main, ITravelApp.Data, Version=1.0.0.0, Culture=neutral, PublicKeyToken=null]]'.
[2025-09-02 17:52:24.935 +03:00  INF]  Executed action ITravel_App.Controllers.TravelAdminController.GetDestination_Mains (ITravel_App) in 31.527ms
[2025-09-02 17:52:24.935 +03:00  INF]  Executed endpoint 'ITravel_App.Controllers.TravelAdminController.GetDestination_Mains (ITravel_App)'
[2025-09-02 17:52:24.936 +03:00  INF]  Request finished HTTP/2 POST https://localhost:7045/api/TravelAdmin/GetDestinationMain?leaf=false - 200 null application/json; charset=utf-8 33.145ms
[2025-09-02 17:52:25.055 +03:00  INF]  Executed DbCommand (4ms) [Parameters=[], CommandType='"Text"', CommandTimeout='30']
SELECT d.id AS destination_id, CASE
    WHEN d1.id IS NOT NULL THEN d1.id
    ELSE 0
END AS id, d.country_code, d.active, d.dest_code, d1.dest_description, d1.dest_name, d1.lang_code, d.dest_default_name, d.route, d.leaf, d.parent_id, d3.dest_default_name AS parent_name
FROM destination_main AS d
LEFT JOIN (
    SELECT d0.id, d0.dest_description, d0.dest_name, d0.destination_id, d0.lang_code
    FROM destination_translations AS d0
    WHERE d0.active
) AS d1 ON d.id = d1.destination_id
LEFT JOIN (
    SELECT d2.id, d2.dest_default_name
    FROM destination_main AS d2
    WHERE d2.parent_id = 0 AND d2.active
) AS d3 ON d.parent_id = d3.id
WHERE d.active AND (lower(d.country_code) = lower(d.country_code) OR d.country_code IS NULL)
[2025-09-02 17:52:25.092 +03:00  INF]  Executed DbCommand (6ms) [Parameters=[@__s_Key_dest_code_0='?'], CommandType='"Text"', CommandTimeout='30']
SELECT d.id AS destination_id, CASE
    WHEN d1.id IS NOT NULL THEN d1.id
    ELSE 0
END AS id, d.country_code, d.active, d.dest_code, d1.dest_description, d1.dest_name, d1.lang_code, d.dest_default_name, d.route, d.leaf, d.parent_id, d3.dest_default_name AS parent_name
FROM destination_main AS d
LEFT JOIN (
    SELECT d0.id, d0.dest_description, d0.dest_name, d0.destination_id, d0.lang_code
    FROM destination_translations AS d0
    WHERE d0.active
) AS d1 ON d.id = d1.destination_id
LEFT JOIN (
    SELECT d2.id, d2.dest_default_name
    FROM destination_main AS d2
    WHERE d2.parent_id = 0 AND d2.active
) AS d3 ON d.parent_id = d3.id
WHERE d.active AND (lower(d.country_code) = lower(d.country_code) OR d.country_code IS NULL) AND d.dest_code = @__s_Key_dest_code_0
[2025-09-02 17:52:25.098 +03:00  INF]  Executed DbCommand (3ms) [Parameters=[@__s_Key_dest_code_0='?'], CommandType='"Text"', CommandTimeout='30']
SELECT d.id AS destination_id, CASE
    WHEN d1.id IS NOT NULL THEN d1.id
    ELSE 0
END AS id, d.country_code, d.active, d.dest_code, d1.dest_description, d1.dest_name, d1.lang_code, d.dest_default_name, d.route, d.leaf, d.parent_id, d3.dest_default_name AS parent_name
FROM destination_main AS d
LEFT JOIN (
    SELECT d0.id, d0.dest_description, d0.dest_name, d0.destination_id, d0.lang_code
    FROM destination_translations AS d0
    WHERE d0.active
) AS d1 ON d.id = d1.destination_id
LEFT JOIN (
    SELECT d2.id, d2.dest_default_name
    FROM destination_main AS d2
    WHERE d2.parent_id = 0 AND d2.active
) AS d3 ON d.parent_id = d3.id
WHERE d.active AND (lower(d.country_code) = lower(d.country_code) OR d.country_code IS NULL) AND d.dest_code = @__s_Key_dest_code_0
[2025-09-02 17:52:25.100 +03:00  INF]  Executed DbCommand (1ms) [Parameters=[@__s_Key_dest_code_0='?'], CommandType='"Text"', CommandTimeout='30']
SELECT d.id AS destination_id, CASE
    WHEN d1.id IS NOT NULL THEN d1.id
    ELSE 0
END AS id, d.country_code, d.active, d.dest_code, d1.dest_description, d1.dest_name, d1.lang_code, d.dest_default_name, d.route, d.leaf, d.parent_id, d3.dest_default_name AS parent_name
FROM destination_main AS d
LEFT JOIN (
    SELECT d0.id, d0.dest_description, d0.dest_name, d0.destination_id, d0.lang_code
    FROM destination_translations AS d0
    WHERE d0.active
) AS d1 ON d.id = d1.destination_id
LEFT JOIN (
    SELECT d2.id, d2.dest_default_name
    FROM destination_main AS d2
    WHERE d2.parent_id = 0 AND d2.active
) AS d3 ON d.parent_id = d3.id
WHERE d.active AND (lower(d.country_code) = lower(d.country_code) OR d.country_code IS NULL) AND d.dest_code = @__s_Key_dest_code_0
[2025-09-02 17:52:25.100 +03:00  INF]  Executing OkObjectResult, writing value of type 'System.Collections.Generic.List`1[[ITravelApp.Data.Models.destination.DestinationWithTranslations, ITravelApp.Data, Version=1.0.0.0, Culture=neutral, PublicKeyToken=null]]'.
[2025-09-02 17:52:25.110 +03:00  INF]  Executed action ITravel_App.Controllers.TravelAdminController.GetDestinationWithTranslations (ITravel_App) in 198.9495ms
[2025-09-02 17:52:25.110 +03:00  INF]  Executed endpoint 'ITravel_App.Controllers.TravelAdminController.GetDestinationWithTranslations (ITravel_App)'
[2025-09-02 17:52:25.110 +03:00  INF]  Request finished HTTP/2 POST https://localhost:7045/api/TravelAdmin/GetDestinationWithTranslations - 200 null application/json; charset=utf-8 207.2964ms
[2025-09-02 17:55:17.054 +03:00  INF]  Request starting HTTP/2 OPTIONS https://localhost:7045/api/TravelAdmin/GetTransfer_Categories - null null
[2025-09-02 17:55:17.056 +03:00  INF]  CORS policy execution successful.
[2025-09-02 17:55:17.056 +03:00  INF]  Request finished HTTP/2 OPTIONS https://localhost:7045/api/TravelAdmin/GetTransfer_Categories - 204 null null 1.3968ms
[2025-09-02 17:55:17.060 +03:00  INF]  Request starting HTTP/2 POST https://localhost:7045/api/TravelAdmin/GetTransfer_Categories - null 0
[2025-09-02 17:55:17.061 +03:00  INF]  CORS policy execution successful.
[2025-09-02 17:55:17.061 +03:00  INF]  Executing endpoint 'ITravel_App.Controllers.TravelAdminController.GetTransfer_Categories (ITravel_App)'
[2025-09-02 17:55:17.074 +03:00  INF]  Route matched with {action = "GetTransfer_Categories", controller = "TravelAdmin"}. Executing controller action with signature System.Threading.Tasks.Task`1[Microsoft.AspNetCore.Mvc.IActionResult] GetTransfer_Categories() on controller ITravel_App.Controllers.TravelAdminController (ITravel_App).
[2025-09-02 17:55:20.191 +03:00  INF]  Executed DbCommand (7ms) [Parameters=[], CommandType='"Text"', CommandTimeout='30']
SELECT t.id, t.category_code, t.category_name, t.created_at, t.created_by, t.currency_code, t.max_capacity, t.max_price, t.min_capacity, t.min_price, t.updated_at
FROM transfer_category AS t
[2025-09-02 17:55:20.281 +03:00  INF]  Executing OkObjectResult, writing value of type 'System.Collections.Generic.List`1[[ITravelApp.Data.Entities.transfer_category, ITravelApp.Data, Version=1.0.0.0, Culture=neutral, PublicKeyToken=null]]'.
[2025-09-02 17:55:20.330 +03:00  INF]  Executed action ITravel_App.Controllers.TravelAdminController.GetTransfer_Categories (ITravel_App) in 3255.8844ms
[2025-09-02 17:55:20.330 +03:00  INF]  Executed endpoint 'ITravel_App.Controllers.TravelAdminController.GetTransfer_Categories (ITravel_App)'
[2025-09-02 17:55:20.332 +03:00  INF]  Request finished HTTP/2 POST https://localhost:7045/api/TravelAdmin/GetTransfer_Categories - 200 null application/json; charset=utf-8 3271.6522ms
[2025-09-02 17:56:32.496 +03:00  INF]  Request starting HTTP/2 OPTIONS https://localhost:7045/api/TravelAdmin/GetTripCategories - null null
[2025-09-02 17:56:32.500 +03:00  INF]  Request starting HTTP/2 OPTIONS https://localhost:7045/api/TravelAdmin/GetDestinationMain?leaf=true - null null
[2025-09-02 17:56:32.500 +03:00  INF]  CORS policy execution successful.
[2025-09-02 17:56:32.501 +03:00  INF]  Request finished HTTP/2 OPTIONS https://localhost:7045/api/TravelAdmin/GetDestinationMain?leaf=true - 204 null null 1.1ms
[2025-09-02 17:56:32.501 +03:00  INF]  CORS policy execution successful.
[2025-09-02 17:56:32.501 +03:00  INF]  Request finished HTTP/2 OPTIONS https://localhost:7045/api/TravelAdmin/GetTripCategories - 204 null null 4.8633ms
[2025-09-02 17:56:32.501 +03:00  INF]  Request starting HTTP/2 OPTIONS https://localhost:7045/api/TravelAdmin/GetTrip_Mains?destination_id=0&&trip_type=0 - null null
[2025-09-02 17:56:32.501 +03:00  INF]  CORS policy execution successful.
[2025-09-02 17:56:32.502 +03:00  INF]  Request finished HTTP/2 OPTIONS https://localhost:7045/api/TravelAdmin/GetTrip_Mains?destination_id=0&&trip_type=0 - 204 null null 0.7515ms
[2025-09-02 17:56:32.512 +03:00  INF]  Request starting HTTP/2 POST https://localhost:7045/api/TravelAdmin/GetDestinationMain?leaf=true - application/json 2
[2025-09-02 17:56:32.518 +03:00  INF]  CORS policy execution successful.
[2025-09-02 17:56:32.519 +03:00  INF]  Executing endpoint 'ITravel_App.Controllers.TravelAdminController.GetDestination_Mains (ITravel_App)'
[2025-09-02 17:56:32.519 +03:00  INF]  Route matched with {action = "GetDestination_Mains", controller = "TravelAdmin"}. Executing controller action with signature System.Threading.Tasks.Task`1[Microsoft.AspNetCore.Mvc.IActionResult] GetDestination_Mains(Boolean) on controller ITravel_App.Controllers.TravelAdminController (ITravel_App).
[2025-09-02 17:56:32.535 +03:00  INF]  Request starting HTTP/2 POST https://localhost:7045/api/TravelAdmin/GetTripCategories - application/json 2
[2025-09-02 17:56:32.535 +03:00  INF]  Executed DbCommand (12ms) [Parameters=[@__leaf_0='?' (DbType = Boolean)], CommandType='"Text"', CommandTimeout='30']
SELECT d.id, d.active, d.country_code, d.created_at, d.created_by, d.dest_code, d.dest_default_name, d.leaf, d.parent_id, d.route, d.updated_at
FROM destination_main AS d
WHERE d.active AND d.leaf = @__leaf_0
[2025-09-02 17:56:32.543 +03:00  INF]  CORS policy execution successful.
[2025-09-02 17:56:32.544 +03:00  INF]  Executing endpoint 'ITravel_App.Controllers.TravelAdminController.GetTripCategories (ITravel_App)'
[2025-09-02 17:56:32.545 +03:00  INF]  Route matched with {action = "GetTripCategories", controller = "TravelAdmin"}. Executing controller action with signature System.Threading.Tasks.Task`1[Microsoft.AspNetCore.Mvc.IActionResult] GetTripCategories() on controller ITravel_App.Controllers.TravelAdminController (ITravel_App).
[2025-09-02 17:56:32.545 +03:00  INF]  Executing OkObjectResult, writing value of type 'System.Collections.Generic.List`1[[ITravelApp.Data.Entities.destination_main, ITravelApp.Data, Version=1.0.0.0, Culture=neutral, PublicKeyToken=null]]'.
[2025-09-02 17:56:32.639 +03:00  INF]  Executed action ITravel_App.Controllers.TravelAdminController.GetDestination_Mains (ITravel_App) in 106.7445ms
[2025-09-02 17:56:32.639 +03:00  INF]  Executed endpoint 'ITravel_App.Controllers.TravelAdminController.GetDestination_Mains (ITravel_App)'
[2025-09-02 17:56:32.652 +03:00  INF]  Request finished HTTP/2 POST https://localhost:7045/api/TravelAdmin/GetDestinationMain?leaf=true - 200 null application/json; charset=utf-8 139.7495ms
[2025-09-02 17:56:32.655 +03:00  INF]  Executed DbCommand (14ms) [Parameters=[], CommandType='"Text"', CommandTimeout='30']
SELECT t.id, t.type_code, t.type_name
FROM trip_category AS t
[2025-09-02 17:56:32.660 +03:00  INF]  Executing OkObjectResult, writing value of type 'System.Collections.Generic.List`1[[ITravelApp.Data.Entities.trip_category, ITravelApp.Data, Version=1.0.0.0, Culture=neutral, PublicKeyToken=null]]'.
[2025-09-02 17:56:32.660 +03:00  INF]  Request starting HTTP/2 POST https://localhost:7045/api/TravelAdmin/GetTrip_Mains?destination_id=0&&trip_type=0 - application/json 2
[2025-09-02 17:56:32.660 +03:00  INF]  Executed action ITravel_App.Controllers.TravelAdminController.GetTripCategories (ITravel_App) in 115.2058ms
[2025-09-02 17:56:32.660 +03:00  INF]  Executed endpoint 'ITravel_App.Controllers.TravelAdminController.GetTripCategories (ITravel_App)'
[2025-09-02 17:56:32.660 +03:00  INF]  Request finished HTTP/2 POST https://localhost:7045/api/TravelAdmin/GetTripCategories - 200 null application/json; charset=utf-8 131.4003ms
[2025-09-02 17:56:32.661 +03:00  INF]  CORS policy execution successful.
[2025-09-02 17:56:32.661 +03:00  INF]  Executing endpoint 'ITravel_App.Controllers.TravelAdminController.GetTrip_Mains (ITravel_App)'
[2025-09-02 17:56:32.662 +03:00  INF]  Route matched with {action = "GetTrip_Mains", controller = "TravelAdmin"}. Executing controller action with signature System.Threading.Tasks.Task`1[Microsoft.AspNetCore.Mvc.IActionResult] GetTrip_Mains(Int32, Int32) on controller ITravel_App.Controllers.TravelAdminController (ITravel_App).
[2025-09-02 17:56:32.682 +03:00  INF]  Executed DbCommand (12ms) [Parameters=[], CommandType='"Text"', CommandTimeout='30']
SELECT t.destination_id, t.active, t.id, t.pickup, t.route, t.show_in_slider, t.show_in_top, t.trip_code, t.trip_default_name, t.trip_duration, d.country_code, d.dest_code, d.dest_default_name, t.trip_type, t.transfer_category_id
FROM trip_main AS t
INNER JOIN destination_main AS d ON t.destination_id = d.id
WHERE t.trip_type = t.trip_type OR t.trip_type IS NULL
ORDER BY t.id
[2025-09-02 17:56:32.684 +03:00  INF]  Executing OkObjectResult, writing value of type 'System.Collections.Generic.List`1[[ITravelApp.Data.Models.trips.TripMainCast, ITravelApp.Data, Version=1.0.0.0, Culture=neutral, PublicKeyToken=null]]'.
[2025-09-02 17:56:32.684 +03:00  INF]  Executed action ITravel_App.Controllers.TravelAdminController.GetTrip_Mains (ITravel_App) in 22.2992ms
[2025-09-02 17:56:32.684 +03:00  INF]  Executed endpoint 'ITravel_App.Controllers.TravelAdminController.GetTrip_Mains (ITravel_App)'
[2025-09-02 17:56:32.684 +03:00  INF]  Request finished HTTP/2 POST https://localhost:7045/api/TravelAdmin/GetTrip_Mains?destination_id=0&&trip_type=0 - 200 null application/json; charset=utf-8 25.5913ms
