[2025-09-03 10:12:59.010 +03:00  INF]  User profile is available. Using 'C:\Users\Pro\AppData\Local\ASP.NET\DataProtection-Keys' as key repository and Windows DPAPI to encrypt keys at rest.
[2025-09-03 10:13:00.668 +03:00  INF]  Now listening on: https://localhost:7045
[2025-09-03 10:13:00.672 +03:00  INF]  Now listening on: http://localhost:5124
[2025-09-03 10:13:01.090 +03:00  INF]  Application started. Press Ctrl+C to shut down.
[2025-09-03 10:13:01.091 +03:00  INF]  Hosting environment: Development
[2025-09-03 10:13:01.091 +03:00  INF]  Content root path: D:\horizen\api\ITravel_App\ITravel_App
[2025-09-03 10:13:02.379 +03:00  INF]  Request starting HTTP/2 GET https://localhost:7045/swagger/index.html - null null
[2025-09-03 10:13:03.622 +03:00  INF]  Request finished HTTP/2 GET https://localhost:7045/swagger/index.html - 200 null text/html;charset=utf-8 1265.4133ms
[2025-09-03 10:13:03.774 +03:00  INF]  Request starting HTTP/2 GET https://localhost:7045/_framework/aspnetcore-browser-refresh.js - null null
[2025-09-03 10:13:03.880 +03:00  INF]  Request finished HTTP/2 GET https://localhost:7045/_framework/aspnetcore-browser-refresh.js - 200 16507 application/javascript; charset=utf-8 104.4731ms
[2025-09-03 10:13:03.882 +03:00  INF]  Request starting HTTP/2 GET https://localhost:7045/_vs/browserLink - null null
[2025-09-03 10:13:04.143 +03:00  INF]  Request finished HTTP/2 GET https://localhost:7045/_vs/browserLink - 200 null text/javascript; charset=UTF-8 260.5773ms
[2025-09-03 10:13:04.404 +03:00  INF]  Request starting HTTP/2 GET https://localhost:7045/swagger/v1/swagger.json - null null
[2025-09-03 10:13:04.608 +03:00  INF]  Request finished HTTP/2 GET https://localhost:7045/swagger/v1/swagger.json - 200 null application/json;charset=utf-8 203.7348ms
[2025-09-03 10:13:46.512 +03:00  INF]  Request starting HTTP/2 POST https://localhost:7045/api/TravelClient/GetTripsAll - application/json 160
[2025-09-03 10:13:49.628 +03:00  INF]  CORS policy execution successful.
[2025-09-03 10:13:49.634 +03:00  INF]  Executing endpoint 'ITravel_App.Controllers.TravelClientController.GetTripsAll (ITravel_App)'
[2025-09-03 10:13:49.721 +03:00  INF]  Route matched with {action = "GetTripsAll", controller = "TravelClient"}. Executing controller action with signature System.Threading.Tasks.Task`1[Microsoft.AspNetCore.Mvc.IActionResult] GetTripsAll(ITravelApp.Data.Models.trips.TripsReq) on controller ITravel_App.Controllers.TravelClientController (ITravel_App).
[2025-09-03 10:13:56.368 +03:00  INF]  Executed DbCommand (201ms) [Parameters=[@__ToLower_0='?', @__ToLower_1='?', @__ToLower_1_1='?'], CommandType='"Text"', CommandTimeout='30']
SELECT t.country_code, t.currency_code, t.default_img, t.dest_code, t.dest_default_name, t.dest_route, t.destination_id, t.important_info, t.lang_code, t.max_capacity, t.max_price, t.min_capacity, t.min_price, t.pickup, t.route, t.show_in_slider, t.show_in_top, t.transfer_category__code, t.transfer_category_name, t.transfer_currency, t.trip_category_code, t.trip_category_name, t.trip_code, t.trip_default_name, t.trip_description, t.trip_details, t.trip_duration, t.trip_highlight, t.trip_id, t.trip_includes, t.trip_name, t.trip_not_includes, t.trip_origin_price, t.trip_sale_price, t.trip_trans_id, t.trip_type
FROM tripwithdetails AS t
WHERE lower(t.lang_code) = @__ToLower_0 AND (t.trip_type = t.trip_type OR t.trip_type IS NULL) AND (t.show_in_top = t.show_in_top OR t.show_in_top IS NULL) AND (t.destination_id = t.destination_id OR t.destination_id IS NULL) AND (t.currency_code IS NULL OR t.currency_code = '' OR lower(t.currency_code) = @__ToLower_1) AND (t.transfer_currency IS NULL OR t.transfer_currency = '' OR lower(t.transfer_currency) = @__ToLower_1_1) AND (t.show_in_slider = t.show_in_slider OR t.show_in_slider IS NULL)
[2025-09-03 10:13:56.686 +03:00  INF]  Executed DbCommand (27ms) [Parameters=[@__ToLower_1='?', @__trip_id_0='?' (DbType = Decimal)], CommandType='"Text"', CommandTimeout='30']
SELECT f0.facility_desc, f0.facility_name
FROM trip_facility AS t
LEFT JOIN (
    SELECT f.facility_desc, f.facility_id, f.facility_name
    FROM facility_translations AS f
    WHERE lower(f.lang_code) = @__ToLower_1
) AS f0 ON t.facility_id = f0.facility_id
WHERE t.trip_id::numeric = @__trip_id_0
[2025-09-03 10:13:56.722 +03:00  INF]  Executed DbCommand (3ms) [Parameters=[@__trip_id_0='?' (DbType = Decimal)], CommandType='"Text"', CommandTimeout='30']
SELECT t.id, t.img_height, t.img_name, 'http://api.raccoon24.com/' || COALESCE(t.img_path, '') AS img_path, 'http://api.raccoon24.com/' || COALESCE(t.img_resize_path, '') AS img_resize_path, t.img_width, t.is_default, t.trip_id
FROM trip_imgs AS t
WHERE t.trip_id::numeric = @__trip_id_0
[2025-09-03 10:13:56.805 +03:00  INF]  Executed DbCommand (20ms) [Parameters=[@__s_trip_id_0='?' (DbType = Int64), @__s_trip_type_1='?' (DbType = Int16)], CommandType='"Text"', CommandTimeout='30']
SELECT count(*)::int
FROM tbl_reviews AS t
WHERE t.trip_id = @__s_trip_id_0 AND t.trip_type = @__s_trip_type_1
[2025-09-03 10:13:56.832 +03:00  INF]  Executed DbCommand (2ms) [Parameters=[@__s_trip_id_0='?' (DbType = Int64), @__s_trip_type_1='?' (DbType = Int16)], CommandType='"Text"', CommandTimeout='30']
SELECT max(t.review_rate)
FROM tbl_reviews AS t
WHERE t.trip_id = @__s_trip_id_0 AND t.trip_type = @__s_trip_type_1
[2025-09-03 10:13:56.840 +03:00  INF]  Executed DbCommand (2ms) [Parameters=[@__ToLower_1='?', @__trip_id_0='?' (DbType = Decimal)], CommandType='"Text"', CommandTimeout='30']
SELECT f0.facility_desc, f0.facility_name
FROM trip_facility AS t
LEFT JOIN (
    SELECT f.facility_desc, f.facility_id, f.facility_name
    FROM facility_translations AS f
    WHERE lower(f.lang_code) = @__ToLower_1
) AS f0 ON t.facility_id = f0.facility_id
WHERE t.trip_id::numeric = @__trip_id_0
[2025-09-03 10:13:56.845 +03:00  INF]  Executed DbCommand (3ms) [Parameters=[@__trip_id_0='?' (DbType = Decimal)], CommandType='"Text"', CommandTimeout='30']
SELECT t.id, t.img_height, t.img_name, 'http://api.raccoon24.com/' || COALESCE(t.img_path, '') AS img_path, 'http://api.raccoon24.com/' || COALESCE(t.img_resize_path, '') AS img_resize_path, t.img_width, t.is_default, t.trip_id
FROM trip_imgs AS t
WHERE t.trip_id::numeric = @__trip_id_0
[2025-09-03 10:13:56.847 +03:00  INF]  Executed DbCommand (1ms) [Parameters=[@__s_trip_id_0='?' (DbType = Int64), @__s_trip_type_1='?' (DbType = Int16)], CommandType='"Text"', CommandTimeout='30']
SELECT count(*)::int
FROM tbl_reviews AS t
WHERE t.trip_id = @__s_trip_id_0 AND t.trip_type = @__s_trip_type_1
[2025-09-03 10:13:56.848 +03:00  INF]  Executed DbCommand (1ms) [Parameters=[@__s_trip_id_0='?' (DbType = Int64), @__s_trip_type_1='?' (DbType = Int16)], CommandType='"Text"', CommandTimeout='30']
SELECT max(t.review_rate)
FROM tbl_reviews AS t
WHERE t.trip_id = @__s_trip_id_0 AND t.trip_type = @__s_trip_type_1
[2025-09-03 10:13:56.850 +03:00  INF]  Executed DbCommand (1ms) [Parameters=[@__ToLower_1='?', @__trip_id_0='?' (DbType = Decimal)], CommandType='"Text"', CommandTimeout='30']
SELECT f0.facility_desc, f0.facility_name
FROM trip_facility AS t
LEFT JOIN (
    SELECT f.facility_desc, f.facility_id, f.facility_name
    FROM facility_translations AS f
    WHERE lower(f.lang_code) = @__ToLower_1
) AS f0 ON t.facility_id = f0.facility_id
WHERE t.trip_id::numeric = @__trip_id_0
[2025-09-03 10:13:56.853 +03:00  INF]  Executed DbCommand (1ms) [Parameters=[@__trip_id_0='?' (DbType = Decimal)], CommandType='"Text"', CommandTimeout='30']
SELECT t.id, t.img_height, t.img_name, 'http://api.raccoon24.com/' || COALESCE(t.img_path, '') AS img_path, 'http://api.raccoon24.com/' || COALESCE(t.img_resize_path, '') AS img_resize_path, t.img_width, t.is_default, t.trip_id
FROM trip_imgs AS t
WHERE t.trip_id::numeric = @__trip_id_0
[2025-09-03 10:13:56.855 +03:00  INF]  Executed DbCommand (1ms) [Parameters=[@__s_trip_id_0='?' (DbType = Int64), @__s_trip_type_1='?' (DbType = Int16)], CommandType='"Text"', CommandTimeout='30']
SELECT count(*)::int
FROM tbl_reviews AS t
WHERE t.trip_id = @__s_trip_id_0 AND t.trip_type = @__s_trip_type_1
[2025-09-03 10:13:56.857 +03:00  INF]  Executed DbCommand (1ms) [Parameters=[@__s_trip_id_0='?' (DbType = Int64), @__s_trip_type_1='?' (DbType = Int16)], CommandType='"Text"', CommandTimeout='30']
SELECT max(t.review_rate)
FROM tbl_reviews AS t
WHERE t.trip_id = @__s_trip_id_0 AND t.trip_type = @__s_trip_type_1
[2025-09-03 10:13:56.891 +03:00  INF]  Executing OkObjectResult, writing value of type 'System.Collections.Generic.List`1[[ITravelApp.Data.Models.trips.TripsAll, ITravelApp.Data, Version=1.0.0.0, Culture=neutral, PublicKeyToken=null]]'.
[2025-09-03 10:13:56.972 +03:00  INF]  Executed action ITravel_App.Controllers.TravelClientController.GetTripsAll (ITravel_App) in 7243.267ms
[2025-09-03 10:13:56.979 +03:00  INF]  Executed endpoint 'ITravel_App.Controllers.TravelClientController.GetTripsAll (ITravel_App)'
[2025-09-03 10:13:57.006 +03:00  INF]  Request finished HTTP/2 POST https://localhost:7045/api/TravelClient/GetTripsAll - 200 null application/json; charset=utf-8 10493.2375ms
[2025-09-03 10:15:57.788 +03:00  INF]  Request starting HTTP/2 POST https://localhost:7045/api/TravelClient/GetTripsAll - application/json 160
[2025-09-03 10:15:57.849 +03:00  INF]  CORS policy execution successful.
[2025-09-03 10:15:57.850 +03:00  INF]  Executing endpoint 'ITravel_App.Controllers.TravelClientController.GetTripsAll (ITravel_App)'
[2025-09-03 10:15:57.850 +03:00  INF]  Route matched with {action = "GetTripsAll", controller = "TravelClient"}. Executing controller action with signature System.Threading.Tasks.Task`1[Microsoft.AspNetCore.Mvc.IActionResult] GetTripsAll(ITravelApp.Data.Models.trips.TripsReq) on controller ITravel_App.Controllers.TravelClientController (ITravel_App).
[2025-09-03 10:15:57.920 +03:00  INF]  Executed DbCommand (14ms) [Parameters=[@__ToLower_0='?', @__ToLower_1='?', @__ToLower_1_1='?'], CommandType='"Text"', CommandTimeout='30']
SELECT t.country_code, t.currency_code, t.default_img, t.dest_code, t.dest_default_name, t.dest_route, t.destination_id, t.important_info, t.lang_code, t.max_capacity, t.max_price, t.min_capacity, t.min_price, t.pickup, t.route, t.show_in_slider, t.show_in_top, t.transfer_category__code, t.transfer_category_name, t.transfer_currency, t.trip_category_code, t.trip_category_name, t.trip_code, t.trip_default_name, t.trip_description, t.trip_details, t.trip_duration, t.trip_highlight, t.trip_id, t.trip_includes, t.trip_name, t.trip_not_includes, t.trip_origin_price, t.trip_sale_price, t.trip_trans_id, t.trip_type
FROM tripwithdetails AS t
WHERE lower(t.lang_code) = @__ToLower_0 AND (t.trip_type = t.trip_type OR t.trip_type IS NULL) AND (t.show_in_top = t.show_in_top OR t.show_in_top IS NULL) AND (t.destination_id = t.destination_id OR t.destination_id IS NULL) AND (t.currency_code IS NULL OR t.currency_code = '' OR lower(t.currency_code) = @__ToLower_1) AND (t.transfer_currency IS NULL OR t.transfer_currency = '' OR lower(t.transfer_currency) = @__ToLower_1_1) AND (t.show_in_slider = t.show_in_slider OR t.show_in_slider IS NULL)
[2025-09-03 10:15:57.929 +03:00  INF]  Executed DbCommand (1ms) [Parameters=[@__ToLower_1='?', @__trip_id_0='?' (DbType = Decimal)], CommandType='"Text"', CommandTimeout='30']
SELECT f0.facility_desc, f0.facility_name
FROM trip_facility AS t
LEFT JOIN (
    SELECT f.facility_desc, f.facility_id, f.facility_name
    FROM facility_translations AS f
    WHERE lower(f.lang_code) = @__ToLower_1
) AS f0 ON t.facility_id = f0.facility_id
WHERE t.trip_id::numeric = @__trip_id_0
[2025-09-03 10:15:57.932 +03:00  INF]  Executed DbCommand (1ms) [Parameters=[@__trip_id_0='?' (DbType = Decimal)], CommandType='"Text"', CommandTimeout='30']
SELECT t.id, t.img_height, t.img_name, 'http://api.raccoon24.com/' || COALESCE(t.img_path, '') AS img_path, 'http://api.raccoon24.com/' || COALESCE(t.img_resize_path, '') AS img_resize_path, t.img_width, t.is_default, t.trip_id
FROM trip_imgs AS t
WHERE t.trip_id::numeric = @__trip_id_0
[2025-09-03 10:15:57.934 +03:00  INF]  Executed DbCommand (1ms) [Parameters=[@__s_trip_id_0='?' (DbType = Int64), @__s_trip_type_1='?' (DbType = Int16)], CommandType='"Text"', CommandTimeout='30']
SELECT count(*)::int
FROM tbl_reviews AS t
WHERE t.trip_id = @__s_trip_id_0 AND t.trip_type = @__s_trip_type_1
[2025-09-03 10:15:57.936 +03:00  INF]  Executed DbCommand (1ms) [Parameters=[@__s_trip_id_0='?' (DbType = Int64), @__s_trip_type_1='?' (DbType = Int16)], CommandType='"Text"', CommandTimeout='30']
SELECT max(t.review_rate)
FROM tbl_reviews AS t
WHERE t.trip_id = @__s_trip_id_0 AND t.trip_type = @__s_trip_type_1
[2025-09-03 10:15:57.938 +03:00  INF]  Executed DbCommand (1ms) [Parameters=[@__ToLower_1='?', @__trip_id_0='?' (DbType = Decimal)], CommandType='"Text"', CommandTimeout='30']
SELECT f0.facility_desc, f0.facility_name
FROM trip_facility AS t
LEFT JOIN (
    SELECT f.facility_desc, f.facility_id, f.facility_name
    FROM facility_translations AS f
    WHERE lower(f.lang_code) = @__ToLower_1
) AS f0 ON t.facility_id = f0.facility_id
WHERE t.trip_id::numeric = @__trip_id_0
[2025-09-03 10:15:57.944 +03:00  INF]  Executed DbCommand (5ms) [Parameters=[@__trip_id_0='?' (DbType = Decimal)], CommandType='"Text"', CommandTimeout='30']
SELECT t.id, t.img_height, t.img_name, 'http://api.raccoon24.com/' || COALESCE(t.img_path, '') AS img_path, 'http://api.raccoon24.com/' || COALESCE(t.img_resize_path, '') AS img_resize_path, t.img_width, t.is_default, t.trip_id
FROM trip_imgs AS t
WHERE t.trip_id::numeric = @__trip_id_0
[2025-09-03 10:15:57.945 +03:00  INF]  Executed DbCommand (1ms) [Parameters=[@__s_trip_id_0='?' (DbType = Int64), @__s_trip_type_1='?' (DbType = Int16)], CommandType='"Text"', CommandTimeout='30']
SELECT count(*)::int
FROM tbl_reviews AS t
WHERE t.trip_id = @__s_trip_id_0 AND t.trip_type = @__s_trip_type_1
[2025-09-03 10:15:57.947 +03:00  INF]  Executed DbCommand (1ms) [Parameters=[@__s_trip_id_0='?' (DbType = Int64), @__s_trip_type_1='?' (DbType = Int16)], CommandType='"Text"', CommandTimeout='30']
SELECT max(t.review_rate)
FROM tbl_reviews AS t
WHERE t.trip_id = @__s_trip_id_0 AND t.trip_type = @__s_trip_type_1
[2025-09-03 10:15:57.949 +03:00  INF]  Executed DbCommand (1ms) [Parameters=[@__ToLower_1='?', @__trip_id_0='?' (DbType = Decimal)], CommandType='"Text"', CommandTimeout='30']
SELECT f0.facility_desc, f0.facility_name
FROM trip_facility AS t
LEFT JOIN (
    SELECT f.facility_desc, f.facility_id, f.facility_name
    FROM facility_translations AS f
    WHERE lower(f.lang_code) = @__ToLower_1
) AS f0 ON t.facility_id = f0.facility_id
WHERE t.trip_id::numeric = @__trip_id_0
[2025-09-03 10:15:57.952 +03:00  INF]  Executed DbCommand (1ms) [Parameters=[@__trip_id_0='?' (DbType = Decimal)], CommandType='"Text"', CommandTimeout='30']
SELECT t.id, t.img_height, t.img_name, 'http://api.raccoon24.com/' || COALESCE(t.img_path, '') AS img_path, 'http://api.raccoon24.com/' || COALESCE(t.img_resize_path, '') AS img_resize_path, t.img_width, t.is_default, t.trip_id
FROM trip_imgs AS t
WHERE t.trip_id::numeric = @__trip_id_0
[2025-09-03 10:15:57.953 +03:00  INF]  Executed DbCommand (1ms) [Parameters=[@__s_trip_id_0='?' (DbType = Int64), @__s_trip_type_1='?' (DbType = Int16)], CommandType='"Text"', CommandTimeout='30']
SELECT count(*)::int
FROM tbl_reviews AS t
WHERE t.trip_id = @__s_trip_id_0 AND t.trip_type = @__s_trip_type_1
[2025-09-03 10:15:57.955 +03:00  INF]  Executed DbCommand (0ms) [Parameters=[@__s_trip_id_0='?' (DbType = Int64), @__s_trip_type_1='?' (DbType = Int16)], CommandType='"Text"', CommandTimeout='30']
SELECT max(t.review_rate)
FROM tbl_reviews AS t
WHERE t.trip_id = @__s_trip_id_0 AND t.trip_type = @__s_trip_type_1
[2025-09-03 10:15:57.957 +03:00  INF]  Executing OkObjectResult, writing value of type 'System.Collections.Generic.List`1[[ITravelApp.Data.Models.trips.TripsAll, ITravelApp.Data, Version=1.0.0.0, Culture=neutral, PublicKeyToken=null]]'.
[2025-09-03 10:15:57.964 +03:00  INF]  Executed action ITravel_App.Controllers.TravelClientController.GetTripsAll (ITravel_App) in 112.9104ms
[2025-09-03 10:15:57.964 +03:00  INF]  Executed endpoint 'ITravel_App.Controllers.TravelClientController.GetTripsAll (ITravel_App)'
[2025-09-03 10:15:57.965 +03:00  INF]  Request finished HTTP/2 POST https://localhost:7045/api/TravelClient/GetTripsAll - 200 null application/json; charset=utf-8 177.3862ms
[2025-09-03 10:26:08.683 +03:00  INF]  User profile is available. Using 'C:\Users\Pro\AppData\Local\ASP.NET\DataProtection-Keys' as key repository and Windows DPAPI to encrypt keys at rest.
[2025-09-03 10:26:09.559 +03:00  INF]  Now listening on: https://localhost:7045
[2025-09-03 10:26:09.560 +03:00  INF]  Now listening on: http://localhost:5124
[2025-09-03 10:26:11.184 +03:00  INF]  Application started. Press Ctrl+C to shut down.
[2025-09-03 10:26:11.184 +03:00  INF]  Hosting environment: Development
[2025-09-03 10:26:11.184 +03:00  INF]  Content root path: D:\horizen\api\ITravel_App\ITravel_App
[2025-09-03 10:26:11.782 +03:00  INF]  Request starting HTTP/2 GET https://localhost:7045/swagger/index.html - null null
[2025-09-03 10:26:13.625 +03:00  INF]  Request finished HTTP/2 GET https://localhost:7045/swagger/index.html - 200 null text/html;charset=utf-8 1877.5591ms
[2025-09-03 10:26:16.431 +03:00  INF]  Request starting HTTP/2 GET https://localhost:7045/_framework/aspnetcore-browser-refresh.js - null null
[2025-09-03 10:26:16.444 +03:00  INF]  Request finished HTTP/2 GET https://localhost:7045/_framework/aspnetcore-browser-refresh.js - 200 16507 application/javascript; charset=utf-8 13.3881ms
[2025-09-03 10:26:17.352 +03:00  INF]  Request starting HTTP/2 GET https://localhost:7045/_vs/browserLink - null null
[2025-09-03 10:26:17.450 +03:00  INF]  Request finished HTTP/2 GET https://localhost:7045/_vs/browserLink - 200 null text/javascript; charset=UTF-8 98.5264ms
[2025-09-03 10:26:18.122 +03:00  INF]  Request starting HTTP/2 GET https://localhost:7045/swagger/v1/swagger.json - null null
[2025-09-03 10:26:18.238 +03:00  INF]  Request finished HTTP/2 GET https://localhost:7045/swagger/v1/swagger.json - 200 null application/json;charset=utf-8 115.4694ms
[2025-09-03 10:26:49.322 +03:00  INF]  Request starting HTTP/2 POST https://localhost:7045/api/TravelClient/GetTripDetails - application/json 102
[2025-09-03 10:26:49.623 +03:00  INF]  CORS policy execution successful.
[2025-09-03 10:26:49.633 +03:00  INF]  Executing endpoint 'ITravel_App.Controllers.TravelClientController.GetTripDetails (ITravel_App)'
[2025-09-03 10:26:49.724 +03:00  INF]  Route matched with {action = "GetTripDetails", controller = "TravelClient"}. Executing controller action with signature System.Threading.Tasks.Task`1[Microsoft.AspNetCore.Mvc.IActionResult] GetTripDetails(ITravelApp.Data.Models.trips.TripDetailsReq) on controller ITravel_App.Controllers.TravelClientController (ITravel_App).
[2025-09-03 10:26:54.100 +03:00  INF]  Executed DbCommand (222ms) [Parameters=[@__ToLower_0='?', @__req_trip_id_1='?' (DbType = Int64), @__req_trip_type_2='?' (DbType = Int32), @__ToLower_3='?', @__ToLower_3_1='?'], CommandType='"Text"', CommandTimeout='30']
SELECT t.country_code, t.currency_code, t.default_img, t.dest_code, t.dest_default_name, t.dest_route, t.destination_id, t.important_info, t.lang_code, t.max_capacity, t.max_price, t.min_capacity, t.min_price, t.pickup, t.route, t.show_in_slider, t.show_in_top, t.transfer_category__code, t.transfer_category_name, t.transfer_category_notes, t.transfer_child_price, t.transfer_currency, t.trip_category_code, t.trip_category_name, t.trip_child_price, t.trip_code, t.trip_default_name, t.trip_description, t.trip_details, t.trip_duration, t.trip_highlight, t.trip_id, t.trip_includes, t.trip_name, t.trip_not_includes, t.trip_origin_price, t.trip_price_notes, t.trip_sale_price, t.trip_trans_id, t.trip_type
FROM tripwithdetails AS t
WHERE lower(t.lang_code) = @__ToLower_0 AND t.trip_id = @__req_trip_id_1 AND t.trip_type = @__req_trip_type_2 AND (t.currency_code IS NULL OR t.currency_code = '' OR lower(t.currency_code) = @__ToLower_3) AND (t.transfer_currency IS NULL OR t.transfer_currency = '' OR lower(t.transfer_currency) = @__ToLower_3_1)
[2025-09-03 10:26:54.443 +03:00  INF]  Executed DbCommand (16ms) [Parameters=[@__ToLower_1='?', @__trip_id_0='?' (DbType = Decimal)], CommandType='"Text"', CommandTimeout='30']
SELECT f0.facility_desc, f0.facility_name
FROM trip_facility AS t
LEFT JOIN (
    SELECT f.facility_desc, f.facility_id, f.facility_name
    FROM facility_translations AS f
    WHERE lower(f.lang_code) = @__ToLower_1
) AS f0 ON t.facility_id = f0.facility_id
WHERE t.trip_id::numeric = @__trip_id_0
[2025-09-03 10:26:54.484 +03:00  INF]  Executed DbCommand (6ms) [Parameters=[@__trip_id_0='?' (DbType = Decimal)], CommandType='"Text"', CommandTimeout='30']
SELECT t.id, t.img_height, t.img_name, 'http://api.raccoon24.com/' || COALESCE(t.img_path, '') AS img_path, 'http://api.raccoon24.com/' || COALESCE(t.img_resize_path, '') AS img_resize_path, t.img_width, t.is_default, t.trip_id
FROM trip_imgs AS t
WHERE t.trip_id::numeric = @__trip_id_0
[2025-09-03 10:26:54.566 +03:00  INF]  Executed DbCommand (15ms) [Parameters=[@__s_trip_id_0='?' (DbType = Int64), @__s_trip_type_1='?' (DbType = Int16)], CommandType='"Text"', CommandTimeout='30']
SELECT count(*)::int
FROM tbl_reviews AS t
WHERE t.trip_id = @__s_trip_id_0 AND t.trip_type = @__s_trip_type_1
[2025-09-03 10:26:54.600 +03:00  INF]  Executed DbCommand (4ms) [Parameters=[@__s_trip_id_0='?' (DbType = Int64), @__s_trip_type_1='?' (DbType = Int16)], CommandType='"Text"', CommandTimeout='30']
SELECT max(t.review_rate)
FROM tbl_reviews AS t
WHERE t.trip_id = @__s_trip_id_0 AND t.trip_type = @__s_trip_type_1
[2025-09-03 10:26:54.623 +03:00  INF]  Executing OkObjectResult, writing value of type 'ITravelApp.Data.Models.trips.TripsAll'.
[2025-09-03 10:26:54.735 +03:00  INF]  Executed action ITravel_App.Controllers.TravelClientController.GetTripDetails (ITravel_App) in 5001.6901ms
[2025-09-03 10:26:54.736 +03:00  INF]  Executed endpoint 'ITravel_App.Controllers.TravelClientController.GetTripDetails (ITravel_App)'
[2025-09-03 10:26:54.779 +03:00  INF]  Request finished HTTP/2 POST https://localhost:7045/api/TravelClient/GetTripDetails - 200 null application/json; charset=utf-8 5456.1729ms
[2025-09-03 10:27:15.059 +03:00  INF]  Request starting HTTP/2 POST https://localhost:7045/api/TravelClient/GetTripDetails - application/json 102
[2025-09-03 10:27:15.075 +03:00  INF]  CORS policy execution successful.
[2025-09-03 10:27:15.075 +03:00  INF]  Executing endpoint 'ITravel_App.Controllers.TravelClientController.GetTripDetails (ITravel_App)'
[2025-09-03 10:27:15.076 +03:00  INF]  Route matched with {action = "GetTripDetails", controller = "TravelClient"}. Executing controller action with signature System.Threading.Tasks.Task`1[Microsoft.AspNetCore.Mvc.IActionResult] GetTripDetails(ITravelApp.Data.Models.trips.TripDetailsReq) on controller ITravel_App.Controllers.TravelClientController (ITravel_App).
[2025-09-03 10:27:15.148 +03:00  INF]  Executed DbCommand (10ms) [Parameters=[@__ToLower_0='?', @__req_trip_id_1='?' (DbType = Int64), @__req_trip_type_2='?' (DbType = Int32), @__ToLower_3='?', @__ToLower_3_1='?'], CommandType='"Text"', CommandTimeout='30']
SELECT t.country_code, t.currency_code, t.default_img, t.dest_code, t.dest_default_name, t.dest_route, t.destination_id, t.important_info, t.lang_code, t.max_capacity, t.max_price, t.min_capacity, t.min_price, t.pickup, t.route, t.show_in_slider, t.show_in_top, t.transfer_category__code, t.transfer_category_name, t.transfer_category_notes, t.transfer_child_price, t.transfer_currency, t.trip_category_code, t.trip_category_name, t.trip_child_price, t.trip_code, t.trip_default_name, t.trip_description, t.trip_details, t.trip_duration, t.trip_highlight, t.trip_id, t.trip_includes, t.trip_name, t.trip_not_includes, t.trip_origin_price, t.trip_price_notes, t.trip_sale_price, t.trip_trans_id, t.trip_type
FROM tripwithdetails AS t
WHERE lower(t.lang_code) = @__ToLower_0 AND t.trip_id = @__req_trip_id_1 AND t.trip_type = @__req_trip_type_2 AND (t.currency_code IS NULL OR t.currency_code = '' OR lower(t.currency_code) = @__ToLower_3) AND (t.transfer_currency IS NULL OR t.transfer_currency = '' OR lower(t.transfer_currency) = @__ToLower_3_1)
[2025-09-03 10:27:15.165 +03:00  INF]  Executed DbCommand (1ms) [Parameters=[@__ToLower_1='?', @__trip_id_0='?' (DbType = Decimal)], CommandType='"Text"', CommandTimeout='30']
SELECT f0.facility_desc, f0.facility_name
FROM trip_facility AS t
LEFT JOIN (
    SELECT f.facility_desc, f.facility_id, f.facility_name
    FROM facility_translations AS f
    WHERE lower(f.lang_code) = @__ToLower_1
) AS f0 ON t.facility_id = f0.facility_id
WHERE t.trip_id::numeric = @__trip_id_0
[2025-09-03 10:27:15.172 +03:00  INF]  Executed DbCommand (6ms) [Parameters=[@__trip_id_0='?' (DbType = Decimal)], CommandType='"Text"', CommandTimeout='30']
SELECT t.id, t.img_height, t.img_name, 'http://api.raccoon24.com/' || COALESCE(t.img_path, '') AS img_path, 'http://api.raccoon24.com/' || COALESCE(t.img_resize_path, '') AS img_resize_path, t.img_width, t.is_default, t.trip_id
FROM trip_imgs AS t
WHERE t.trip_id::numeric = @__trip_id_0
[2025-09-03 10:27:15.177 +03:00  INF]  Executed DbCommand (1ms) [Parameters=[@__s_trip_id_0='?' (DbType = Int64), @__s_trip_type_1='?' (DbType = Int16)], CommandType='"Text"', CommandTimeout='30']
SELECT count(*)::int
FROM tbl_reviews AS t
WHERE t.trip_id = @__s_trip_id_0 AND t.trip_type = @__s_trip_type_1
[2025-09-03 10:27:15.179 +03:00  INF]  Executed DbCommand (1ms) [Parameters=[@__s_trip_id_0='?' (DbType = Int64), @__s_trip_type_1='?' (DbType = Int16)], CommandType='"Text"', CommandTimeout='30']
SELECT max(t.review_rate)
FROM tbl_reviews AS t
WHERE t.trip_id = @__s_trip_id_0 AND t.trip_type = @__s_trip_type_1
[2025-09-03 10:27:15.181 +03:00  INF]  Executing OkObjectResult, writing value of type 'ITravelApp.Data.Models.trips.TripsAll'.
[2025-09-03 10:27:15.182 +03:00  INF]  Executed action ITravel_App.Controllers.TravelClientController.GetTripDetails (ITravel_App) in 105.2981ms
[2025-09-03 10:27:15.182 +03:00  INF]  Executed endpoint 'ITravel_App.Controllers.TravelClientController.GetTripDetails (ITravel_App)'
[2025-09-03 10:27:15.183 +03:00  INF]  Request finished HTTP/2 POST https://localhost:7045/api/TravelClient/GetTripDetails - 200 null application/json; charset=utf-8 128.8524ms
[2025-09-03 10:27:49.446 +03:00  INF]  Request starting HTTP/2 POST https://localhost:7045/api/TravelClient/GetTripDetails - application/json 138
[2025-09-03 10:27:49.452 +03:00  INF]  CORS policy execution successful.
[2025-09-03 10:27:49.452 +03:00  INF]  Executing endpoint 'ITravel_App.Controllers.TravelClientController.GetTripDetails (ITravel_App)'
[2025-09-03 10:27:49.452 +03:00  INF]  Route matched with {action = "GetTripDetails", controller = "TravelClient"}. Executing controller action with signature System.Threading.Tasks.Task`1[Microsoft.AspNetCore.Mvc.IActionResult] GetTripDetails(ITravelApp.Data.Models.trips.TripDetailsReq) on controller ITravel_App.Controllers.TravelClientController (ITravel_App).
[2025-09-03 10:27:49.682 +03:00  INF]  Executed DbCommand (4ms) [Parameters=[@__ToLower_0='?', @__req_trip_id_1='?' (DbType = Int64), @__req_trip_type_2='?' (DbType = Int32), @__ToLower_3='?', @__ToLower_3_1='?'], CommandType='"Text"', CommandTimeout='30']
SELECT t.country_code, t.currency_code, t.default_img, t.dest_code, t.dest_default_name, t.dest_route, t.destination_id, t.important_info, t.lang_code, t.max_capacity, t.max_price, t.min_capacity, t.min_price, t.pickup, t.route, t.show_in_slider, t.show_in_top, t.transfer_category__code, t.transfer_category_name, t.transfer_category_notes, t.transfer_child_price, t.transfer_currency, t.trip_category_code, t.trip_category_name, t.trip_child_price, t.trip_code, t.trip_default_name, t.trip_description, t.trip_details, t.trip_duration, t.trip_highlight, t.trip_id, t.trip_includes, t.trip_name, t.trip_not_includes, t.trip_origin_price, t.trip_price_notes, t.trip_sale_price, t.trip_trans_id, t.trip_type
FROM tripwithdetails AS t
WHERE lower(t.lang_code) = @__ToLower_0 AND t.trip_id = @__req_trip_id_1 AND t.trip_type = @__req_trip_type_2 AND (t.currency_code IS NULL OR t.currency_code = '' OR lower(t.currency_code) = @__ToLower_3) AND (t.transfer_currency IS NULL OR t.transfer_currency = '' OR lower(t.transfer_currency) = @__ToLower_3_1)
[2025-09-03 10:27:49.712 +03:00  INF]  Executed DbCommand (2ms) [Parameters=[@__trip_id_0='?' (DbType = Int64), @__client_id_1='?', @__trip_type_2='?' (DbType = Int16)], CommandType='"Text"', CommandTimeout='30']
SELECT t.id, t.client_id, t.created_at, t.trip_id, t.trip_type
FROM trips_wishlist AS t
WHERE t.trip_id = @__trip_id_0 AND t.client_id = @__client_id_1 AND t.trip_type = @__trip_type_2
LIMIT 2
[2025-09-03 10:27:49.911 +03:00  INF]  Executed DbCommand (1ms) [Parameters=[@__trip_id_0='?' (DbType = Int64), @__client_id_1='?', @__trip_type_2='?' (DbType = Int16)], CommandType='"Text"', CommandTimeout='30']
SELECT t.id, t.client_id, t.created_at, t.trip_id, t.trip_type
FROM trips_wishlist AS t
WHERE t.trip_id = @__trip_id_0 AND t.client_id = @__client_id_1 AND t.trip_type = @__trip_type_2
LIMIT 2
[2025-09-03 10:27:49.916 +03:00  INF]  Executed DbCommand (1ms) [Parameters=[@__trip_id_0='?' (DbType = Int64), @__client_id_1='?', @__trip_type_2='?' (DbType = Int16)], CommandType='"Text"', CommandTimeout='30']
SELECT t.id, t.client_id, t.created_at, t.trip_id, t.trip_type
FROM trips_wishlist AS t
WHERE t.trip_id = @__trip_id_0 AND t.client_id = @__client_id_1 AND t.trip_type = @__trip_type_2
LIMIT 2
[2025-09-03 10:27:49.918 +03:00  INF]  Executed DbCommand (1ms) [Parameters=[@__trip_id_0='?' (DbType = Int64), @__client_id_1='?', @__trip_type_2='?' (DbType = Int16)], CommandType='"Text"', CommandTimeout='30']
SELECT t.id, t.client_id, t.created_at, t.trip_id, t.trip_type
FROM trips_wishlist AS t
WHERE t.trip_id = @__trip_id_0 AND t.client_id = @__client_id_1 AND t.trip_type = @__trip_type_2
LIMIT 2
[2025-09-03 10:27:49.932 +03:00  INF]  Executed DbCommand (1ms) [Parameters=[@__ToLower_1='?', @__trip_id_0='?' (DbType = Decimal)], CommandType='"Text"', CommandTimeout='30']
SELECT f0.facility_desc, f0.facility_name
FROM trip_facility AS t
LEFT JOIN (
    SELECT f.facility_desc, f.facility_id, f.facility_name
    FROM facility_translations AS f
    WHERE lower(f.lang_code) = @__ToLower_1
) AS f0 ON t.facility_id = f0.facility_id
WHERE t.trip_id::numeric = @__trip_id_0
[2025-09-03 10:27:49.939 +03:00  INF]  Executed DbCommand (5ms) [Parameters=[@__trip_id_0='?' (DbType = Decimal)], CommandType='"Text"', CommandTimeout='30']
SELECT t.id, t.img_height, t.img_name, 'http://api.raccoon24.com/' || COALESCE(t.img_path, '') AS img_path, 'http://api.raccoon24.com/' || COALESCE(t.img_resize_path, '') AS img_resize_path, t.img_width, t.is_default, t.trip_id
FROM trip_imgs AS t
WHERE t.trip_id::numeric = @__trip_id_0
[2025-09-03 10:27:49.957 +03:00  INF]  Executed DbCommand (4ms) [Parameters=[@__s_trip_id_0='?' (DbType = Int64), @__s_trip_type_1='?' (DbType = Int16)], CommandType='"Text"', CommandTimeout='30']
SELECT count(*)::int
FROM tbl_reviews AS t
WHERE t.trip_id = @__s_trip_id_0 AND t.trip_type = @__s_trip_type_1
[2025-09-03 10:27:49.958 +03:00  INF]  Executed DbCommand (1ms) [Parameters=[@__s_trip_id_0='?' (DbType = Int64), @__s_trip_type_1='?' (DbType = Int16)], CommandType='"Text"', CommandTimeout='30']
SELECT max(t.review_rate)
FROM tbl_reviews AS t
WHERE t.trip_id = @__s_trip_id_0 AND t.trip_type = @__s_trip_type_1
[2025-09-03 10:27:49.959 +03:00  INF]  Executing OkObjectResult, writing value of type 'ITravelApp.Data.Models.trips.TripsAll'.
[2025-09-03 10:27:49.959 +03:00  INF]  Executed action ITravel_App.Controllers.TravelClientController.GetTripDetails (ITravel_App) in 507.2211ms
[2025-09-03 10:27:49.959 +03:00  INF]  Executed endpoint 'ITravel_App.Controllers.TravelClientController.GetTripDetails (ITravel_App)'
[2025-09-03 10:27:49.960 +03:00  INF]  Request finished HTTP/2 POST https://localhost:7045/api/TravelClient/GetTripDetails - 200 null application/json; charset=utf-8 513.6212ms
[2025-09-03 10:28:21.246 +03:00  INF]  Request starting HTTP/2 POST https://localhost:7045/api/TravelClient/GetTripsForSlider - application/json 159
[2025-09-03 10:28:21.247 +03:00  INF]  CORS policy execution successful.
[2025-09-03 10:28:21.247 +03:00  INF]  Executing endpoint 'ITravel_App.Controllers.TravelClientController.GetTripsForSlider (ITravel_App)'
[2025-09-03 10:28:21.261 +03:00  INF]  Route matched with {action = "GetTripsForSlider", controller = "TravelClient"}. Executing controller action with signature System.Threading.Tasks.Task`1[Microsoft.AspNetCore.Mvc.IActionResult] GetTripsForSlider(ITravelApp.Data.Models.trips.TripsReq) on controller ITravel_App.Controllers.TravelClientController (ITravel_App).
[2025-09-03 10:28:21.331 +03:00  INF]  Executed DbCommand (11ms) [Parameters=[@__ToLower_0='?', @__req_trip_type_1='?' (DbType = Int32), @__ToLower_2='?', @__ToLower_2_1='?'], CommandType='"Text"', CommandTimeout='30']
SELECT t.country_code, t.currency_code, t.default_img, t.dest_code, t.dest_default_name, t.dest_route, t.destination_id, t.important_info, t.lang_code, t.max_capacity, t.max_price, t.min_capacity, t.min_price, t.pickup, t.route, t.show_in_slider, t.show_in_top, t.transfer_category__code, t.transfer_category_name, t.transfer_category_notes, t.transfer_child_price, t.transfer_currency, t.trip_category_code, t.trip_category_name, t.trip_child_price, t.trip_code, t.trip_default_name, t.trip_description, t.trip_details, t.trip_duration, t.trip_highlight, t.trip_id, t.trip_includes, t.trip_name, t.trip_not_includes, t.trip_origin_price, t.trip_price_notes, t.trip_sale_price, t.trip_trans_id, t.trip_type
FROM tripwithdetails AS t
WHERE lower(t.lang_code) = @__ToLower_0 AND t.show_in_slider AND t.trip_type = @__req_trip_type_1 AND (t.destination_id = t.destination_id OR t.destination_id IS NULL) AND (t.currency_code IS NULL OR t.currency_code = '' OR lower(t.currency_code) = @__ToLower_2) AND (t.transfer_currency IS NULL OR t.transfer_currency = '' OR lower(t.transfer_currency) = @__ToLower_2_1)
[2025-09-03 10:28:21.341 +03:00  INF]  Executing OkObjectResult, writing value of type 'System.Collections.Generic.List`1[[ITravelApp.Data.Entities.tripwithdetail, ITravelApp.Data, Version=1.0.0.0, Culture=neutral, PublicKeyToken=null]]'.
[2025-09-03 10:28:21.358 +03:00  INF]  Executed action ITravel_App.Controllers.TravelClientController.GetTripsForSlider (ITravel_App) in 96.5975ms
[2025-09-03 10:28:21.358 +03:00  INF]  Executed endpoint 'ITravel_App.Controllers.TravelClientController.GetTripsForSlider (ITravel_App)'
[2025-09-03 10:28:21.359 +03:00  INF]  Request finished HTTP/2 POST https://localhost:7045/api/TravelClient/GetTripsForSlider - 200 null application/json; charset=utf-8 128.9003ms
[2025-09-03 10:28:32.700 +03:00  INF]  Request starting HTTP/2 POST https://localhost:7045/api/TravelClient/GetTripsForSlider - application/json 195
[2025-09-03 10:28:32.701 +03:00  INF]  CORS policy execution successful.
[2025-09-03 10:28:32.701 +03:00  INF]  Executing endpoint 'ITravel_App.Controllers.TravelClientController.GetTripsForSlider (ITravel_App)'
[2025-09-03 10:28:32.701 +03:00  INF]  Route matched with {action = "GetTripsForSlider", controller = "TravelClient"}. Executing controller action with signature System.Threading.Tasks.Task`1[Microsoft.AspNetCore.Mvc.IActionResult] GetTripsForSlider(ITravelApp.Data.Models.trips.TripsReq) on controller ITravel_App.Controllers.TravelClientController (ITravel_App).
[2025-09-03 10:28:32.710 +03:00  INF]  Executed DbCommand (6ms) [Parameters=[@__ToLower_0='?', @__req_trip_type_1='?' (DbType = Int32), @__ToLower_2='?', @__ToLower_2_1='?'], CommandType='"Text"', CommandTimeout='30']
SELECT t.country_code, t.currency_code, t.default_img, t.dest_code, t.dest_default_name, t.dest_route, t.destination_id, t.important_info, t.lang_code, t.max_capacity, t.max_price, t.min_capacity, t.min_price, t.pickup, t.route, t.show_in_slider, t.show_in_top, t.transfer_category__code, t.transfer_category_name, t.transfer_category_notes, t.transfer_child_price, t.transfer_currency, t.trip_category_code, t.trip_category_name, t.trip_child_price, t.trip_code, t.trip_default_name, t.trip_description, t.trip_details, t.trip_duration, t.trip_highlight, t.trip_id, t.trip_includes, t.trip_name, t.trip_not_includes, t.trip_origin_price, t.trip_price_notes, t.trip_sale_price, t.trip_trans_id, t.trip_type
FROM tripwithdetails AS t
WHERE lower(t.lang_code) = @__ToLower_0 AND t.show_in_slider AND t.trip_type = @__req_trip_type_1 AND (t.destination_id = t.destination_id OR t.destination_id IS NULL) AND (t.currency_code IS NULL OR t.currency_code = '' OR lower(t.currency_code) = @__ToLower_2) AND (t.transfer_currency IS NULL OR t.transfer_currency = '' OR lower(t.transfer_currency) = @__ToLower_2_1)
[2025-09-03 10:28:32.711 +03:00  INF]  Executing OkObjectResult, writing value of type 'System.Collections.Generic.List`1[[ITravelApp.Data.Entities.tripwithdetail, ITravelApp.Data, Version=1.0.0.0, Culture=neutral, PublicKeyToken=null]]'.
[2025-09-03 10:28:32.711 +03:00  INF]  Executed action ITravel_App.Controllers.TravelClientController.GetTripsForSlider (ITravel_App) in 10.2336ms
[2025-09-03 10:28:32.711 +03:00  INF]  Executed endpoint 'ITravel_App.Controllers.TravelClientController.GetTripsForSlider (ITravel_App)'
[2025-09-03 10:28:32.712 +03:00  INF]  Request finished HTTP/2 POST https://localhost:7045/api/TravelClient/GetTripsForSlider - 200 null application/json; charset=utf-8 11.6997ms
[2025-09-03 10:40:28.950 +03:00  INF]  User profile is available. Using 'C:\Users\Pro\AppData\Local\ASP.NET\DataProtection-Keys' as key repository and Windows DPAPI to encrypt keys at rest.
[2025-09-03 10:40:29.428 +03:00  INF]  Now listening on: https://localhost:7045
[2025-09-03 10:40:29.429 +03:00  INF]  Now listening on: http://localhost:5124
[2025-09-03 10:40:29.664 +03:00  INF]  Application started. Press Ctrl+C to shut down.
[2025-09-03 10:40:29.664 +03:00  INF]  Hosting environment: Development
[2025-09-03 10:40:29.664 +03:00  INF]  Content root path: D:\horizen\api\ITravel_App\ITravel_App
[2025-09-03 10:40:31.246 +03:00  INF]  Request starting HTTP/2 GET https://localhost:7045/swagger/index.html - null null
[2025-09-03 10:40:31.830 +03:00  INF]  Request finished HTTP/2 GET https://localhost:7045/swagger/index.html - 200 null text/html;charset=utf-8 592.4386ms
[2025-09-03 10:40:31.859 +03:00  INF]  Request starting HTTP/2 GET https://localhost:7045/_framework/aspnetcore-browser-refresh.js - null null
[2025-09-03 10:40:31.896 +03:00  INF]  Request starting HTTP/2 GET https://localhost:7045/_vs/browserLink - null null
[2025-09-03 10:40:31.898 +03:00  INF]  Request finished HTTP/2 GET https://localhost:7045/_framework/aspnetcore-browser-refresh.js - 200 16507 application/javascript; charset=utf-8 39.0654ms
[2025-09-03 10:40:32.047 +03:00  INF]  Request finished HTTP/2 GET https://localhost:7045/_vs/browserLink - 200 null text/javascript; charset=UTF-8 150.2313ms
[2025-09-03 10:40:32.160 +03:00  INF]  Request starting HTTP/2 GET https://localhost:7045/swagger/v1/swagger.json - null null
[2025-09-03 10:40:32.354 +03:00  INF]  Request finished HTTP/2 GET https://localhost:7045/swagger/v1/swagger.json - 200 null application/json;charset=utf-8 194.1011ms
[2025-09-03 10:40:54.423 +03:00  INF]  Request starting HTTP/2 OPTIONS https://localhost:7045/api/TravelAdmin/GetTransfer_Categories - null null
[2025-09-03 10:40:54.827 +03:00  INF]  CORS policy execution successful.
[2025-09-03 10:40:54.829 +03:00  INF]  Request finished HTTP/2 OPTIONS https://localhost:7045/api/TravelAdmin/GetTransfer_Categories - 204 null null 406.3557ms
[2025-09-03 10:40:54.843 +03:00  INF]  Request starting HTTP/2 POST https://localhost:7045/api/TravelAdmin/GetTransfer_Categories - null 0
[2025-09-03 10:40:55.130 +03:00  INF]  CORS policy execution successful.
[2025-09-03 10:40:55.134 +03:00  INF]  Executing endpoint 'ITravel_App.Controllers.TravelAdminController.GetTransfer_Categories (ITravel_App)'
[2025-09-03 10:40:55.209 +03:00  INF]  Route matched with {action = "GetTransfer_Categories", controller = "TravelAdmin"}. Executing controller action with signature System.Threading.Tasks.Task`1[Microsoft.AspNetCore.Mvc.IActionResult] GetTransfer_Categories() on controller ITravel_App.Controllers.TravelAdminController (ITravel_App).
[2025-09-03 10:41:04.373 +03:00  INF]  Executed DbCommand (33ms) [Parameters=[], CommandType='"Text"', CommandTimeout='30']
SELECT t.id, t.category_code, t.category_name, t.child_price, t.created_at, t.created_by, t.currency_code, t.max_capacity, t.max_price, t.min_capacity, t.min_price, t.notes, t.updated_at
FROM transfer_category AS t
[2025-09-03 10:41:04.646 +03:00  INF]  Executing OkObjectResult, writing value of type 'System.Collections.Generic.List`1[[ITravelApp.Data.Entities.transfer_category, ITravelApp.Data, Version=1.0.0.0, Culture=neutral, PublicKeyToken=null]]'.
[2025-09-03 10:41:04.684 +03:00  INF]  Executed action ITravel_App.Controllers.TravelAdminController.GetTransfer_Categories (ITravel_App) in 9469.3332ms
[2025-09-03 10:41:04.684 +03:00  INF]  Executed endpoint 'ITravel_App.Controllers.TravelAdminController.GetTransfer_Categories (ITravel_App)'
[2025-09-03 10:41:04.700 +03:00  INF]  Request finished HTTP/2 POST https://localhost:7045/api/TravelAdmin/GetTransfer_Categories - 200 null application/json; charset=utf-8 9857.9546ms
[2025-09-03 10:41:17.652 +03:00  INF]  Request starting HTTP/2 OPTIONS https://localhost:7045/api/TravelAdmin/SaveTransferCategory - null null
[2025-09-03 10:41:17.656 +03:00  INF]  CORS policy execution successful.
[2025-09-03 10:41:17.656 +03:00  INF]  Request finished HTTP/2 OPTIONS https://localhost:7045/api/TravelAdmin/SaveTransferCategory - 204 null null 4.6845ms
[2025-09-03 10:41:17.662 +03:00  INF]  Request starting HTTP/2 POST https://localhost:7045/api/TravelAdmin/SaveTransferCategory - application/json 192
[2025-09-03 10:41:17.666 +03:00  INF]  CORS policy execution successful.
[2025-09-03 10:41:17.666 +03:00  INF]  Executing endpoint 'ITravel_App.Controllers.TravelAdminController.SaveTransferCategory (ITravel_App)'
[2025-09-03 10:41:17.687 +03:00  INF]  Route matched with {action = "SaveTransferCategory", controller = "TravelAdmin"}. Executing controller action with signature Microsoft.AspNetCore.Mvc.IActionResult SaveTransferCategory(ITravelApp.Data.Models.Transfer.TransferCategorySaveReq) on controller ITravel_App.Controllers.TravelAdminController (ITravel_App).
[2025-09-03 10:41:18.242 +03:00  INF]  Executed DbCommand (56ms) [Parameters=[@p12='?' (DbType = Int32), @p0='?', @p1='?', @p2='?' (DbType = Decimal), @p3='?' (DbType = DateTime2), @p4='?', @p5='?', @p6='?' (DbType = Int32), @p7='?' (DbType = Decimal), @p8='?' (DbType = Int32), @p9='?' (DbType = Decimal), @p10='?', @p11='?' (DbType = DateTime2)], CommandType='"Text"', CommandTimeout='30']
UPDATE transfer_category SET category_code = @p0, category_name = @p1, child_price = @p2, created_at = @p3, created_by = @p4, currency_code = @p5, max_capacity = @p6, max_price = @p7, min_capacity = @p8, min_price = @p9, notes = @p10, updated_at = @p11
WHERE id = @p12;
[2025-09-03 10:41:18.278 +03:00  INF]  Executing OkObjectResult, writing value of type 'ITravelApp.Data.Models.ResponseCls'.
[2025-09-03 10:41:18.291 +03:00  INF]  Executed action ITravel_App.Controllers.TravelAdminController.SaveTransferCategory (ITravel_App) in 602.536ms
[2025-09-03 10:41:18.291 +03:00  INF]  Executed endpoint 'ITravel_App.Controllers.TravelAdminController.SaveTransferCategory (ITravel_App)'
[2025-09-03 10:41:18.292 +03:00  INF]  Request finished HTTP/2 POST https://localhost:7045/api/TravelAdmin/SaveTransferCategory - 200 null application/json; charset=utf-8 630.2607ms
[2025-09-03 10:41:18.316 +03:00  INF]  Request starting HTTP/2 OPTIONS https://localhost:7045/api/TravelAdmin/GetTransfer_Categories - null null
[2025-09-03 10:41:18.317 +03:00  INF]  CORS policy execution successful.
[2025-09-03 10:41:18.317 +03:00  INF]  Request finished HTTP/2 OPTIONS https://localhost:7045/api/TravelAdmin/GetTransfer_Categories - 204 null null 1.2359ms
[2025-09-03 10:41:18.321 +03:00  INF]  Request starting HTTP/2 POST https://localhost:7045/api/TravelAdmin/GetTransfer_Categories - null 0
[2025-09-03 10:41:18.322 +03:00  INF]  CORS policy execution successful.
[2025-09-03 10:41:18.322 +03:00  INF]  Executing endpoint 'ITravel_App.Controllers.TravelAdminController.GetTransfer_Categories (ITravel_App)'
[2025-09-03 10:41:18.323 +03:00  INF]  Route matched with {action = "GetTransfer_Categories", controller = "TravelAdmin"}. Executing controller action with signature System.Threading.Tasks.Task`1[Microsoft.AspNetCore.Mvc.IActionResult] GetTransfer_Categories() on controller ITravel_App.Controllers.TravelAdminController (ITravel_App).
[2025-09-03 10:41:18.601 +03:00  INF]  Executed DbCommand (16ms) [Parameters=[], CommandType='"Text"', CommandTimeout='30']
SELECT t.id, t.category_code, t.category_name, t.child_price, t.created_at, t.created_by, t.currency_code, t.max_capacity, t.max_price, t.min_capacity, t.min_price, t.notes, t.updated_at
FROM transfer_category AS t
[2025-09-03 10:41:18.605 +03:00  INF]  Executing OkObjectResult, writing value of type 'System.Collections.Generic.List`1[[ITravelApp.Data.Entities.transfer_category, ITravelApp.Data, Version=1.0.0.0, Culture=neutral, PublicKeyToken=null]]'.
[2025-09-03 10:41:18.605 +03:00  INF]  Executed action ITravel_App.Controllers.TravelAdminController.GetTransfer_Categories (ITravel_App) in 282.0994ms
[2025-09-03 10:41:18.605 +03:00  INF]  Executed endpoint 'ITravel_App.Controllers.TravelAdminController.GetTransfer_Categories (ITravel_App)'
[2025-09-03 10:41:18.606 +03:00  INF]  Request finished HTTP/2 POST https://localhost:7045/api/TravelAdmin/GetTransfer_Categories - 200 null application/json; charset=utf-8 284.9717ms
[2025-09-03 10:41:36.594 +03:00  INF]  Request starting HTTP/2 OPTIONS https://localhost:7045/api/TravelAdmin/GetTransfer_Categories - null null
[2025-09-03 10:41:36.595 +03:00  INF]  CORS policy execution successful.
[2025-09-03 10:41:36.595 +03:00  INF]  Request finished HTTP/2 OPTIONS https://localhost:7045/api/TravelAdmin/GetTransfer_Categories - 204 null null 1.8853ms
[2025-09-03 10:41:36.599 +03:00  INF]  Request starting HTTP/2 POST https://localhost:7045/api/TravelAdmin/GetTransfer_Categories - null 0
[2025-09-03 10:41:36.600 +03:00  INF]  CORS policy execution successful.
[2025-09-03 10:41:36.600 +03:00  INF]  Executing endpoint 'ITravel_App.Controllers.TravelAdminController.GetTransfer_Categories (ITravel_App)'
[2025-09-03 10:41:36.600 +03:00  INF]  Route matched with {action = "GetTransfer_Categories", controller = "TravelAdmin"}. Executing controller action with signature System.Threading.Tasks.Task`1[Microsoft.AspNetCore.Mvc.IActionResult] GetTransfer_Categories() on controller ITravel_App.Controllers.TravelAdminController (ITravel_App).
[2025-09-03 10:41:36.604 +03:00  INF]  Executed DbCommand (2ms) [Parameters=[], CommandType='"Text"', CommandTimeout='30']
SELECT t.id, t.category_code, t.category_name, t.child_price, t.created_at, t.created_by, t.currency_code, t.max_capacity, t.max_price, t.min_capacity, t.min_price, t.notes, t.updated_at
FROM transfer_category AS t
[2025-09-03 10:41:36.606 +03:00  INF]  Executing OkObjectResult, writing value of type 'System.Collections.Generic.List`1[[ITravelApp.Data.Entities.transfer_category, ITravelApp.Data, Version=1.0.0.0, Culture=neutral, PublicKeyToken=null]]'.
[2025-09-03 10:41:36.607 +03:00  INF]  Executed action ITravel_App.Controllers.TravelAdminController.GetTransfer_Categories (ITravel_App) in 6.7742ms
[2025-09-03 10:41:36.607 +03:00  INF]  Executed endpoint 'ITravel_App.Controllers.TravelAdminController.GetTransfer_Categories (ITravel_App)'
[2025-09-03 10:41:36.610 +03:00  INF]  Request finished HTTP/2 POST https://localhost:7045/api/TravelAdmin/GetTransfer_Categories - 200 null application/json; charset=utf-8 10.9366ms
[2025-09-03 10:41:42.600 +03:00  INF]  Request starting HTTP/2 OPTIONS https://localhost:7045/api/TravelAdmin/GetTransfer_Categories - null null
[2025-09-03 10:41:42.601 +03:00  INF]  CORS policy execution successful.
[2025-09-03 10:41:42.601 +03:00  INF]  Request finished HTTP/2 OPTIONS https://localhost:7045/api/TravelAdmin/GetTransfer_Categories - 204 null null 1.1919ms
[2025-09-03 10:41:42.604 +03:00  INF]  Request starting HTTP/2 POST https://localhost:7045/api/TravelAdmin/GetTransfer_Categories - null 0
[2025-09-03 10:41:42.605 +03:00  INF]  CORS policy execution successful.
[2025-09-03 10:41:42.605 +03:00  INF]  Executing endpoint 'ITravel_App.Controllers.TravelAdminController.GetTransfer_Categories (ITravel_App)'
[2025-09-03 10:41:42.605 +03:00  INF]  Route matched with {action = "GetTransfer_Categories", controller = "TravelAdmin"}. Executing controller action with signature System.Threading.Tasks.Task`1[Microsoft.AspNetCore.Mvc.IActionResult] GetTransfer_Categories() on controller ITravel_App.Controllers.TravelAdminController (ITravel_App).
[2025-09-03 10:41:42.613 +03:00  INF]  Executed DbCommand (2ms) [Parameters=[], CommandType='"Text"', CommandTimeout='30']
SELECT t.id, t.category_code, t.category_name, t.child_price, t.created_at, t.created_by, t.currency_code, t.max_capacity, t.max_price, t.min_capacity, t.min_price, t.notes, t.updated_at
FROM transfer_category AS t
[2025-09-03 10:41:42.614 +03:00  INF]  Executing OkObjectResult, writing value of type 'System.Collections.Generic.List`1[[ITravelApp.Data.Entities.transfer_category, ITravelApp.Data, Version=1.0.0.0, Culture=neutral, PublicKeyToken=null]]'.
[2025-09-03 10:41:42.615 +03:00  INF]  Executed action ITravel_App.Controllers.TravelAdminController.GetTransfer_Categories (ITravel_App) in 9.4416ms
[2025-09-03 10:41:42.615 +03:00  INF]  Executed endpoint 'ITravel_App.Controllers.TravelAdminController.GetTransfer_Categories (ITravel_App)'
[2025-09-03 10:41:42.615 +03:00  INF]  Request finished HTTP/2 POST https://localhost:7045/api/TravelAdmin/GetTransfer_Categories - 200 null application/json; charset=utf-8 11.6209ms
[2025-09-03 10:41:46.605 +03:00  INF]  Request starting HTTP/2 OPTIONS https://localhost:7045/api/TravelAdmin/GetTransfer_Categories - null null
[2025-09-03 10:41:46.605 +03:00  INF]  CORS policy execution successful.
[2025-09-03 10:41:46.606 +03:00  INF]  Request finished HTTP/2 OPTIONS https://localhost:7045/api/TravelAdmin/GetTransfer_Categories - 204 null null 0.6472ms
[2025-09-03 10:41:46.607 +03:00  INF]  Request starting HTTP/2 POST https://localhost:7045/api/TravelAdmin/GetTransfer_Categories - null 0
[2025-09-03 10:41:46.613 +03:00  INF]  CORS policy execution successful.
[2025-09-03 10:41:46.613 +03:00  INF]  Executing endpoint 'ITravel_App.Controllers.TravelAdminController.GetTransfer_Categories (ITravel_App)'
[2025-09-03 10:41:46.613 +03:00  INF]  Route matched with {action = "GetTransfer_Categories", controller = "TravelAdmin"}. Executing controller action with signature System.Threading.Tasks.Task`1[Microsoft.AspNetCore.Mvc.IActionResult] GetTransfer_Categories() on controller ITravel_App.Controllers.TravelAdminController (ITravel_App).
[2025-09-03 10:41:46.616 +03:00  INF]  Executed DbCommand (1ms) [Parameters=[], CommandType='"Text"', CommandTimeout='30']
SELECT t.id, t.category_code, t.category_name, t.child_price, t.created_at, t.created_by, t.currency_code, t.max_capacity, t.max_price, t.min_capacity, t.min_price, t.notes, t.updated_at
FROM transfer_category AS t
[2025-09-03 10:41:46.618 +03:00  INF]  Executing OkObjectResult, writing value of type 'System.Collections.Generic.List`1[[ITravelApp.Data.Entities.transfer_category, ITravelApp.Data, Version=1.0.0.0, Culture=neutral, PublicKeyToken=null]]'.
[2025-09-03 10:41:46.618 +03:00  INF]  Executed action ITravel_App.Controllers.TravelAdminController.GetTransfer_Categories (ITravel_App) in 4.665ms
[2025-09-03 10:41:46.618 +03:00  INF]  Executed endpoint 'ITravel_App.Controllers.TravelAdminController.GetTransfer_Categories (ITravel_App)'
[2025-09-03 10:41:46.618 +03:00  INF]  Request finished HTTP/2 POST https://localhost:7045/api/TravelAdmin/GetTransfer_Categories - 200 null application/json; charset=utf-8 11.0505ms
[2025-09-03 10:41:48.581 +03:00  INF]  Request starting HTTP/2 OPTIONS https://localhost:7045/api/TravelAdmin/GetTransfer_Categories - null null
[2025-09-03 10:41:48.582 +03:00  INF]  CORS policy execution successful.
[2025-09-03 10:41:48.582 +03:00  INF]  Request finished HTTP/2 OPTIONS https://localhost:7045/api/TravelAdmin/GetTransfer_Categories - 204 null null 0.5505ms
[2025-09-03 10:41:48.584 +03:00  INF]  Request starting HTTP/2 POST https://localhost:7045/api/TravelAdmin/GetTransfer_Categories - null 0
[2025-09-03 10:41:48.585 +03:00  INF]  CORS policy execution successful.
[2025-09-03 10:41:48.585 +03:00  INF]  Executing endpoint 'ITravel_App.Controllers.TravelAdminController.GetTransfer_Categories (ITravel_App)'
[2025-09-03 10:41:48.585 +03:00  INF]  Route matched with {action = "GetTransfer_Categories", controller = "TravelAdmin"}. Executing controller action with signature System.Threading.Tasks.Task`1[Microsoft.AspNetCore.Mvc.IActionResult] GetTransfer_Categories() on controller ITravel_App.Controllers.TravelAdminController (ITravel_App).
[2025-09-03 10:41:48.593 +03:00  INF]  Executed DbCommand (7ms) [Parameters=[], CommandType='"Text"', CommandTimeout='30']
SELECT t.id, t.category_code, t.category_name, t.child_price, t.created_at, t.created_by, t.currency_code, t.max_capacity, t.max_price, t.min_capacity, t.min_price, t.notes, t.updated_at
FROM transfer_category AS t
[2025-09-03 10:41:48.594 +03:00  INF]  Executing OkObjectResult, writing value of type 'System.Collections.Generic.List`1[[ITravelApp.Data.Entities.transfer_category, ITravelApp.Data, Version=1.0.0.0, Culture=neutral, PublicKeyToken=null]]'.
[2025-09-03 10:41:48.594 +03:00  INF]  Executed action ITravel_App.Controllers.TravelAdminController.GetTransfer_Categories (ITravel_App) in 8.8404ms
[2025-09-03 10:41:48.594 +03:00  INF]  Executed endpoint 'ITravel_App.Controllers.TravelAdminController.GetTransfer_Categories (ITravel_App)'
[2025-09-03 10:41:48.594 +03:00  INF]  Request finished HTTP/2 POST https://localhost:7045/api/TravelAdmin/GetTransfer_Categories - 200 null application/json; charset=utf-8 10.7887ms
[2025-09-03 10:41:58.955 +03:00  INF]  Request starting HTTP/2 OPTIONS https://localhost:7045/api/TravelAdmin/GetTransfer_Categories - null null
[2025-09-03 10:41:58.955 +03:00  INF]  CORS policy execution successful.
[2025-09-03 10:41:58.956 +03:00  INF]  Request finished HTTP/2 OPTIONS https://localhost:7045/api/TravelAdmin/GetTransfer_Categories - 204 null null 0.6422ms
[2025-09-03 10:41:58.964 +03:00  INF]  Request starting HTTP/2 POST https://localhost:7045/api/TravelAdmin/GetTransfer_Categories - null 0
[2025-09-03 10:41:58.965 +03:00  INF]  CORS policy execution successful.
[2025-09-03 10:41:58.965 +03:00  INF]  Executing endpoint 'ITravel_App.Controllers.TravelAdminController.GetTransfer_Categories (ITravel_App)'
[2025-09-03 10:41:58.965 +03:00  INF]  Route matched with {action = "GetTransfer_Categories", controller = "TravelAdmin"}. Executing controller action with signature System.Threading.Tasks.Task`1[Microsoft.AspNetCore.Mvc.IActionResult] GetTransfer_Categories() on controller ITravel_App.Controllers.TravelAdminController (ITravel_App).
[2025-09-03 10:41:58.973 +03:00  INF]  Executed DbCommand (7ms) [Parameters=[], CommandType='"Text"', CommandTimeout='30']
SELECT t.id, t.category_code, t.category_name, t.child_price, t.created_at, t.created_by, t.currency_code, t.max_capacity, t.max_price, t.min_capacity, t.min_price, t.notes, t.updated_at
FROM transfer_category AS t
[2025-09-03 10:41:58.973 +03:00  INF]  Executing OkObjectResult, writing value of type 'System.Collections.Generic.List`1[[ITravelApp.Data.Entities.transfer_category, ITravelApp.Data, Version=1.0.0.0, Culture=neutral, PublicKeyToken=null]]'.
[2025-09-03 10:41:58.973 +03:00  INF]  Executed action ITravel_App.Controllers.TravelAdminController.GetTransfer_Categories (ITravel_App) in 8.2106ms
[2025-09-03 10:41:58.974 +03:00  INF]  Executed endpoint 'ITravel_App.Controllers.TravelAdminController.GetTransfer_Categories (ITravel_App)'
[2025-09-03 10:41:58.974 +03:00  INF]  Request finished HTTP/2 POST https://localhost:7045/api/TravelAdmin/GetTransfer_Categories - 200 null application/json; charset=utf-8 9.5834ms
[2025-09-03 10:42:01.589 +03:00  INF]  Request starting HTTP/2 OPTIONS https://localhost:7045/api/TravelAdmin/GetTransfer_Categories - null null
[2025-09-03 10:42:01.590 +03:00  INF]  CORS policy execution successful.
[2025-09-03 10:42:01.590 +03:00  INF]  Request finished HTTP/2 OPTIONS https://localhost:7045/api/TravelAdmin/GetTransfer_Categories - 204 null null 1.1881ms
[2025-09-03 10:42:01.593 +03:00  INF]  Request starting HTTP/2 POST https://localhost:7045/api/TravelAdmin/GetTransfer_Categories - null 0
[2025-09-03 10:42:01.594 +03:00  INF]  CORS policy execution successful.
[2025-09-03 10:42:01.594 +03:00  INF]  Executing endpoint 'ITravel_App.Controllers.TravelAdminController.GetTransfer_Categories (ITravel_App)'
[2025-09-03 10:42:01.594 +03:00  INF]  Route matched with {action = "GetTransfer_Categories", controller = "TravelAdmin"}. Executing controller action with signature System.Threading.Tasks.Task`1[Microsoft.AspNetCore.Mvc.IActionResult] GetTransfer_Categories() on controller ITravel_App.Controllers.TravelAdminController (ITravel_App).
[2025-09-03 10:42:01.599 +03:00  INF]  Executed DbCommand (1ms) [Parameters=[], CommandType='"Text"', CommandTimeout='30']
SELECT t.id, t.category_code, t.category_name, t.child_price, t.created_at, t.created_by, t.currency_code, t.max_capacity, t.max_price, t.min_capacity, t.min_price, t.notes, t.updated_at
FROM transfer_category AS t
[2025-09-03 10:42:01.602 +03:00  INF]  Executing OkObjectResult, writing value of type 'System.Collections.Generic.List`1[[ITravelApp.Data.Entities.transfer_category, ITravelApp.Data, Version=1.0.0.0, Culture=neutral, PublicKeyToken=null]]'.
[2025-09-03 10:42:01.603 +03:00  INF]  Executed action ITravel_App.Controllers.TravelAdminController.GetTransfer_Categories (ITravel_App) in 8.8181ms
[2025-09-03 10:42:01.603 +03:00  INF]  Executed endpoint 'ITravel_App.Controllers.TravelAdminController.GetTransfer_Categories (ITravel_App)'
[2025-09-03 10:42:01.603 +03:00  INF]  Request finished HTTP/2 POST https://localhost:7045/api/TravelAdmin/GetTransfer_Categories - 200 null application/json; charset=utf-8 11.2855ms
[2025-09-03 10:42:05.630 +03:00  INF]  Request starting HTTP/2 OPTIONS https://localhost:7045/api/TravelAdmin/GetTransfer_Categories - null null
[2025-09-03 10:42:05.630 +03:00  INF]  CORS policy execution successful.
[2025-09-03 10:42:05.630 +03:00  INF]  Request finished HTTP/2 OPTIONS https://localhost:7045/api/TravelAdmin/GetTransfer_Categories - 204 null null 0.6678ms
[2025-09-03 10:42:05.635 +03:00  INF]  Request starting HTTP/2 POST https://localhost:7045/api/TravelAdmin/GetTransfer_Categories - null 0
[2025-09-03 10:42:05.636 +03:00  INF]  CORS policy execution successful.
[2025-09-03 10:42:05.636 +03:00  INF]  Executing endpoint 'ITravel_App.Controllers.TravelAdminController.GetTransfer_Categories (ITravel_App)'
[2025-09-03 10:42:05.636 +03:00  INF]  Route matched with {action = "GetTransfer_Categories", controller = "TravelAdmin"}. Executing controller action with signature System.Threading.Tasks.Task`1[Microsoft.AspNetCore.Mvc.IActionResult] GetTransfer_Categories() on controller ITravel_App.Controllers.TravelAdminController (ITravel_App).
[2025-09-03 10:42:05.637 +03:00  INF]  Executed DbCommand (1ms) [Parameters=[], CommandType='"Text"', CommandTimeout='30']
SELECT t.id, t.category_code, t.category_name, t.child_price, t.created_at, t.created_by, t.currency_code, t.max_capacity, t.max_price, t.min_capacity, t.min_price, t.notes, t.updated_at
FROM transfer_category AS t
[2025-09-03 10:42:05.638 +03:00  INF]  Executing OkObjectResult, writing value of type 'System.Collections.Generic.List`1[[ITravelApp.Data.Entities.transfer_category, ITravelApp.Data, Version=1.0.0.0, Culture=neutral, PublicKeyToken=null]]'.
[2025-09-03 10:42:05.638 +03:00  INF]  Executed action ITravel_App.Controllers.TravelAdminController.GetTransfer_Categories (ITravel_App) in 2.2535ms
[2025-09-03 10:42:05.638 +03:00  INF]  Executed endpoint 'ITravel_App.Controllers.TravelAdminController.GetTransfer_Categories (ITravel_App)'
[2025-09-03 10:42:05.639 +03:00  INF]  Request finished HTTP/2 POST https://localhost:7045/api/TravelAdmin/GetTransfer_Categories - 200 null application/json; charset=utf-8 3.3155ms
[2025-09-03 10:43:15.157 +03:00  INF]  Request starting HTTP/2 OPTIONS https://localhost:7045/api/TravelAdmin/SaveTransferCategory - null null
[2025-09-03 10:43:15.157 +03:00  INF]  CORS policy execution successful.
[2025-09-03 10:43:15.158 +03:00  INF]  Request finished HTTP/2 OPTIONS https://localhost:7045/api/TravelAdmin/SaveTransferCategory - 204 null null 0.659ms
[2025-09-03 10:43:15.168 +03:00  INF]  Request starting HTTP/2 POST https://localhost:7045/api/TravelAdmin/SaveTransferCategory - application/json 200
[2025-09-03 10:43:15.175 +03:00  INF]  CORS policy execution successful.
[2025-09-03 10:43:15.175 +03:00  INF]  Executing endpoint 'ITravel_App.Controllers.TravelAdminController.SaveTransferCategory (ITravel_App)'
[2025-09-03 10:43:15.175 +03:00  INF]  Route matched with {action = "SaveTransferCategory", controller = "TravelAdmin"}. Executing controller action with signature Microsoft.AspNetCore.Mvc.IActionResult SaveTransferCategory(ITravelApp.Data.Models.Transfer.TransferCategorySaveReq) on controller ITravel_App.Controllers.TravelAdminController (ITravel_App).
[2025-09-03 10:43:15.571 +03:00  INF]  Executed DbCommand (1ms) [Parameters=[@__transfer_min_capacity_0='?' (DbType = Int32), @__transfer_max_capacity_1='?' (DbType = Int32), @__transfer_currency_code_2='?'], CommandType='"Text"', CommandTimeout='30']
SELECT t.id, t.category_code, t.category_name, t.child_price, t.created_at, t.created_by, t.currency_code, t.max_capacity, t.max_price, t.min_capacity, t.min_price, t.notes, t.updated_at
FROM transfer_category AS t
WHERE t.min_capacity = @__transfer_min_capacity_0 AND t.max_capacity = @__transfer_max_capacity_1 AND t.currency_code = @__transfer_currency_code_2
LIMIT 2
[2025-09-03 10:43:15.630 +03:00  INF]  Executing OkObjectResult, writing value of type 'ITravelApp.Data.Models.ResponseCls'.
[2025-09-03 10:43:15.631 +03:00  INF]  Executed action ITravel_App.Controllers.TravelAdminController.SaveTransferCategory (ITravel_App) in 455.3464ms
[2025-09-03 10:43:15.631 +03:00  INF]  Executed endpoint 'ITravel_App.Controllers.TravelAdminController.SaveTransferCategory (ITravel_App)'
[2025-09-03 10:43:15.631 +03:00  INF]  Request finished HTTP/2 POST https://localhost:7045/api/TravelAdmin/SaveTransferCategory - 200 null application/json; charset=utf-8 462.7826ms
[2025-09-03 10:43:43.014 +03:00  INF]  Request starting HTTP/2 OPTIONS https://localhost:7045/api/TravelAdmin/GetTransfer_Categories - null null
[2025-09-03 10:43:43.014 +03:00  INF]  CORS policy execution successful.
[2025-09-03 10:43:43.014 +03:00  INF]  Request finished HTTP/2 OPTIONS https://localhost:7045/api/TravelAdmin/GetTransfer_Categories - 204 null null 7.5638ms
[2025-09-03 10:43:43.021 +03:00  INF]  Request starting HTTP/2 POST https://localhost:7045/api/TravelAdmin/GetTransfer_Categories - null 0
[2025-09-03 10:43:43.028 +03:00  INF]  CORS policy execution successful.
[2025-09-03 10:43:43.028 +03:00  INF]  Executing endpoint 'ITravel_App.Controllers.TravelAdminController.GetTransfer_Categories (ITravel_App)'
[2025-09-03 10:43:43.029 +03:00  INF]  Route matched with {action = "GetTransfer_Categories", controller = "TravelAdmin"}. Executing controller action with signature System.Threading.Tasks.Task`1[Microsoft.AspNetCore.Mvc.IActionResult] GetTransfer_Categories() on controller ITravel_App.Controllers.TravelAdminController (ITravel_App).
[2025-09-03 10:43:43.038 +03:00  INF]  Executed DbCommand (8ms) [Parameters=[], CommandType='"Text"', CommandTimeout='30']
SELECT t.id, t.category_code, t.category_name, t.child_price, t.created_at, t.created_by, t.currency_code, t.max_capacity, t.max_price, t.min_capacity, t.min_price, t.notes, t.updated_at
FROM transfer_category AS t
[2025-09-03 10:43:43.041 +03:00  INF]  Executing OkObjectResult, writing value of type 'System.Collections.Generic.List`1[[ITravelApp.Data.Entities.transfer_category, ITravelApp.Data, Version=1.0.0.0, Culture=neutral, PublicKeyToken=null]]'.
[2025-09-03 10:43:43.041 +03:00  INF]  Executed action ITravel_App.Controllers.TravelAdminController.GetTransfer_Categories (ITravel_App) in 12.6552ms
[2025-09-03 10:43:43.041 +03:00  INF]  Executed endpoint 'ITravel_App.Controllers.TravelAdminController.GetTransfer_Categories (ITravel_App)'
[2025-09-03 10:43:43.042 +03:00  INF]  Request finished HTTP/2 POST https://localhost:7045/api/TravelAdmin/GetTransfer_Categories - 200 null application/json; charset=utf-8 24.0503ms
[2025-09-03 10:43:56.426 +03:00  INF]  Request starting HTTP/2 OPTIONS https://localhost:7045/api/TravelAdmin/GetTrip_Mains?destination_id=0&&trip_type=0 - null null
[2025-09-03 10:43:56.437 +03:00  INF]  CORS policy execution successful.
[2025-09-03 10:43:56.437 +03:00  INF]  Request finished HTTP/2 OPTIONS https://localhost:7045/api/TravelAdmin/GetTrip_Mains?destination_id=0&&trip_type=0 - 204 null null 11.334ms
[2025-09-03 10:43:56.447 +03:00  INF]  Request starting HTTP/2 POST https://localhost:7045/api/TravelAdmin/GetTrip_Mains?destination_id=0&&trip_type=0 - application/json 2
[2025-09-03 10:43:56.471 +03:00  INF]  CORS policy execution successful.
[2025-09-03 10:43:56.471 +03:00  INF]  Executing endpoint 'ITravel_App.Controllers.TravelAdminController.GetTrip_Mains (ITravel_App)'
[2025-09-03 10:43:56.505 +03:00  INF]  Route matched with {action = "GetTrip_Mains", controller = "TravelAdmin"}. Executing controller action with signature System.Threading.Tasks.Task`1[Microsoft.AspNetCore.Mvc.IActionResult] GetTrip_Mains(Int32, Int32) on controller ITravel_App.Controllers.TravelAdminController (ITravel_App).
[2025-09-03 10:43:56.792 +03:00  INF]  Executed DbCommand (9ms) [Parameters=[], CommandType='"Text"', CommandTimeout='30']
SELECT t.destination_id, t.active, t.id, t.pickup, t.route, t.show_in_slider, t.show_in_top, t.trip_code, t.trip_default_name, t.trip_duration, d.country_code, d.dest_code, d.dest_default_name, t.trip_type, t.transfer_category_id
FROM trip_main AS t
INNER JOIN destination_main AS d ON t.destination_id = d.id
WHERE t.trip_type = t.trip_type OR t.trip_type IS NULL
ORDER BY t.id
[2025-09-03 10:43:56.801 +03:00  INF]  Executing OkObjectResult, writing value of type 'System.Collections.Generic.List`1[[ITravelApp.Data.Models.trips.TripMainCast, ITravelApp.Data, Version=1.0.0.0, Culture=neutral, PublicKeyToken=null]]'.
[2025-09-03 10:43:56.842 +03:00  INF]  Executed action ITravel_App.Controllers.TravelAdminController.GetTrip_Mains (ITravel_App) in 337.5214ms
[2025-09-03 10:43:56.843 +03:00  INF]  Executed endpoint 'ITravel_App.Controllers.TravelAdminController.GetTrip_Mains (ITravel_App)'
[2025-09-03 10:43:56.843 +03:00  INF]  Request finished HTTP/2 POST https://localhost:7045/api/TravelAdmin/GetTrip_Mains?destination_id=0&&trip_type=0 - 200 null application/json; charset=utf-8 398.5514ms
[2025-09-03 10:43:58.848 +03:00  INF]  Request starting HTTP/2 OPTIONS https://localhost:7045/api/TravelAdmin/GetTrip_Prices?trip_id=1 - null null
[2025-09-03 10:43:58.849 +03:00  INF]  CORS policy execution successful.
[2025-09-03 10:43:58.849 +03:00  INF]  Request finished HTTP/2 OPTIONS https://localhost:7045/api/TravelAdmin/GetTrip_Prices?trip_id=1 - 204 null null 0.5068ms
[2025-09-03 10:43:58.851 +03:00  INF]  Request starting HTTP/2 POST https://localhost:7045/api/TravelAdmin/GetTrip_Prices?trip_id=1 - application/json 2
[2025-09-03 10:43:58.852 +03:00  INF]  CORS policy execution successful.
[2025-09-03 10:43:58.852 +03:00  INF]  Executing endpoint 'ITravel_App.Controllers.TravelAdminController.GetTrip_Prices (ITravel_App)'
[2025-09-03 10:43:58.867 +03:00  INF]  Route matched with {action = "GetTrip_Prices", controller = "TravelAdmin"}. Executing controller action with signature System.Threading.Tasks.Task`1[Microsoft.AspNetCore.Mvc.IActionResult] GetTrip_Prices(Int64) on controller ITravel_App.Controllers.TravelAdminController (ITravel_App).
[2025-09-03 10:43:58.906 +03:00  INF]  Executed DbCommand (8ms) [Parameters=[@__trip_id_0='?' (DbType = Int64)], CommandType='"Text"', CommandTimeout='30']
SELECT t.id, t.child_price, t.created_at, t.created_by, t.currency_code, t.notes, t.trip_id, t.trip_origin_price, t.trip_sale_price, t.updated_at
FROM trip_prices AS t
WHERE t.trip_id = @__trip_id_0
[2025-09-03 10:43:58.989 +03:00  INF]  Executing OkObjectResult, writing value of type 'System.Collections.Generic.List`1[[ITravelApp.Data.Entities.trip_price, ITravelApp.Data, Version=1.0.0.0, Culture=neutral, PublicKeyToken=null]]'.
[2025-09-03 10:43:59.016 +03:00  INF]  Executed action ITravel_App.Controllers.TravelAdminController.GetTrip_Prices (ITravel_App) in 149.199ms
[2025-09-03 10:43:59.016 +03:00  INF]  Executed endpoint 'ITravel_App.Controllers.TravelAdminController.GetTrip_Prices (ITravel_App)'
[2025-09-03 10:43:59.017 +03:00  INF]  Request finished HTTP/2 POST https://localhost:7045/api/TravelAdmin/GetTrip_Prices?trip_id=1 - 200 null application/json; charset=utf-8 165.6237ms
