[2025-08-31 10:36:48.285 +03:00  INF]  User profile is available. Using 'C:\Users\Pro\AppData\Local\ASP.NET\DataProtection-Keys' as key repository and Windows DPAPI to encrypt keys at rest.
[2025-08-31 10:36:49.538 +03:00  INF]  Now listening on: https://localhost:7045
[2025-08-31 10:36:49.538 +03:00  INF]  Now listening on: http://localhost:5124
[2025-08-31 10:36:49.734 +03:00  INF]  Application started. Press Ctrl+C to shut down.
[2025-08-31 10:36:49.734 +03:00  INF]  Hosting environment: Development
[2025-08-31 10:36:49.734 +03:00  INF]  Content root path: D:\horizen\api\ITravel_App\ITravel_App
[2025-08-31 10:36:50.279 +03:00  INF]  Request starting HTTP/2 GET https://localhost:7045/swagger/index.html - null null
[2025-08-31 10:36:50.564 +03:00  INF]  Request finished HTTP/2 GET https://localhost:7045/swagger/index.html - 200 null text/html;charset=utf-8 293.6055ms
[2025-08-31 10:36:50.591 +03:00  INF]  Request starting HTTP/2 GET https://localhost:7045/_framework/aspnetcore-browser-refresh.js - null null
[2025-08-31 10:36:50.591 +03:00  INF]  Request starting HTTP/2 GET https://localhost:7045/_vs/browserLink - null null
[2025-08-31 10:36:50.619 +03:00  INF]  Request finished HTTP/2 GET https://localhost:7045/_framework/aspnetcore-browser-refresh.js - 200 16507 application/javascript; charset=utf-8 27.9121ms
[2025-08-31 10:36:50.668 +03:00  INF]  Request finished HTTP/2 GET https://localhost:7045/_vs/browserLink - 200 null text/javascript; charset=UTF-8 77.5574ms
[2025-08-31 10:36:50.905 +03:00  INF]  Request starting HTTP/2 GET https://localhost:7045/swagger/v1/swagger.json - null null
[2025-08-31 10:36:50.978 +03:00  INF]  Request finished HTTP/2 GET https://localhost:7045/swagger/v1/swagger.json - 200 null application/json;charset=utf-8 73.5268ms
[2025-08-31 10:42:14.159 +03:00  INF]  Request starting HTTP/2 POST https://localhost:7045/api/TravelAdmin/GetDestinationMain - null 0
[2025-08-31 10:42:15.304 +03:00  INF]  CORS policy execution successful.
[2025-08-31 10:42:15.307 +03:00  INF]  Executing endpoint 'ITravel_App.Controllers.TravelAdminController.GetDestination_Mains (ITravel_App)'
[2025-08-31 10:42:15.335 +03:00  INF]  Route matched with {action = "GetDestination_Mains", controller = "TravelAdmin"}. Executing controller action with signature System.Threading.Tasks.Task`1[Microsoft.AspNetCore.Mvc.IActionResult] GetDestination_Mains() on controller ITravel_App.Controllers.TravelAdminController (ITravel_App).
[2025-08-31 10:42:16.849 +03:00  INF]  Executed DbCommand (25ms) [Parameters=[], CommandType='"Text"', CommandTimeout='30']
SELECT d.id, d.active, d.country_code, d.created_at, d.created_by, d.dest_code, d.dest_default_name, d.route, d.updated_at
FROM destination_main AS d
WHERE d.active
[2025-08-31 10:42:16.878 +03:00  INF]  Executing OkObjectResult, writing value of type 'System.Collections.Generic.List`1[[ITravelApp.Data.Entities.destination_main, ITravelApp.Data, Version=1.0.0.0, Culture=neutral, PublicKeyToken=null]]'.
[2025-08-31 10:42:16.895 +03:00  INF]  Executed action ITravel_App.Controllers.TravelAdminController.GetDestination_Mains (ITravel_App) in 1555.1123ms
[2025-08-31 10:42:16.895 +03:00  INF]  Executed endpoint 'ITravel_App.Controllers.TravelAdminController.GetDestination_Mains (ITravel_App)'
[2025-08-31 10:42:16.905 +03:00  INF]  Request finished HTTP/2 POST https://localhost:7045/api/TravelAdmin/GetDestinationMain - 200 null application/json; charset=utf-8 2746.0442ms
[2025-08-31 10:42:40.218 +03:00  INF]  Request starting HTTP/2 POST https://localhost:7045/api/TravelClient/GetTripsAll - application/json 160
[2025-08-31 10:42:40.221 +03:00  INF]  CORS policy execution successful.
[2025-08-31 10:42:40.222 +03:00  INF]  Executing endpoint 'ITravel_App.Controllers.TravelClientController.GetTripsAll (ITravel_App)'
[2025-08-31 10:42:40.252 +03:00  INF]  Route matched with {action = "GetTripsAll", controller = "TravelClient"}. Executing controller action with signature System.Threading.Tasks.Task`1[Microsoft.AspNetCore.Mvc.IActionResult] GetTripsAll(ITravelApp.Data.Models.trips.TripsReq) on controller ITravel_App.Controllers.TravelClientController (ITravel_App).
[2025-08-31 10:42:40.464 +03:00  INF]  Executed DbCommand (52ms) [Parameters=[@__ToLower_0='?', @__req_trip_type_1='?' (DbType = Int32), @__ToLower_2='?'], CommandType='"Text"', CommandTimeout='30']
SELECT t.country_code, t.currency_code, t.default_img, t.dest_code, t.dest_default_name, t.dest_route, t.destination_id, t.important_info, t.lang_code, t.pickup, t.route, t.show_in_slider, t.show_in_top, t.trip_code, t.trip_default_name, t.trip_description, t.trip_details, t.trip_duration, t.trip_highlight, t.trip_id, t.trip_includes, t.trip_name, t.trip_not_includes, t.trip_origin_price, t.trip_sale_price, t.trip_trans_id, t.trip_type
FROM tripwithdetails AS t
WHERE lower(t.lang_code) = @__ToLower_0 AND t.trip_type = @__req_trip_type_1 AND (t.show_in_top = t.show_in_top OR t.show_in_top IS NULL) AND (t.destination_id = t.destination_id OR t.destination_id IS NULL) AND lower(t.currency_code) = @__ToLower_2 AND (t.show_in_slider = t.show_in_slider OR t.show_in_slider IS NULL)
[2025-08-31 10:42:40.465 +03:00  INF]  Executing OkObjectResult, writing value of type 'System.Collections.Generic.List`1[[ITravelApp.Data.Models.trips.TripsAll, ITravelApp.Data, Version=1.0.0.0, Culture=neutral, PublicKeyToken=null]]'.
[2025-08-31 10:42:40.479 +03:00  INF]  Executed action ITravel_App.Controllers.TravelClientController.GetTripsAll (ITravel_App) in 226.6166ms
[2025-08-31 10:42:40.479 +03:00  INF]  Executed endpoint 'ITravel_App.Controllers.TravelClientController.GetTripsAll (ITravel_App)'
[2025-08-31 10:42:40.479 +03:00  INF]  Request finished HTTP/2 POST https://localhost:7045/api/TravelClient/GetTripsAll - 200 null application/json; charset=utf-8 261.4169ms
[2025-08-31 10:52:37.553 +03:00  INF]  User profile is available. Using 'C:\Users\Pro\AppData\Local\ASP.NET\DataProtection-Keys' as key repository and Windows DPAPI to encrypt keys at rest.
[2025-08-31 10:52:37.875 +03:00  INF]  Now listening on: https://localhost:7045
[2025-08-31 10:52:37.876 +03:00  INF]  Now listening on: http://localhost:5124
[2025-08-31 10:52:38.027 +03:00  INF]  Application started. Press Ctrl+C to shut down.
[2025-08-31 10:52:38.028 +03:00  INF]  Hosting environment: Development
[2025-08-31 10:52:38.028 +03:00  INF]  Content root path: D:\horizen\api\ITravel_App\ITravel_App
[2025-08-31 10:52:38.662 +03:00  INF]  Request starting HTTP/2 GET https://localhost:7045/swagger/index.html - null null
[2025-08-31 10:52:39.057 +03:00  INF]  Request finished HTTP/2 GET https://localhost:7045/swagger/index.html - 200 null text/html;charset=utf-8 405.9054ms
[2025-08-31 10:52:39.253 +03:00  INF]  Request starting HTTP/2 GET https://localhost:7045/_framework/aspnetcore-browser-refresh.js - null null
[2025-08-31 10:52:39.373 +03:00  INF]  Request starting HTTP/2 GET https://localhost:7045/_vs/browserLink - null null
[2025-08-31 10:52:39.379 +03:00  INF]  Request finished HTTP/2 GET https://localhost:7045/_framework/aspnetcore-browser-refresh.js - 200 16507 application/javascript; charset=utf-8 126.1754ms
[2025-08-31 10:52:39.461 +03:00  INF]  Request finished HTTP/2 GET https://localhost:7045/_vs/browserLink - 200 null text/javascript; charset=UTF-8 87.5129ms
[2025-08-31 10:52:40.764 +03:00  INF]  Request starting HTTP/2 GET https://localhost:7045/swagger/v1/swagger.json - null null
[2025-08-31 10:52:40.817 +03:00  INF]  Request finished HTTP/2 GET https://localhost:7045/swagger/v1/swagger.json - 200 null application/json;charset=utf-8 53.0845ms
