[2025-09-14 13:58:33.890 +03:00  INF]  User profile is available. Using 'C:\Users\Pro\AppData\Local\ASP.NET\DataProtection-Keys' as key repository and Windows DPAPI to encrypt keys at rest.
[2025-09-14 13:58:34.914 +03:00  INF]  Now listening on: https://localhost:7045
[2025-09-14 13:58:34.915 +03:00  INF]  Now listening on: http://localhost:5124
[2025-09-14 13:58:35.350 +03:00  INF]  Application started. Press Ctrl+C to shut down.
[2025-09-14 13:58:35.506 +03:00  INF]  Hosting environment: Development
[2025-09-14 13:58:35.506 +03:00  INF]  Content root path: D:\horizen\api\ITravel_App\ITravel_App
[2025-09-14 13:58:38.126 +03:00  INF]  Request starting HTTP/2 GET https://localhost:7045/swagger/index.html - null null
[2025-09-14 13:58:38.463 +03:00  INF]  Request finished HTTP/2 GET https://localhost:7045/swagger/index.html - 200 null text/html;charset=utf-8 349.6557ms
[2025-09-14 13:58:38.568 +03:00  INF]  Request starting HTTP/2 GET https://localhost:7045/_framework/aspnetcore-browser-refresh.js - null null
[2025-09-14 13:58:38.570 +03:00  INF]  Request starting HTTP/2 GET https://localhost:7045/_vs/browserLink - null null
[2025-09-14 13:58:38.597 +03:00  INF]  Request finished HTTP/2 GET https://localhost:7045/_framework/aspnetcore-browser-refresh.js - 200 16507 application/javascript; charset=utf-8 29.1849ms
[2025-09-14 13:58:38.738 +03:00  INF]  Request finished HTTP/2 GET https://localhost:7045/_vs/browserLink - 200 null text/javascript; charset=UTF-8 167.3736ms
[2025-09-14 13:58:38.819 +03:00  INF]  Request starting HTTP/2 GET https://localhost:7045/swagger/v1/swagger.json - null null
[2025-09-14 13:58:38.900 +03:00  INF]  Request finished HTTP/2 GET https://localhost:7045/swagger/v1/swagger.json - 200 null application/json;charset=utf-8 81.6831ms
[2025-09-14 13:59:29.070 +03:00  INF]  Request starting HTTP/2 POST https://localhost:7045/api/Booking/GetMyBooking - application/json-patch+json 49
[2025-09-14 13:59:30.370 +03:00  INF]  CORS policy execution successful.
[2025-09-14 13:59:30.372 +03:00  INF]  Executing endpoint 'ITravel_App.Controllers.BookingController.GetMyBooking (ITravel_App)'
[2025-09-14 13:59:30.399 +03:00  INF]  Route matched with {action = "GetMyBooking", controller = "Booking"}. Executing controller action with signature System.Threading.Tasks.Task`1[Microsoft.AspNetCore.Mvc.IActionResult] GetMyBooking(ITravelApp.Data.Models.global.LangReq) on controller ITravel_App.Controllers.BookingController (ITravel_App).
[2025-09-14 13:59:32.869 +03:00  INF]  Executed DbCommand (76ms) [Parameters=[@__client_id_0='?', @__ToLower_1='?', @__ToLower_2='?'], CommandType='"Text"', CommandTimeout='30']
SELECT b.booking_code, b.booking_code_auto, b.booking_date, b.booking_datestr, b.booking_id, b.booking_notes, b.booking_status, b.booking_status_id, b.cancelation_policy, b.child_num, b.client_email, b.client_id, b.client_name, b.client_nationality, b.client_phone, b.currency_code, b.default_img, b.gift_code, b.infant_num, b.lang_code, b.pickup_address, b.pickup_time, b.release_days, b.review_rate, b.total_pax, b.total_price, b.trip_code, b.trip_code_auto, b.trip_date, b.trip_datestr, b.trip_description, b.trip_id, b.trip_name, b.trip_type
FROM bookingwithdetails AS b
WHERE b.client_id = @__client_id_0 AND lower(b.lang_code) = @__ToLower_1 AND b.currency_code = @__ToLower_2
[2025-09-14 13:59:32.900 +03:00  INF]  Executing OkObjectResult, writing value of type 'System.Collections.Generic.List`1[[ITravelApp.Data.Entities.bookingwithdetail, ITravelApp.Data, Version=1.0.0.0, Culture=neutral, PublicKeyToken=null]]'.
[2025-09-14 13:59:32.941 +03:00  INF]  Executed action ITravel_App.Controllers.BookingController.GetMyBooking (ITravel_App) in 2538.748ms
[2025-09-14 13:59:32.942 +03:00  INF]  Executed endpoint 'ITravel_App.Controllers.BookingController.GetMyBooking (ITravel_App)'
[2025-09-14 13:59:32.950 +03:00  INF]  Request finished HTTP/2 POST https://localhost:7045/api/Booking/GetMyBooking - 200 2 application/json; charset=utf-8 3880.2859ms
[2025-09-14 14:01:02.130 +03:00  INF]  Request starting HTTP/2 POST https://localhost:7045/api/Booking/SaveClientBooking - application/json-patch+json 566
[2025-09-14 14:01:02.142 +03:00  INF]  CORS policy execution successful.
[2025-09-14 14:01:02.142 +03:00  INF]  Executing endpoint 'ITravel_App.Controllers.BookingController.SaveClientBooking (ITravel_App)'
[2025-09-14 14:01:02.146 +03:00  INF]  Route matched with {action = "SaveClientBooking", controller = "Booking"}. Executing controller action with signature Microsoft.AspNetCore.Mvc.IActionResult SaveClientBooking(ITravelApp.Data.Models.Bookings.BookingCls) on controller ITravel_App.Controllers.BookingController (ITravel_App).
[2025-09-14 14:01:02.313 +03:00  INF]  Executing OkObjectResult, writing value of type 'ITravelApp.Data.Models.ResponseCls'.
[2025-09-14 14:01:02.322 +03:00  INF]  Executed action ITravel_App.Controllers.BookingController.SaveClientBooking (ITravel_App) in 176.1788ms
[2025-09-14 14:01:02.322 +03:00  INF]  Executed endpoint 'ITravel_App.Controllers.BookingController.SaveClientBooking (ITravel_App)'
[2025-09-14 14:01:02.323 +03:00  INF]  Request finished HTTP/2 POST https://localhost:7045/api/Booking/SaveClientBooking - 200 85 application/json; charset=utf-8 193.6442ms
[2025-09-14 14:01:46.665 +03:00  INF]  Request starting HTTP/2 POST https://localhost:7045/api/Booking/SaveClientBooking - application/json-patch+json 565
[2025-09-14 14:01:46.677 +03:00  INF]  CORS policy execution successful.
[2025-09-14 14:01:46.677 +03:00  INF]  Executing endpoint 'ITravel_App.Controllers.BookingController.SaveClientBooking (ITravel_App)'
[2025-09-14 14:01:46.678 +03:00  INF]  Route matched with {action = "SaveClientBooking", controller = "Booking"}. Executing controller action with signature Microsoft.AspNetCore.Mvc.IActionResult SaveClientBooking(ITravelApp.Data.Models.Bookings.BookingCls) on controller ITravel_App.Controllers.BookingController (ITravel_App).
[2025-09-14 14:01:46.745 +03:00  INF]  Executed DbCommand (6ms) [Parameters=[], CommandType='"Text"', CommandTimeout='30']
SELECT count(*)::int
FROM trips_booking AS t
[2025-09-14 14:01:46.768 +03:00  INF]  Executed DbCommand (2ms) [Parameters=[], CommandType='"Text"', CommandTimeout='30']
SELECT max(t.id)
FROM trips_booking AS t
[2025-09-14 14:01:46.976 +03:00  INF]  Executed DbCommand (18ms) [Parameters=[@p0='?' (DbType = Int64), @p1='?', @p2='?', @p3='?' (DbType = DateTime2), @p4='?', @p5='?' (DbType = Int32), @p6='?' (DbType = Int32), @p7='?', @p8='?', @p9='?', @p10='?', @p11='?', @p12='?', @p13='?', @p14='?' (DbType = Int32), @p15='?', @p16='?', @p17='?' (DbType = Int32), @p18='?' (DbType = Decimal), @p19='?', @p20='?' (DbType = DateTime2), @p21='?' (DbType = Int64), @p22='?' (DbType = Int32)], CommandType='"Text"', CommandTimeout='30']
INSERT INTO trips_booking (id, booking_code, booking_code_auto, booking_date, booking_notes, booking_status, child_num, client_email, client_id, client_name, client_nationality, client_phone, currency_code, gift_code, infant_num, pickup_address, pickup_time, total_pax, total_price, trip_code, trip_date, trip_id, trip_type)
VALUES (@p0, @p1, @p2, @p3, @p4, @p5, @p6, @p7, @p8, @p9, @p10, @p11, @p12, @p13, @p14, @p15, @p16, @p17, @p18, @p19, @p20, @p21, @p22);
[2025-09-14 14:01:46.988 +03:00  INF]  Executing OkObjectResult, writing value of type 'ITravelApp.Data.Models.ResponseCls'.
[2025-09-14 14:01:46.988 +03:00  INF]  Executed action ITravel_App.Controllers.BookingController.SaveClientBooking (ITravel_App) in 310.2274ms
[2025-09-14 14:01:46.988 +03:00  INF]  Executed endpoint 'ITravel_App.Controllers.BookingController.SaveClientBooking (ITravel_App)'
[2025-09-14 14:01:46.988 +03:00  INF]  Request finished HTTP/2 POST https://localhost:7045/api/Booking/SaveClientBooking - 200 122 application/json; charset=utf-8 323.6558ms
[2025-09-14 14:01:53.283 +03:00  INF]  Request starting HTTP/2 POST https://localhost:7045/api/Booking/GetMyBooking - application/json-patch+json 49
[2025-09-14 14:01:53.285 +03:00  INF]  CORS policy execution successful.
[2025-09-14 14:01:53.285 +03:00  INF]  Executing endpoint 'ITravel_App.Controllers.BookingController.GetMyBooking (ITravel_App)'
[2025-09-14 14:01:53.285 +03:00  INF]  Route matched with {action = "GetMyBooking", controller = "Booking"}. Executing controller action with signature System.Threading.Tasks.Task`1[Microsoft.AspNetCore.Mvc.IActionResult] GetMyBooking(ITravelApp.Data.Models.global.LangReq) on controller ITravel_App.Controllers.BookingController (ITravel_App).
[2025-09-14 14:01:53.383 +03:00  INF]  Executed DbCommand (2ms) [Parameters=[@__client_id_0='?', @__ToLower_1='?', @__ToLower_2='?'], CommandType='"Text"', CommandTimeout='30']
SELECT b.booking_code, b.booking_code_auto, b.booking_date, b.booking_datestr, b.booking_id, b.booking_notes, b.booking_status, b.booking_status_id, b.cancelation_policy, b.child_num, b.client_email, b.client_id, b.client_name, b.client_nationality, b.client_phone, b.currency_code, b.default_img, b.gift_code, b.infant_num, b.lang_code, b.pickup_address, b.pickup_time, b.release_days, b.review_rate, b.total_pax, b.total_price, b.trip_code, b.trip_code_auto, b.trip_date, b.trip_datestr, b.trip_description, b.trip_id, b.trip_name, b.trip_type
FROM bookingwithdetails AS b
WHERE b.client_id = @__client_id_0 AND lower(b.lang_code) = @__ToLower_1 AND b.currency_code = @__ToLower_2
[2025-09-14 14:01:53.383 +03:00  INF]  Executing OkObjectResult, writing value of type 'System.Collections.Generic.List`1[[ITravelApp.Data.Entities.bookingwithdetail, ITravelApp.Data, Version=1.0.0.0, Culture=neutral, PublicKeyToken=null]]'.
[2025-09-14 14:01:53.383 +03:00  INF]  Executed action ITravel_App.Controllers.BookingController.GetMyBooking (ITravel_App) in 98.3299ms
[2025-09-14 14:01:53.383 +03:00  INF]  Executed endpoint 'ITravel_App.Controllers.BookingController.GetMyBooking (ITravel_App)'
[2025-09-14 14:01:53.383 +03:00  INF]  Request finished HTTP/2 POST https://localhost:7045/api/Booking/GetMyBooking - 200 2 application/json; charset=utf-8 100.462ms
[2025-09-14 14:03:29.613 +03:00  INF]  Request starting HTTP/2 POST https://localhost:7045/api/Booking/GetMyBooking - application/json-patch+json 49
[2025-09-14 14:03:29.613 +03:00  INF]  CORS policy execution successful.
[2025-09-14 14:03:29.614 +03:00  INF]  Executing endpoint 'ITravel_App.Controllers.BookingController.GetMyBooking (ITravel_App)'
[2025-09-14 14:03:29.614 +03:00  INF]  Route matched with {action = "GetMyBooking", controller = "Booking"}. Executing controller action with signature System.Threading.Tasks.Task`1[Microsoft.AspNetCore.Mvc.IActionResult] GetMyBooking(ITravelApp.Data.Models.global.LangReq) on controller ITravel_App.Controllers.BookingController (ITravel_App).
[2025-09-14 14:03:29.648 +03:00  INF]  Executed DbCommand (33ms) [Parameters=[@__client_id_0='?', @__ToLower_1='?', @__ToLower_2='?'], CommandType='"Text"', CommandTimeout='30']
SELECT b.booking_code, b.booking_code_auto, b.booking_date, b.booking_datestr, b.booking_id, b.booking_notes, b.booking_status, b.booking_status_id, b.cancelation_policy, b.child_num, b.client_email, b.client_id, b.client_name, b.client_nationality, b.client_phone, b.currency_code, b.default_img, b.gift_code, b.infant_num, b.lang_code, b.pickup_address, b.pickup_time, b.release_days, b.review_rate, b.total_pax, b.total_price, b.trip_code, b.trip_code_auto, b.trip_date, b.trip_datestr, b.trip_description, b.trip_id, b.trip_name, b.trip_type
FROM bookingwithdetails AS b
WHERE b.client_id = @__client_id_0 AND lower(b.lang_code) = @__ToLower_1 AND b.currency_code = @__ToLower_2
[2025-09-14 14:03:29.649 +03:00  INF]  Executing OkObjectResult, writing value of type 'System.Collections.Generic.List`1[[ITravelApp.Data.Entities.bookingwithdetail, ITravelApp.Data, Version=1.0.0.0, Culture=neutral, PublicKeyToken=null]]'.
[2025-09-14 14:03:29.649 +03:00  INF]  Executed action ITravel_App.Controllers.BookingController.GetMyBooking (ITravel_App) in 35.2786ms
[2025-09-14 14:03:29.649 +03:00  INF]  Executed endpoint 'ITravel_App.Controllers.BookingController.GetMyBooking (ITravel_App)'
[2025-09-14 14:03:29.649 +03:00  INF]  Request finished HTTP/2 POST https://localhost:7045/api/Booking/GetMyBooking - 200 2 application/json; charset=utf-8 36.9399ms
[2025-09-14 14:04:12.452 +03:00  INF]  User profile is available. Using 'C:\Users\Pro\AppData\Local\ASP.NET\DataProtection-Keys' as key repository and Windows DPAPI to encrypt keys at rest.
[2025-09-14 14:04:13.184 +03:00  INF]  Now listening on: https://localhost:7045
[2025-09-14 14:04:13.184 +03:00  INF]  Now listening on: http://localhost:5124
[2025-09-14 14:04:13.361 +03:00  INF]  Application started. Press Ctrl+C to shut down.
[2025-09-14 14:04:13.361 +03:00  INF]  Hosting environment: Development
[2025-09-14 14:04:13.362 +03:00  INF]  Content root path: D:\horizen\api\ITravel_App\ITravel_App
[2025-09-14 14:04:13.809 +03:00  INF]  Request starting HTTP/2 GET https://localhost:7045/swagger/index.html - null null
[2025-09-14 14:04:14.140 +03:00  INF]  Request finished HTTP/2 GET https://localhost:7045/swagger/index.html - 200 null text/html;charset=utf-8 343.1984ms
[2025-09-14 14:04:14.483 +03:00  INF]  Request starting HTTP/2 GET https://localhost:7045/_framework/aspnetcore-browser-refresh.js - null null
[2025-09-14 14:04:14.494 +03:00  INF]  Request finished HTTP/2 GET https://localhost:7045/_framework/aspnetcore-browser-refresh.js - 200 16507 application/javascript; charset=utf-8 11.5668ms
[2025-09-14 14:04:14.522 +03:00  INF]  Request starting HTTP/2 GET https://localhost:7045/_vs/browserLink - null null
[2025-09-14 14:04:14.578 +03:00  INF]  Request finished HTTP/2 GET https://localhost:7045/_vs/browserLink - 200 null text/javascript; charset=UTF-8 56.0712ms
[2025-09-14 14:04:15.052 +03:00  INF]  Request starting HTTP/2 GET https://localhost:7045/swagger/v1/swagger.json - null null
[2025-09-14 14:04:15.155 +03:00  INF]  Request finished HTTP/2 GET https://localhost:7045/swagger/v1/swagger.json - 200 null application/json;charset=utf-8 102.6043ms
[2025-09-14 14:05:02.006 +03:00  INF]  Request starting HTTP/2 POST https://localhost:7045/api/Booking/GetMyBooking - application/json-patch+json 49
[2025-09-14 14:05:03.413 +03:00  INF]  CORS policy execution successful.
[2025-09-14 14:05:03.416 +03:00  INF]  Executing endpoint 'ITravel_App.Controllers.BookingController.GetMyBooking (ITravel_App)'
[2025-09-14 14:05:03.451 +03:00  INF]  Route matched with {action = "GetMyBooking", controller = "Booking"}. Executing controller action with signature System.Threading.Tasks.Task`1[Microsoft.AspNetCore.Mvc.IActionResult] GetMyBooking(ITravelApp.Data.Models.global.LangReq) on controller ITravel_App.Controllers.BookingController (ITravel_App).
[2025-09-14 14:05:05.710 +03:00  INF]  Executed DbCommand (65ms) [Parameters=[@__client_id_0='?', @__ToLower_1='?', @__ToLower_2='?'], CommandType='"Text"', CommandTimeout='30']
SELECT b.booking_code, b.booking_code_auto, b.booking_date, b.booking_datestr, b.booking_id, b.booking_notes, b.booking_status, b.booking_status_id, b.cancelation_policy, b.child_num, b.client_email, b.client_id, b.client_name, b.client_nationality, b.client_phone, b.currency_code, b.default_img, b.gift_code, b.infant_num, b.lang_code, b.pickup_address, b.pickup_time, b.release_days, b.review_rate, b.total_pax, b.total_price, b.trip_code, b.trip_code_auto, b.trip_date, b.trip_datestr, b.trip_description, b.trip_id, b.trip_name, b.trip_type
FROM bookingwithdetails AS b
WHERE b.client_id = @__client_id_0 AND lower(b.lang_code) = @__ToLower_1 AND lower(b.currency_code) = @__ToLower_2
[2025-09-14 14:05:05.756 +03:00  INF]  Executing OkObjectResult, writing value of type 'System.Collections.Generic.List`1[[ITravelApp.Data.Entities.bookingwithdetail, ITravelApp.Data, Version=1.0.0.0, Culture=neutral, PublicKeyToken=null]]'.
[2025-09-14 14:05:05.820 +03:00  INF]  Executed action ITravel_App.Controllers.BookingController.GetMyBooking (ITravel_App) in 2364.7842ms
[2025-09-14 14:05:05.820 +03:00  INF]  Executed endpoint 'ITravel_App.Controllers.BookingController.GetMyBooking (ITravel_App)'
[2025-09-14 14:05:05.828 +03:00  INF]  Request finished HTTP/2 POST https://localhost:7045/api/Booking/GetMyBooking - 200 1762 application/json; charset=utf-8 3822.2936ms
[2025-09-14 14:08:34.917 +03:00  INF]  User profile is available. Using 'C:\Users\Pro\AppData\Local\ASP.NET\DataProtection-Keys' as key repository and Windows DPAPI to encrypt keys at rest.
[2025-09-14 14:08:35.337 +03:00  INF]  Now listening on: https://localhost:7045
[2025-09-14 14:08:35.338 +03:00  INF]  Now listening on: http://localhost:5124
[2025-09-14 14:08:35.588 +03:00  INF]  Application started. Press Ctrl+C to shut down.
[2025-09-14 14:08:35.588 +03:00  INF]  Hosting environment: Development
[2025-09-14 14:08:35.588 +03:00  INF]  Content root path: D:\horizen\api\ITravel_App\ITravel_App
[2025-09-14 14:08:36.160 +03:00  INF]  Request starting HTTP/2 GET https://localhost:7045/swagger/index.html - null null
[2025-09-14 14:08:36.529 +03:00  INF]  Request starting HTTP/2 GET https://localhost:7045/_framework/aspnetcore-browser-refresh.js - null null
[2025-09-14 14:08:36.545 +03:00  INF]  Request starting HTTP/2 GET https://localhost:7045/_vs/browserLink - null null
[2025-09-14 14:08:36.561 +03:00  INF]  Request finished HTTP/2 GET https://localhost:7045/_framework/aspnetcore-browser-refresh.js - 200 16507 application/javascript; charset=utf-8 29.7944ms
[2025-09-14 14:08:36.592 +03:00  INF]  Request finished HTTP/2 GET https://localhost:7045/swagger/index.html - 200 null text/html;charset=utf-8 383.1988ms
[2025-09-14 14:08:36.735 +03:00  INF]  Request finished HTTP/2 GET https://localhost:7045/_vs/browserLink - 200 null text/javascript; charset=UTF-8 190.5088ms
[2025-09-14 14:08:36.929 +03:00  INF]  Request starting HTTP/2 GET https://localhost:7045/swagger/v1/swagger.json - null null
[2025-09-14 14:08:37.037 +03:00  INF]  Request finished HTTP/2 GET https://localhost:7045/swagger/v1/swagger.json - 200 null application/json;charset=utf-8 107.9195ms
[2025-09-14 14:09:29.709 +03:00  INF]  Request starting HTTP/2 POST https://localhost:7045/api/Booking/GetMyBooking - application/json-patch+json 49
[2025-09-14 14:09:29.874 +03:00  INF]  CORS policy execution successful.
[2025-09-14 14:09:29.876 +03:00  INF]  Executing endpoint 'ITravel_App.Controllers.BookingController.GetMyBooking (ITravel_App)'
[2025-09-14 14:09:29.905 +03:00  INF]  Route matched with {action = "GetMyBooking", controller = "Booking"}. Executing controller action with signature System.Threading.Tasks.Task`1[Microsoft.AspNetCore.Mvc.IActionResult] GetMyBooking(ITravelApp.Data.Models.global.LangReq) on controller ITravel_App.Controllers.BookingController (ITravel_App).
[2025-09-14 14:09:31.407 +03:00  INF]  Executing OkObjectResult, writing value of type 'System.Collections.Generic.List`1[[ITravelApp.Data.Models.Bookings.Client.BookingSummary, ITravelApp.Data, Version=1.0.0.0, Culture=neutral, PublicKeyToken=null]]'.
[2025-09-14 14:09:31.439 +03:00  INF]  Executed action ITravel_App.Controllers.BookingController.GetMyBooking (ITravel_App) in 1527.45ms
[2025-09-14 14:09:31.439 +03:00  INF]  Executed endpoint 'ITravel_App.Controllers.BookingController.GetMyBooking (ITravel_App)'
[2025-09-14 14:09:31.452 +03:00  INF]  Request finished HTTP/2 POST https://localhost:7045/api/Booking/GetMyBooking - 200 2 application/json; charset=utf-8 1743.0306ms
[2025-09-14 14:10:04.884 +03:00  INF]  Request starting HTTP/2 POST https://localhost:7045/api/Booking/GetMyBooking - application/json-patch+json 49
[2025-09-14 14:10:04.899 +03:00  INF]  CORS policy execution successful.
[2025-09-14 14:10:04.899 +03:00  INF]  Executing endpoint 'ITravel_App.Controllers.BookingController.GetMyBooking (ITravel_App)'
[2025-09-14 14:10:04.899 +03:00  INF]  Route matched with {action = "GetMyBooking", controller = "Booking"}. Executing controller action with signature System.Threading.Tasks.Task`1[Microsoft.AspNetCore.Mvc.IActionResult] GetMyBooking(ITravelApp.Data.Models.global.LangReq) on controller ITravel_App.Controllers.BookingController (ITravel_App).
[2025-09-14 14:10:04.962 +03:00  INF]  Executing OkObjectResult, writing value of type 'System.Collections.Generic.List`1[[ITravelApp.Data.Models.Bookings.Client.BookingSummary, ITravelApp.Data, Version=1.0.0.0, Culture=neutral, PublicKeyToken=null]]'.
[2025-09-14 14:10:04.963 +03:00  INF]  Executed action ITravel_App.Controllers.BookingController.GetMyBooking (ITravel_App) in 61.5627ms
[2025-09-14 14:10:04.963 +03:00  INF]  Executed endpoint 'ITravel_App.Controllers.BookingController.GetMyBooking (ITravel_App)'
[2025-09-14 14:10:04.963 +03:00  INF]  Request finished HTTP/2 POST https://localhost:7045/api/Booking/GetMyBooking - 200 2 application/json; charset=utf-8 79.0998ms
[2025-09-14 14:10:27.694 +03:00  INF]  Request starting HTTP/2 POST https://localhost:7045/api/Booking/GetMyBooking - application/json-patch+json 49
[2025-09-14 14:10:27.715 +03:00  INF]  CORS policy execution successful.
[2025-09-14 14:10:27.715 +03:00  INF]  Executing endpoint 'ITravel_App.Controllers.BookingController.GetMyBooking (ITravel_App)'
[2025-09-14 14:10:27.715 +03:00  INF]  Route matched with {action = "GetMyBooking", controller = "Booking"}. Executing controller action with signature System.Threading.Tasks.Task`1[Microsoft.AspNetCore.Mvc.IActionResult] GetMyBooking(ITravelApp.Data.Models.global.LangReq) on controller ITravel_App.Controllers.BookingController (ITravel_App).
[2025-09-14 14:11:45.432 +03:00  INF]  User profile is available. Using 'C:\Users\Pro\AppData\Local\ASP.NET\DataProtection-Keys' as key repository and Windows DPAPI to encrypt keys at rest.
[2025-09-14 14:11:46.062 +03:00  INF]  Now listening on: https://localhost:7045
[2025-09-14 14:11:46.063 +03:00  INF]  Now listening on: http://localhost:5124
[2025-09-14 14:11:46.626 +03:00  INF]  Application started. Press Ctrl+C to shut down.
[2025-09-14 14:11:46.636 +03:00  INF]  Hosting environment: Development
[2025-09-14 14:11:46.636 +03:00  INF]  Content root path: D:\horizen\api\ITravel_App\ITravel_App
[2025-09-14 14:11:47.025 +03:00  INF]  Request starting HTTP/2 GET https://localhost:7045/swagger/index.html - null null
[2025-09-14 14:11:47.352 +03:00  INF]  Request finished HTTP/2 GET https://localhost:7045/swagger/index.html - 200 null text/html;charset=utf-8 341.5249ms
[2025-09-14 14:11:47.403 +03:00  INF]  Request starting HTTP/2 GET https://localhost:7045/_framework/aspnetcore-browser-refresh.js - null null
[2025-09-14 14:11:47.404 +03:00  INF]  Request starting HTTP/2 GET https://localhost:7045/_vs/browserLink - null null
[2025-09-14 14:11:47.432 +03:00  INF]  Request finished HTTP/2 GET https://localhost:7045/_framework/aspnetcore-browser-refresh.js - 200 16507 application/javascript; charset=utf-8 28.5358ms
[2025-09-14 14:11:47.555 +03:00  INF]  Request finished HTTP/2 GET https://localhost:7045/_vs/browserLink - 200 null text/javascript; charset=UTF-8 150.9051ms
[2025-09-14 14:11:47.676 +03:00  INF]  Request starting HTTP/2 GET https://localhost:7045/swagger/v1/swagger.json - null null
[2025-09-14 14:11:47.786 +03:00  INF]  Request finished HTTP/2 GET https://localhost:7045/swagger/v1/swagger.json - 200 null application/json;charset=utf-8 110.286ms
[2025-09-14 14:12:55.980 +03:00  INF]  Request starting HTTP/2 POST https://localhost:7045/api/Booking/GetMyBooking - application/json-patch+json 49
[2025-09-14 14:12:56.160 +03:00  INF]  CORS policy execution successful.
[2025-09-14 14:12:56.162 +03:00  INF]  Executing endpoint 'ITravel_App.Controllers.BookingController.GetMyBooking (ITravel_App)'
[2025-09-14 14:12:56.197 +03:00  INF]  Route matched with {action = "GetMyBooking", controller = "Booking"}. Executing controller action with signature System.Threading.Tasks.Task`1[Microsoft.AspNetCore.Mvc.IActionResult] GetMyBooking(ITravelApp.Data.Models.global.LangReq) on controller ITravel_App.Controllers.BookingController (ITravel_App).
[2025-09-14 14:13:03.015 +03:00  INF]  Executed DbCommand (96ms) [Parameters=[@__client_id_0='?', @__ToLower_1='?', @__ToLower_2='?'], CommandType='"Text"', CommandTimeout='30']
SELECT b.booking_code, b.booking_code_auto, b.booking_date, b.booking_datestr, b.booking_id, b.booking_notes, b.booking_status, b.booking_status_id, b.cancelation_policy, b.child_num, b.client_email, b.client_id, b.client_name, b.client_nationality, b.client_phone, b.currency_code, b.default_img, b.gift_code, b.infant_num, b.lang_code, b.pickup_address, b.pickup_time, b.release_days, b.review_rate, b.total_pax, b.total_price, b.trip_code, b.trip_code_auto, b.trip_date, b.trip_datestr, b.trip_description, b.trip_id, b.trip_name, b.trip_type
FROM bookingwithdetails AS b
WHERE b.client_id = @__client_id_0 AND lower(b.lang_code) = @__ToLower_1 AND lower(b.currency_code) = @__ToLower_2
[2025-09-14 14:13:03.180 +03:00  INF]  Executed DbCommand (10ms) [Parameters=[@__ToLower_1='?', @__booking_id_0='?' (DbType = Int64)], CommandType='"Text"', CommandTimeout='30']
SELECT b.extra_id, b.booking_id, b.extra_count, f0.facility_name AS extra_name, f1.extra_price, b.id
FROM booking_extra AS b
INNER JOIN (
    SELECT f.facility_id, f.facility_name
    FROM facility_translations AS f
    WHERE lower(f.lang_code) = @__ToLower_1
) AS f0 ON b.extra_id = f0.facility_id
INNER JOIN facility_main AS f1 ON f0.facility_id = f1.id
WHERE b.booking_id = @__booking_id_0
[2025-09-14 14:13:03.193 +03:00  INF]  Executed DbCommand (1ms) [Parameters=[@__ToLower_1='?', @__booking_id_0='?' (DbType = Int64)], CommandType='"Text"', CommandTimeout='30']
SELECT b.extra_id, b.booking_id, b.extra_count, f0.facility_name AS extra_name, f1.extra_price, b.id
FROM booking_extra AS b
INNER JOIN (
    SELECT f.facility_id, f.facility_name
    FROM facility_translations AS f
    WHERE lower(f.lang_code) = @__ToLower_1
) AS f0 ON b.extra_id = f0.facility_id
INNER JOIN facility_main AS f1 ON f0.facility_id = f1.id
WHERE b.booking_id = @__booking_id_0
[2025-09-14 14:13:03.209 +03:00  INF]  Executing OkObjectResult, writing value of type 'System.Collections.Generic.List`1[[ITravelApp.Data.Models.Bookings.Client.BookingSummary, ITravelApp.Data, Version=1.0.0.0, Culture=neutral, PublicKeyToken=null]]'.
[2025-09-14 14:13:03.275 +03:00  INF]  Executed action ITravel_App.Controllers.BookingController.GetMyBooking (ITravel_App) in 7074.9634ms
[2025-09-14 14:13:03.275 +03:00  INF]  Executed endpoint 'ITravel_App.Controllers.BookingController.GetMyBooking (ITravel_App)'
[2025-09-14 14:13:03.287 +03:00  INF]  Request finished HTTP/2 POST https://localhost:7045/api/Booking/GetMyBooking - 200 1786 application/json; charset=utf-8 7306.8081ms
